<?xml version='1.0'?>
<ns2:test-suite xmlns:ns2='urn:model.allure.qatools.yandex.ru' start='1603130122712' stop='1603130156669'>
    <name>Verifying basemap components</name>
    <title>Verifying basemap components</title>
    <test-cases>
        <test-case start='1603130122712' status='failed' stop='1603130156667'>
            <name>Should verify different components of the basemap</name>
            <title>Should verify different components of the basemap</title>
            <labels>
                <label name='language' value='javascript'/>
                <label name='framework' value='wdio'/>
                <label name='thread' value='0-0'/>
            </labels>
            <parameters>
                <parameter kind='argument' name='browser' value='chrome'/>
            </parameters>
            <steps/>
            <attachments/>
            <failure>
                <message>expected 1.29 to equal 0</message>
                <stack-trace>AssertionError: expected 1.29 to equal 0
                    at Context.&lt;anonymous> (C:\Users\Alok's\Documents\UGI Automated testscripts\test\basemap.test.js:20:67)
                    at Context.executeSync (C:\Users\Alok's\Documents\UGI Automated testscripts\node_modules\@wdio\sync\build\index.js:56:18)
                    at C:\Users\Alok's\Documents\UGI Automated testscripts\node_modules\@wdio\sync\build\index.js:82:70</stack-trace>
            </failure>
        </test-case>
    </test-cases>
</ns2:test-suite>