<?xml version='1.0'?>
<ns2:test-suite xmlns:ns2='urn:model.allure.qatools.yandex.ru' start='1602003778088' stop='1602003856805'>
    <name>Verifying print functionality</name>
    <title>Verifying print functionality</title>
    <test-cases>
        <test-case start='1602003778089' status='failed' stop='1602003856802'>
            <name>Should display a new pdf tab for print</name>
            <title>Should display a new pdf tab for print</title>
            <labels>
                <label name='language' value='javascript'/>
                <label name='framework' value='wdio'/>
                <label name='thread' value='0-0'/>
            </labels>
            <parameters>
                <parameter kind='argument' name='browser' value='chrome'/>
            </parameters>
            <steps/>
            <attachments/>
            <failure>
                <message>expected 98.17 to equal 0</message>
                <stack-trace>AssertionError: expected 98.17 to equal 0
                    at Context.&lt;anonymous> (C:\Users\Alok's\Documents\UGI Automated testscripts\test\print.test.js:18:62)
                    at Context.executeSync (C:\Users\Alok's\Documents\UGI Automated testscripts\node_modules\@wdio\sync\build\index.js:56:18)
                    at C:\Users\Alok's\Documents\UGI Automated testscripts\node_modules\@wdio\sync\build\index.js:82:70</stack-trace>
            </failure>
        </test-case>
    </test-cases>
</ns2:test-suite>