<?xml version="1.0" encoding="UTF-8"?>
<testsuites>
  <testsuite name="Verifying_measure_functionality" timestamp="2020-09-12T01:18:52" time="74.894" tests="1" failures="0" errors="0" skipped="0">
    <properties>
      <property name="specId" value="0"/>
      <property name="suiteName" value="Verifying measure functionality"/>
      <property name="capabilities" value="chrome.85_0_4183_102.windows"/>
      <property name="file" value=".\test\measure.test.js"/>
    </properties>
    <testcase classname="chrome.85_0_4183_102.windows.Verifying_measure_functionality" name="Measure_area_linear_distance_and_location" time="74.891">
      <system-out>
        <![CDATA[
COMMAND: POST /session/62713aeece5090850678beaeb5fde6b3/element - {"using":"css selector","value":"#searchButton"}
RESULT: {"using":"xpath","value":"//*[@id=\"agsjs_dijit__TOCNode_54\"]/div[1]/span/span[2]"}
RESULT: {"using":"css selector","value":"#searchButton"}
COMMAND: POST /session/62713aeece5090850678beaeb5fde6b3/element/e448eb8d-8a44-4e33-8540-1091bcf00477/click - {}
RESULT: {}
COMMAND: POST /session/62713aeece5090850678beaeb5fde6b3/element - {"using":"css selector","value":"#searchBox"}
RESULT: {"using":"css selector","value":"#searchBox"}
COMMAND: POST /session/62713aeece5090850678beaeb5fde6b3/element/e7421d43-9c5a-4cd3-b388-98725021b652/value - {"text":"205 Gaul Rd Sinking Spring, PA 19608"}
RESULT: {"text":"205 Gaul Rd Sinking Spring, PA 19608"}
COMMAND: POST /session/62713aeece5090850678beaeb5fde6b3/element - {"using":"css selector","value":"#searchWidgetButton"}
RESULT: {"using":"css selector","value":"#searchWidgetButton"}
COMMAND: POST /session/62713aeece5090850678beaeb5fde6b3/element/f6ecd9d7-24aa-4b2f-8aa4-b0970bcfd128/click - {}
RESULT: {}
COMMAND: POST /session/62713aeece5090850678beaeb5fde6b3/element - {"using":"xpath","value":"//*[@id=\"kendoSearchGrid\"]/div[4]/table/tbody/tr"}
RESULT: {"using":"xpath","value":"//*[@id=\"kendoSearchGrid\"]/div[4]/table/tbody/tr"}
COMMAND: POST /session/62713aeece5090850678beaeb5fde6b3/elements - {"using":"xpath","value":"//*[@id=\"kendoSearchGrid\"]/div[4]/table/tbody/tr"}
RESULT: {"using":"xpath","value":"//*[@id=\"kendoSearchGrid\"]/div[4]/table/tbody/tr"}
COMMAND: POST /session/62713aeece5090850678beaeb5fde6b3/elements - {"using":"xpath","value":"//*[@id=\"kendoSearchGrid\"]/div[4]/table/tbody/tr"}
RESULT: {"using":"xpath","value":"//*[@id=\"kendoSearchGrid\"]/div[4]/table/tbody/tr"}
COMMAND: POST /session/62713aeece5090850678beaeb5fde6b3/elements - {"using":"xpath","value":"//*[@id=\"kendoSearchGrid\"]/div[4]/table/tbody/tr"}
RESULT: {"using":"xpath","value":"//*[@id=\"kendoSearchGrid\"]/div[4]/table/tbody/tr"}
COMMAND: POST /session/62713aeece5090850678beaeb5fde6b3/element - {"using":"xpath","value":"//*[@id=\"kendoSearchGrid\"]/div[4]/table/tbody/tr"}
RESULT: {"using":"xpath","value":"//*[@id=\"kendoSearchGrid\"]/div[4]/table/tbody/tr"}
COMMAND: POST /session/62713aeece5090850678beaeb5fde6b3/element/15103cbe-5a2f-45a0-b258-03e8f11b395b/click - {}
RESULT: {}
COMMAND: POST /session/62713aeece5090850678beaeb5fde6b3/element - {"using":"xpath","value":"/html/body/div[12]/div[1]/div/a[2]/span"}
RESULT: {"using":"xpath","value":"/html/body/div[12]/div[1]/div/a[2]/span"}
COMMAND: POST /session/62713aeece5090850678beaeb5fde6b3/elements - {"using":"xpath","value":"/html/body/div[12]/div[1]/div/a[2]/span"}
RESULT: {"using":"xpath","value":"/html/body/div[12]/div[1]/div/a[2]/span"}
COMMAND: POST /session/62713aeece5090850678beaeb5fde6b3/elements - {"using":"xpath","value":"/html/body/div[12]/div[1]/div/a[2]/span"}
RESULT: {"using":"xpath","value":"/html/body/div[12]/div[1]/div/a[2]/span"}
COMMAND: POST /session/62713aeece5090850678beaeb5fde6b3/element - {"using":"xpath","value":"/html/body/div[12]/div[1]/div/a[2]/span"}
RESULT: {"using":"xpath","value":"/html/body/div[12]/div[1]/div/a[2]/span"}
COMMAND: POST /session/62713aeece5090850678beaeb5fde6b3/element/edcd8b47-ae00-4ac3-ad3a-da38641580a6/click - {}
RESULT: {}
COMMAND: POST /session/62713aeece5090850678beaeb5fde6b3/element - {"using":"css selector","value":"#measureButton_label"}
RESULT: {"using":"css selector","value":"#measureButton_label"}
COMMAND: POST /session/62713aeece5090850678beaeb5fde6b3/element/1d799004-1e10-42dd-94bb-a7c659f6d14b/click - {}
RESULT: {}
COMMAND: POST /session/62713aeece5090850678beaeb5fde6b3/element - {"using":"xpath","value":"//*[@id=\"dijit_form_ToggleButton_0\"]/span[1]"}
RESULT: {"using":"xpath","value":"//*[@id=\"dijit_form_ToggleButton_0\"]/span[1]"}
COMMAND: POST /session/62713aeece5090850678beaeb5fde6b3/element/14919357-99c6-496a-acd8-3f241e6b0870/click - {}
RESULT: {}
COMMAND: POST /session/62713aeece5090850678beaeb5fde6b3/element - {"using":"css selector","value":"#UGICreateLeadButton_label"}
RESULT: {"using":"css selector","value":"#UGICreateLeadButton_label"}
COMMAND: POST /session/62713aeece5090850678beaeb5fde6b3/actions - {"actions":[{"type":"pointer","id":"pointer1","parameters":{"pointerType":"mouse"},"actions":[{"type":"pointerMove","origin":{"sessionId":"62713aeece5090850678beaeb5fde6b3","elementId":"c1b99cb0-4fd2-4e1d-8fff-1cce2baf410d","element-6066-11e4-a52e-4f735466cecf":"c1b99cb0-4fd2-4e1d-8fff-1cce2baf410d","selector":"#UGICreateLeadButton_label","parent":{"capabilities":{"acceptInsecureCerts":false,"browserName":"chrome","browserVersion":"85.0.4183.102","chrome":{"chromedriverVersion":"84.0.4147.30 (48b3e868b4cc0aa7e8149519690b6f6949e110a8-refs/branch-heads/4147@{#310})","userDataDir":"C:\\Users\\Alok's\\AppData\\Local\\Temp\\scoped_dir13932_222969105"},"goog:chromeOptions":{"debuggerAddress":"localhost:54283"},"networkConnectionEnabled":false,"pageLoadStrategy":"normal","platformName":"windows","proxy":{},"setWindowRect":true,"_":"5 more keys: [\"strictFileInteractability\",\"timeouts\",\"unhandledPromptBehavior\",\"webauthn:virtualAuthenticators\",\"webdriver.remote.sessionid\"]"},"config":{"specs":["./test/**/*.js"],"suites":{},"exclude":[],"logLevel":"info","logLevels":{},"excludeDriverLogs":[],"bail":0,"waitforInterval":500,"waitforTimeout":300000,"framework":"mocha","_":"40 more keys: [\"reporters\",\"services\",\"maxInstances\",\"maxInstancesPerCapability\",\"filesToWatch\",\"connectionRetryTimeout\",\"connectionRetryCount\",\"execArgv\",\"runnerEnv\",\"runner\",\"mochaOpts\",\"jasmineNodeOpts\",\"cucumberOpts\",\"onPrepare\",\"onWorkerStart\",\"before\",\"beforeSession\",\"beforeSuite\",\"beforeHook\",\"beforeTest\",\"beforeCommand\",\"afterCommand\",\"afterTest\",\"afterHook\",\"afterSuite\",\"afterSession\",\"after\",\"onComplete\",\"onReload\",\"beforeFeature\",\"beforeScenario\",\"beforeStep\",\"afterStep\",\"afterScenario\",\"afterFeature\",\"baseUrl\",\"_\",\"$0\",\"ignoredWorkerServices\",\"specFileRetryAttempts\"]"},"_NOT_FIBER":true},"isReactElement":false,"_NOT_FIBER":false},"x":227,"y":295},{"type":"pointerDown","button":0},{"type":"pointerUp","button":0}]}]}
RESULT: {"actions":[{"type":"pointer","id":"pointer1","parameters":{"pointerType":"mouse"},"actions":[{"type":"pointerMove","origin":{"sessionId":"62713aeece5090850678beaeb5fde6b3","elementId":"c1b99cb0-4fd2-4e1d-8fff-1cce2baf410d","element-6066-11e4-a52e-4f735466cecf":"c1b99cb0-4fd2-4e1d-8fff-1cce2baf410d","selector":"#UGICreateLeadButton_label","parent":{"capabilities":{"acceptInsecureCerts":false,"browserName":"chrome","browserVersion":"85.0.4183.102","chrome":{"chromedriverVersion":"84.0.4147.30 (48b3e868b4cc0aa7e8149519690b6f6949e110a8-refs/branch-heads/4147@{#310})","userDataDir":"C:\\Users\\Alok's\\AppData\\Local\\Temp\\scoped_dir13932_222969105"},"goog:chromeOptions":{"debuggerAddress":"localhost:54283"},"networkConnectionEnabled":false,"pageLoadStrategy":"normal","platformName":"windows","proxy":{},"setWindowRect":true,"_":"5 more keys: [\"strictFileInteractability\",\"timeouts\",\"unhandledPromptBehavior\",\"webauthn:virtualAuthenticators\",\"webdriver.remote.sessionid\"]"},"config":{"specs":["./test/**/*.js"],"suites":{},"exclude":[],"logLevel":"info","logLevels":{},"excludeDriverLogs":[],"bail":0,"waitforInterval":500,"waitforTimeout":300000,"framework":"mocha","_":"40 more keys: [\"reporters\",\"services\",\"maxInstances\",\"maxInstancesPerCapability\",\"filesToWatch\",\"connectionRetryTimeout\",\"connectionRetryCount\",\"execArgv\",\"runnerEnv\",\"runner\",\"mochaOpts\",\"jasmineNodeOpts\",\"cucumberOpts\",\"onPrepare\",\"onWorkerStart\",\"before\",\"beforeSession\",\"beforeSuite\",\"beforeHook\",\"beforeTest\",\"beforeCommand\",\"afterCommand\",\"afterTest\",\"afterHook\",\"afterSuite\",\"afterSession\",\"after\",\"onComplete\",\"onReload\",\"beforeFeature\",\"beforeScenario\",\"beforeStep\",\"afterStep\",\"afterScenario\",\"afterFeature\",\"baseUrl\",\"_\",\"$0\",\"ignoredWorkerServices\",\"specFileRetryAttempts\"]"},"_NOT_FIBER":true},"isReactElement":false,"_NOT_FIBER":false},"x":227,"y":295},{"type":"pointerDown","button":0},{"type":"pointerUp","button":0}]}]}
COMMAND: DELETE /session/62713aeece5090850678beaeb5fde6b3/actions - {}
RESULT: {}
COMMAND: POST /session/62713aeece5090850678beaeb5fde6b3/actions - {"actions":[{"type":"pointer","id":"pointer1","parameters":{"pointerType":"mouse"},"actions":[{"type":"pointerMove","origin":{"sessionId":"62713aeece5090850678beaeb5fde6b3","elementId":"c1b99cb0-4fd2-4e1d-8fff-1cce2baf410d","element-6066-11e4-a52e-4f735466cecf":"c1b99cb0-4fd2-4e1d-8fff-1cce2baf410d","selector":"#UGICreateLeadButton_label","parent":{"capabilities":{"acceptInsecureCerts":false,"browserName":"chrome","browserVersion":"85.0.4183.102","chrome":{"chromedriverVersion":"84.0.4147.30 (48b3e868b4cc0aa7e8149519690b6f6949e110a8-refs/branch-heads/4147@{#310})","userDataDir":"C:\\Users\\Alok's\\AppData\\Local\\Temp\\scoped_dir13932_222969105"},"goog:chromeOptions":{"debuggerAddress":"localhost:54283"},"networkConnectionEnabled":false,"pageLoadStrategy":"normal","platformName":"windows","proxy":{},"setWindowRect":true,"_":"5 more keys: [\"strictFileInteractability\",\"timeouts\",\"unhandledPromptBehavior\",\"webauthn:virtualAuthenticators\",\"webdriver.remote.sessionid\"]"},"config":{"specs":["./test/**/*.js"],"suites":{},"exclude":[],"logLevel":"info","logLevels":{},"excludeDriverLogs":[],"bail":0,"waitforInterval":500,"waitforTimeout":300000,"framework":"mocha","_":"40 more keys: [\"reporters\",\"services\",\"maxInstances\",\"maxInstancesPerCapability\",\"filesToWatch\",\"connectionRetryTimeout\",\"connectionRetryCount\",\"execArgv\",\"runnerEnv\",\"runner\",\"mochaOpts\",\"jasmineNodeOpts\",\"cucumberOpts\",\"onPrepare\",\"onWorkerStart\",\"before\",\"beforeSession\",\"beforeSuite\",\"beforeHook\",\"beforeTest\",\"beforeCommand\",\"afterCommand\",\"afterTest\",\"afterHook\",\"afterSuite\",\"afterSession\",\"after\",\"onComplete\",\"onReload\",\"beforeFeature\",\"beforeScenario\",\"beforeStep\",\"afterStep\",\"afterScenario\",\"afterFeature\",\"baseUrl\",\"_\",\"$0\",\"ignoredWorkerServices\",\"specFileRetryAttempts\"]"},"_NOT_FIBER":true},"isReactElement":false,"_NOT_FIBER":false},"x":500,"y":295},{"type":"pointerDown","button":0},{"type":"pointerUp","button":0}]}]}
RESULT: {"actions":[{"type":"pointer","id":"pointer1","parameters":{"pointerType":"mouse"},"actions":[{"type":"pointerMove","origin":{"sessionId":"62713aeece5090850678beaeb5fde6b3","elementId":"c1b99cb0-4fd2-4e1d-8fff-1cce2baf410d","element-6066-11e4-a52e-4f735466cecf":"c1b99cb0-4fd2-4e1d-8fff-1cce2baf410d","selector":"#UGICreateLeadButton_label","parent":{"capabilities":{"acceptInsecureCerts":false,"browserName":"chrome","browserVersion":"85.0.4183.102","chrome":{"chromedriverVersion":"84.0.4147.30 (48b3e868b4cc0aa7e8149519690b6f6949e110a8-refs/branch-heads/4147@{#310})","userDataDir":"C:\\Users\\Alok's\\AppData\\Local\\Temp\\scoped_dir13932_222969105"},"goog:chromeOptions":{"debuggerAddress":"localhost:54283"},"networkConnectionEnabled":false,"pageLoadStrategy":"normal","platformName":"windows","proxy":{},"setWindowRect":true,"_":"5 more keys: [\"strictFileInteractability\",\"timeouts\",\"unhandledPromptBehavior\",\"webauthn:virtualAuthenticators\",\"webdriver.remote.sessionid\"]"},"config":{"specs":["./test/**/*.js"],"suites":{},"exclude":[],"logLevel":"info","logLevels":{},"excludeDriverLogs":[],"bail":0,"waitforInterval":500,"waitforTimeout":300000,"framework":"mocha","_":"40 more keys: [\"reporters\",\"services\",\"maxInstances\",\"maxInstancesPerCapability\",\"filesToWatch\",\"connectionRetryTimeout\",\"connectionRetryCount\",\"execArgv\",\"runnerEnv\",\"runner\",\"mochaOpts\",\"jasmineNodeOpts\",\"cucumberOpts\",\"onPrepare\",\"onWorkerStart\",\"before\",\"beforeSession\",\"beforeSuite\",\"beforeHook\",\"beforeTest\",\"beforeCommand\",\"afterCommand\",\"afterTest\",\"afterHook\",\"afterSuite\",\"afterSession\",\"after\",\"onComplete\",\"onReload\",\"beforeFeature\",\"beforeScenario\",\"beforeStep\",\"afterStep\",\"afterScenario\",\"afterFeature\",\"baseUrl\",\"_\",\"$0\",\"ignoredWorkerServices\",\"specFileRetryAttempts\"]"},"_NOT_FIBER":true},"isReactElement":false,"_NOT_FIBER":false},"x":500,"y":295},{"type":"pointerDown","button":0},{"type":"pointerUp","button":0}]}]}
COMMAND: DELETE /session/62713aeece5090850678beaeb5fde6b3/actions - {}
RESULT: {}
COMMAND: POST /session/62713aeece5090850678beaeb5fde6b3/actions - {"actions":[{"type":"pointer","id":"pointer1","parameters":{"pointerType":"mouse"},"actions":[{"type":"pointerMove","origin":{"sessionId":"62713aeece5090850678beaeb5fde6b3","elementId":"c1b99cb0-4fd2-4e1d-8fff-1cce2baf410d","element-6066-11e4-a52e-4f735466cecf":"c1b99cb0-4fd2-4e1d-8fff-1cce2baf410d","selector":"#UGICreateLeadButton_label","parent":{"capabilities":{"acceptInsecureCerts":false,"browserName":"chrome","browserVersion":"85.0.4183.102","chrome":{"chromedriverVersion":"84.0.4147.30 (48b3e868b4cc0aa7e8149519690b6f6949e110a8-refs/branch-heads/4147@{#310})","userDataDir":"C:\\Users\\Alok's\\AppData\\Local\\Temp\\scoped_dir13932_222969105"},"goog:chromeOptions":{"debuggerAddress":"localhost:54283"},"networkConnectionEnabled":false,"pageLoadStrategy":"normal","platformName":"windows","proxy":{},"setWindowRect":true,"_":"5 more keys: [\"strictFileInteractability\",\"timeouts\",\"unhandledPromptBehavior\",\"webauthn:virtualAuthenticators\",\"webdriver.remote.sessionid\"]"},"config":{"specs":["./test/**/*.js"],"suites":{},"exclude":[],"logLevel":"info","logLevels":{},"excludeDriverLogs":[],"bail":0,"waitforInterval":500,"waitforTimeout":300000,"framework":"mocha","_":"40 more keys: [\"reporters\",\"services\",\"maxInstances\",\"maxInstancesPerCapability\",\"filesToWatch\",\"connectionRetryTimeout\",\"connectionRetryCount\",\"execArgv\",\"runnerEnv\",\"runner\",\"mochaOpts\",\"jasmineNodeOpts\",\"cucumberOpts\",\"onPrepare\",\"onWorkerStart\",\"before\",\"beforeSession\",\"beforeSuite\",\"beforeHook\",\"beforeTest\",\"beforeCommand\",\"afterCommand\",\"afterTest\",\"afterHook\",\"afterSuite\",\"afterSession\",\"after\",\"onComplete\",\"onReload\",\"beforeFeature\",\"beforeScenario\",\"beforeStep\",\"afterStep\",\"afterScenario\",\"afterFeature\",\"baseUrl\",\"_\",\"$0\",\"ignoredWorkerServices\",\"specFileRetryAttempts\"]"},"_NOT_FIBER":true},"isReactElement":false,"_NOT_FIBER":false},"x":227,"y":500},{"type":"pointerDown","button":0},{"type":"pointerUp","button":0}]}]}
RESULT: {"actions":[{"type":"pointer","id":"pointer1","parameters":{"pointerType":"mouse"},"actions":[{"type":"pointerMove","origin":{"sessionId":"62713aeece5090850678beaeb5fde6b3","elementId":"c1b99cb0-4fd2-4e1d-8fff-1cce2baf410d","element-6066-11e4-a52e-4f735466cecf":"c1b99cb0-4fd2-4e1d-8fff-1cce2baf410d","selector":"#UGICreateLeadButton_label","parent":{"capabilities":{"acceptInsecureCerts":false,"browserName":"chrome","browserVersion":"85.0.4183.102","chrome":{"chromedriverVersion":"84.0.4147.30 (48b3e868b4cc0aa7e8149519690b6f6949e110a8-refs/branch-heads/4147@{#310})","userDataDir":"C:\\Users\\Alok's\\AppData\\Local\\Temp\\scoped_dir13932_222969105"},"goog:chromeOptions":{"debuggerAddress":"localhost:54283"},"networkConnectionEnabled":false,"pageLoadStrategy":"normal","platformName":"windows","proxy":{},"setWindowRect":true,"_":"5 more keys: [\"strictFileInteractability\",\"timeouts\",\"unhandledPromptBehavior\",\"webauthn:virtualAuthenticators\",\"webdriver.remote.sessionid\"]"},"config":{"specs":["./test/**/*.js"],"suites":{},"exclude":[],"logLevel":"info","logLevels":{},"excludeDriverLogs":[],"bail":0,"waitforInterval":500,"waitforTimeout":300000,"framework":"mocha","_":"40 more keys: [\"reporters\",\"services\",\"maxInstances\",\"maxInstancesPerCapability\",\"filesToWatch\",\"connectionRetryTimeout\",\"connectionRetryCount\",\"execArgv\",\"runnerEnv\",\"runner\",\"mochaOpts\",\"jasmineNodeOpts\",\"cucumberOpts\",\"onPrepare\",\"onWorkerStart\",\"before\",\"beforeSession\",\"beforeSuite\",\"beforeHook\",\"beforeTest\",\"beforeCommand\",\"afterCommand\",\"afterTest\",\"afterHook\",\"afterSuite\",\"afterSession\",\"after\",\"onComplete\",\"onReload\",\"beforeFeature\",\"beforeScenario\",\"beforeStep\",\"afterStep\",\"afterScenario\",\"afterFeature\",\"baseUrl\",\"_\",\"$0\",\"ignoredWorkerServices\",\"specFileRetryAttempts\"]"},"_NOT_FIBER":true},"isReactElement":false,"_NOT_FIBER":false},"x":227,"y":500},{"type":"pointerDown","button":0},{"type":"pointerUp","button":0}]}]}
COMMAND: DELETE /session/62713aeece5090850678beaeb5fde6b3/actions - {}
RESULT: {}
COMMAND: POST /session/62713aeece5090850678beaeb5fde6b3/actions - {"actions":[{"type":"pointer","id":"pointer1","parameters":{"pointerType":"mouse"},"actions":[{"type":"pointerMove","origin":{"sessionId":"62713aeece5090850678beaeb5fde6b3","elementId":"c1b99cb0-4fd2-4e1d-8fff-1cce2baf410d","element-6066-11e4-a52e-4f735466cecf":"c1b99cb0-4fd2-4e1d-8fff-1cce2baf410d","selector":"#UGICreateLeadButton_label","parent":{"capabilities":{"acceptInsecureCerts":false,"browserName":"chrome","browserVersion":"85.0.4183.102","chrome":{"chromedriverVersion":"84.0.4147.30 (48b3e868b4cc0aa7e8149519690b6f6949e110a8-refs/branch-heads/4147@{#310})","userDataDir":"C:\\Users\\Alok's\\AppData\\Local\\Temp\\scoped_dir13932_222969105"},"goog:chromeOptions":{"debuggerAddress":"localhost:54283"},"networkConnectionEnabled":false,"pageLoadStrategy":"normal","platformName":"windows","proxy":{},"setWindowRect":true,"_":"5 more keys: [\"strictFileInteractability\",\"timeouts\",\"unhandledPromptBehavior\",\"webauthn:virtualAuthenticators\",\"webdriver.remote.sessionid\"]"},"config":{"specs":["./test/**/*.js"],"suites":{},"exclude":[],"logLevel":"info","logLevels":{},"excludeDriverLogs":[],"bail":0,"waitforInterval":500,"waitforTimeout":300000,"framework":"mocha","_":"40 more keys: [\"reporters\",\"services\",\"maxInstances\",\"maxInstancesPerCapability\",\"filesToWatch\",\"connectionRetryTimeout\",\"connectionRetryCount\",\"execArgv\",\"runnerEnv\",\"runner\",\"mochaOpts\",\"jasmineNodeOpts\",\"cucumberOpts\",\"onPrepare\",\"onWorkerStart\",\"before\",\"beforeSession\",\"beforeSuite\",\"beforeHook\",\"beforeTest\",\"beforeCommand\",\"afterCommand\",\"afterTest\",\"afterHook\",\"afterSuite\",\"afterSession\",\"after\",\"onComplete\",\"onReload\",\"beforeFeature\",\"beforeScenario\",\"beforeStep\",\"afterStep\",\"afterScenario\",\"afterFeature\",\"baseUrl\",\"_\",\"$0\",\"ignoredWorkerServices\",\"specFileRetryAttempts\"]"},"_NOT_FIBER":true},"isReactElement":false,"_NOT_FIBER":false},"x":227,"y":295},{"type":"pointerDown","button":0},{"type":"pointerUp","button":0}]}]}
RESULT: {"actions":[{"type":"pointer","id":"pointer1","parameters":{"pointerType":"mouse"},"actions":[{"type":"pointerMove","origin":{"sessionId":"62713aeece5090850678beaeb5fde6b3","elementId":"c1b99cb0-4fd2-4e1d-8fff-1cce2baf410d","element-6066-11e4-a52e-4f735466cecf":"c1b99cb0-4fd2-4e1d-8fff-1cce2baf410d","selector":"#UGICreateLeadButton_label","parent":{"capabilities":{"acceptInsecureCerts":false,"browserName":"chrome","browserVersion":"85.0.4183.102","chrome":{"chromedriverVersion":"84.0.4147.30 (48b3e868b4cc0aa7e8149519690b6f6949e110a8-refs/branch-heads/4147@{#310})","userDataDir":"C:\\Users\\Alok's\\AppData\\Local\\Temp\\scoped_dir13932_222969105"},"goog:chromeOptions":{"debuggerAddress":"localhost:54283"},"networkConnectionEnabled":false,"pageLoadStrategy":"normal","platformName":"windows","proxy":{},"setWindowRect":true,"_":"5 more keys: [\"strictFileInteractability\",\"timeouts\",\"unhandledPromptBehavior\",\"webauthn:virtualAuthenticators\",\"webdriver.remote.sessionid\"]"},"config":{"specs":["./test/**/*.js"],"suites":{},"exclude":[],"logLevel":"info","logLevels":{},"excludeDriverLogs":[],"bail":0,"waitforInterval":500,"waitforTimeout":300000,"framework":"mocha","_":"40 more keys: [\"reporters\",\"services\",\"maxInstances\",\"maxInstancesPerCapability\",\"filesToWatch\",\"connectionRetryTimeout\",\"connectionRetryCount\",\"execArgv\",\"runnerEnv\",\"runner\",\"mochaOpts\",\"jasmineNodeOpts\",\"cucumberOpts\",\"onPrepare\",\"onWorkerStart\",\"before\",\"beforeSession\",\"beforeSuite\",\"beforeHook\",\"beforeTest\",\"beforeCommand\",\"afterCommand\",\"afterTest\",\"afterHook\",\"afterSuite\",\"afterSession\",\"after\",\"onComplete\",\"onReload\",\"beforeFeature\",\"beforeScenario\",\"beforeStep\",\"afterStep\",\"afterScenario\",\"afterFeature\",\"baseUrl\",\"_\",\"$0\",\"ignoredWorkerServices\",\"specFileRetryAttempts\"]"},"_NOT_FIBER":true},"isReactElement":false,"_NOT_FIBER":false},"x":227,"y":295},{"type":"pointerDown","button":0},{"type":"pointerUp","button":0}]}]}
COMMAND: DELETE /session/62713aeece5090850678beaeb5fde6b3/actions - {}
RESULT: {}
COMMAND: POST /session/62713aeece5090850678beaeb5fde6b3/element - {"using":"xpath","value":"//*[@id=\"dijit_layout_ContentPane_6\"]"}
RESULT: {"using":"xpath","value":"//*[@id=\"dijit_layout_ContentPane_6\"]"}
COMMAND: GET /session/62713aeece5090850678beaeb5fde6b3/element/90da3816-785e-4c02-a827-b46413428ecb/text - {}
RESULT: {}
COMMAND: POST /session/62713aeece5090850678beaeb5fde6b3/element - {"using":"xpath","value":"//*[@id=\"dijit_form_ToggleButton_1\"]/span[1]"}
RESULT: {"using":"xpath","value":"//*[@id=\"dijit_form_ToggleButton_1\"]/span[1]"}
COMMAND: POST /session/62713aeece5090850678beaeb5fde6b3/element/1df75a20-0d03-4a03-99f9-28d8ef24c5df/click - {}
RESULT: {}
COMMAND: POST /session/62713aeece5090850678beaeb5fde6b3/element - {"using":"css selector","value":"#UGICreateLeadButton_label"}
RESULT: {"using":"css selector","value":"#UGICreateLeadButton_label"}
COMMAND: POST /session/62713aeece5090850678beaeb5fde6b3/actions - {"actions":[{"type":"pointer","id":"pointer1","parameters":{"pointerType":"mouse"},"actions":[{"type":"pointerMove","origin":{"sessionId":"62713aeece5090850678beaeb5fde6b3","elementId":"c1b99cb0-4fd2-4e1d-8fff-1cce2baf410d","element-6066-11e4-a52e-4f735466cecf":"c1b99cb0-4fd2-4e1d-8fff-1cce2baf410d","selector":"#UGICreateLeadButton_label","parent":{"capabilities":{"acceptInsecureCerts":false,"browserName":"chrome","browserVersion":"85.0.4183.102","chrome":{"chromedriverVersion":"84.0.4147.30 (48b3e868b4cc0aa7e8149519690b6f6949e110a8-refs/branch-heads/4147@{#310})","userDataDir":"C:\\Users\\Alok's\\AppData\\Local\\Temp\\scoped_dir13932_222969105"},"goog:chromeOptions":{"debuggerAddress":"localhost:54283"},"networkConnectionEnabled":false,"pageLoadStrategy":"normal","platformName":"windows","proxy":{},"setWindowRect":true,"_":"5 more keys: [\"strictFileInteractability\",\"timeouts\",\"unhandledPromptBehavior\",\"webauthn:virtualAuthenticators\",\"webdriver.remote.sessionid\"]"},"config":{"specs":["./test/**/*.js"],"suites":{},"exclude":[],"logLevel":"info","logLevels":{},"excludeDriverLogs":[],"bail":0,"waitforInterval":500,"waitforTimeout":300000,"framework":"mocha","_":"40 more keys: [\"reporters\",\"services\",\"maxInstances\",\"maxInstancesPerCapability\",\"filesToWatch\",\"connectionRetryTimeout\",\"connectionRetryCount\",\"execArgv\",\"runnerEnv\",\"runner\",\"mochaOpts\",\"jasmineNodeOpts\",\"cucumberOpts\",\"onPrepare\",\"onWorkerStart\",\"before\",\"beforeSession\",\"beforeSuite\",\"beforeHook\",\"beforeTest\",\"beforeCommand\",\"afterCommand\",\"afterTest\",\"afterHook\",\"afterSuite\",\"afterSession\",\"after\",\"onComplete\",\"onReload\",\"beforeFeature\",\"beforeScenario\",\"beforeStep\",\"afterStep\",\"afterScenario\",\"afterFeature\",\"baseUrl\",\"_\",\"$0\",\"ignoredWorkerServices\",\"specFileRetryAttempts\"]"},"_NOT_FIBER":true},"isReactElement":false,"_NOT_FIBER":false},"x":300,"y":500},{"type":"pointerDown","button":0},{"type":"pointerUp","button":0}]}]}
RESULT: {"actions":[{"type":"pointer","id":"pointer1","parameters":{"pointerType":"mouse"},"actions":[{"type":"pointerMove","origin":{"sessionId":"62713aeece5090850678beaeb5fde6b3","elementId":"c1b99cb0-4fd2-4e1d-8fff-1cce2baf410d","element-6066-11e4-a52e-4f735466cecf":"c1b99cb0-4fd2-4e1d-8fff-1cce2baf410d","selector":"#UGICreateLeadButton_label","parent":{"capabilities":{"acceptInsecureCerts":false,"browserName":"chrome","browserVersion":"85.0.4183.102","chrome":{"chromedriverVersion":"84.0.4147.30 (48b3e868b4cc0aa7e8149519690b6f6949e110a8-refs/branch-heads/4147@{#310})","userDataDir":"C:\\Users\\Alok's\\AppData\\Local\\Temp\\scoped_dir13932_222969105"},"goog:chromeOptions":{"debuggerAddress":"localhost:54283"},"networkConnectionEnabled":false,"pageLoadStrategy":"normal","platformName":"windows","proxy":{},"setWindowRect":true,"_":"5 more keys: [\"strictFileInteractability\",\"timeouts\",\"unhandledPromptBehavior\",\"webauthn:virtualAuthenticators\",\"webdriver.remote.sessionid\"]"},"config":{"specs":["./test/**/*.js"],"suites":{},"exclude":[],"logLevel":"info","logLevels":{},"excludeDriverLogs":[],"bail":0,"waitforInterval":500,"waitforTimeout":300000,"framework":"mocha","_":"40 more keys: [\"reporters\",\"services\",\"maxInstances\",\"maxInstancesPerCapability\",\"filesToWatch\",\"connectionRetryTimeout\",\"connectionRetryCount\",\"execArgv\",\"runnerEnv\",\"runner\",\"mochaOpts\",\"jasmineNodeOpts\",\"cucumberOpts\",\"onPrepare\",\"onWorkerStart\",\"before\",\"beforeSession\",\"beforeSuite\",\"beforeHook\",\"beforeTest\",\"beforeCommand\",\"afterCommand\",\"afterTest\",\"afterHook\",\"afterSuite\",\"afterSession\",\"after\",\"onComplete\",\"onReload\",\"beforeFeature\",\"beforeScenario\",\"beforeStep\",\"afterStep\",\"afterScenario\",\"afterFeature\",\"baseUrl\",\"_\",\"$0\",\"ignoredWorkerServices\",\"specFileRetryAttempts\"]"},"_NOT_FIBER":true},"isReactElement":false,"_NOT_FIBER":false},"x":300,"y":500},{"type":"pointerDown","button":0},{"type":"pointerUp","button":0}]}]}
COMMAND: DELETE /session/62713aeece5090850678beaeb5fde6b3/actions - {}
RESULT: {}
COMMAND: POST /session/62713aeece5090850678beaeb5fde6b3/actions - {"actions":[{"type":"pointer","id":"pointer1","parameters":{"pointerType":"mouse"},"actions":[{"type":"pointerMove","origin":{"sessionId":"62713aeece5090850678beaeb5fde6b3","elementId":"c1b99cb0-4fd2-4e1d-8fff-1cce2baf410d","element-6066-11e4-a52e-4f735466cecf":"c1b99cb0-4fd2-4e1d-8fff-1cce2baf410d","selector":"#UGICreateLeadButton_label","parent":{"capabilities":{"acceptInsecureCerts":false,"browserName":"chrome","browserVersion":"85.0.4183.102","chrome":{"chromedriverVersion":"84.0.4147.30 (48b3e868b4cc0aa7e8149519690b6f6949e110a8-refs/branch-heads/4147@{#310})","userDataDir":"C:\\Users\\Alok's\\AppData\\Local\\Temp\\scoped_dir13932_222969105"},"goog:chromeOptions":{"debuggerAddress":"localhost:54283"},"networkConnectionEnabled":false,"pageLoadStrategy":"normal","platformName":"windows","proxy":{},"setWindowRect":true,"_":"5 more keys: [\"strictFileInteractability\",\"timeouts\",\"unhandledPromptBehavior\",\"webauthn:virtualAuthenticators\",\"webdriver.remote.sessionid\"]"},"config":{"specs":["./test/**/*.js"],"suites":{},"exclude":[],"logLevel":"info","logLevels":{},"excludeDriverLogs":[],"bail":0,"waitforInterval":500,"waitforTimeout":300000,"framework":"mocha","_":"40 more keys: [\"reporters\",\"services\",\"maxInstances\",\"maxInstancesPerCapability\",\"filesToWatch\",\"connectionRetryTimeout\",\"connectionRetryCount\",\"execArgv\",\"runnerEnv\",\"runner\",\"mochaOpts\",\"jasmineNodeOpts\",\"cucumberOpts\",\"onPrepare\",\"onWorkerStart\",\"before\",\"beforeSession\",\"beforeSuite\",\"beforeHook\",\"beforeTest\",\"beforeCommand\",\"afterCommand\",\"afterTest\",\"afterHook\",\"afterSuite\",\"afterSession\",\"after\",\"onComplete\",\"onReload\",\"beforeFeature\",\"beforeScenario\",\"beforeStep\",\"afterStep\",\"afterScenario\",\"afterFeature\",\"baseUrl\",\"_\",\"$0\",\"ignoredWorkerServices\",\"specFileRetryAttempts\"]"},"_NOT_FIBER":true},"isReactElement":false,"_NOT_FIBER":false},"x":700,"y":295},{"type":"pointerDown","button":0},{"type":"pointerUp","button":0}]}]}
RESULT: {"actions":[{"type":"pointer","id":"pointer1","parameters":{"pointerType":"mouse"},"actions":[{"type":"pointerMove","origin":{"sessionId":"62713aeece5090850678beaeb5fde6b3","elementId":"c1b99cb0-4fd2-4e1d-8fff-1cce2baf410d","element-6066-11e4-a52e-4f735466cecf":"c1b99cb0-4fd2-4e1d-8fff-1cce2baf410d","selector":"#UGICreateLeadButton_label","parent":{"capabilities":{"acceptInsecureCerts":false,"browserName":"chrome","browserVersion":"85.0.4183.102","chrome":{"chromedriverVersion":"84.0.4147.30 (48b3e868b4cc0aa7e8149519690b6f6949e110a8-refs/branch-heads/4147@{#310})","userDataDir":"C:\\Users\\Alok's\\AppData\\Local\\Temp\\scoped_dir13932_222969105"},"goog:chromeOptions":{"debuggerAddress":"localhost:54283"},"networkConnectionEnabled":false,"pageLoadStrategy":"normal","platformName":"windows","proxy":{},"setWindowRect":true,"_":"5 more keys: [\"strictFileInteractability\",\"timeouts\",\"unhandledPromptBehavior\",\"webauthn:virtualAuthenticators\",\"webdriver.remote.sessionid\"]"},"config":{"specs":["./test/**/*.js"],"suites":{},"exclude":[],"logLevel":"info","logLevels":{},"excludeDriverLogs":[],"bail":0,"waitforInterval":500,"waitforTimeout":300000,"framework":"mocha","_":"40 more keys: [\"reporters\",\"services\",\"maxInstances\",\"maxInstancesPerCapability\",\"filesToWatch\",\"connectionRetryTimeout\",\"connectionRetryCount\",\"execArgv\",\"runnerEnv\",\"runner\",\"mochaOpts\",\"jasmineNodeOpts\",\"cucumberOpts\",\"onPrepare\",\"onWorkerStart\",\"before\",\"beforeSession\",\"beforeSuite\",\"beforeHook\",\"beforeTest\",\"beforeCommand\",\"afterCommand\",\"afterTest\",\"afterHook\",\"afterSuite\",\"afterSession\",\"after\",\"onComplete\",\"onReload\",\"beforeFeature\",\"beforeScenario\",\"beforeStep\",\"afterStep\",\"afterScenario\",\"afterFeature\",\"baseUrl\",\"_\",\"$0\",\"ignoredWorkerServices\",\"specFileRetryAttempts\"]"},"_NOT_FIBER":true},"isReactElement":false,"_NOT_FIBER":false},"x":700,"y":295},{"type":"pointerDown","button":0},{"type":"pointerUp","button":0}]}]}
COMMAND: DELETE /session/62713aeece5090850678beaeb5fde6b3/actions - {}
RESULT: {}
COMMAND: POST /session/62713aeece5090850678beaeb5fde6b3/element - {"using":"xpath","value":"//*[@id=\"dijit_layout_ContentPane_6\"]"}
RESULT: {"using":"xpath","value":"//*[@id=\"dijit_layout_ContentPane_6\"]"}
COMMAND: GET /session/62713aeece5090850678beaeb5fde6b3/element/90da3816-785e-4c02-a827-b46413428ecb/text - {}
RESULT: {}
COMMAND: POST /session/62713aeece5090850678beaeb5fde6b3/element - {"using":"xpath","value":"//*[@id=\"dijit_form_ToggleButton_2\"]/span[1]"}
RESULT: {"using":"xpath","value":"//*[@id=\"dijit_form_ToggleButton_2\"]/span[1]"}
COMMAND: POST /session/62713aeece5090850678beaeb5fde6b3/element/37c7f25b-07f8-41c8-aa7e-d44e1151e8ea/click - {}
RESULT: {}
COMMAND: POST /session/62713aeece5090850678beaeb5fde6b3/element - {"using":"css selector","value":"#UGICreateLeadButton_label"}
RESULT: {"using":"css selector","value":"#UGICreateLeadButton_label"}
COMMAND: POST /session/62713aeece5090850678beaeb5fde6b3/actions - {"actions":[{"type":"pointer","id":"pointer1","parameters":{"pointerType":"mouse"},"actions":[{"type":"pointerMove","origin":{"sessionId":"62713aeece5090850678beaeb5fde6b3","elementId":"c1b99cb0-4fd2-4e1d-8fff-1cce2baf410d","element-6066-11e4-a52e-4f735466cecf":"c1b99cb0-4fd2-4e1d-8fff-1cce2baf410d","selector":"#UGICreateLeadButton_label","parent":{"capabilities":{"acceptInsecureCerts":false,"browserName":"chrome","browserVersion":"85.0.4183.102","chrome":{"chromedriverVersion":"84.0.4147.30 (48b3e868b4cc0aa7e8149519690b6f6949e110a8-refs/branch-heads/4147@{#310})","userDataDir":"C:\\Users\\Alok's\\AppData\\Local\\Temp\\scoped_dir13932_222969105"},"goog:chromeOptions":{"debuggerAddress":"localhost:54283"},"networkConnectionEnabled":false,"pageLoadStrategy":"normal","platformName":"windows","proxy":{},"setWindowRect":true,"_":"5 more keys: [\"strictFileInteractability\",\"timeouts\",\"unhandledPromptBehavior\",\"webauthn:virtualAuthenticators\",\"webdriver.remote.sessionid\"]"},"config":{"specs":["./test/**/*.js"],"suites":{},"exclude":[],"logLevel":"info","logLevels":{},"excludeDriverLogs":[],"bail":0,"waitforInterval":500,"waitforTimeout":300000,"framework":"mocha","_":"40 more keys: [\"reporters\",\"services\",\"maxInstances\",\"maxInstancesPerCapability\",\"filesToWatch\",\"connectionRetryTimeout\",\"connectionRetryCount\",\"execArgv\",\"runnerEnv\",\"runner\",\"mochaOpts\",\"jasmineNodeOpts\",\"cucumberOpts\",\"onPrepare\",\"onWorkerStart\",\"before\",\"beforeSession\",\"beforeSuite\",\"beforeHook\",\"beforeTest\",\"beforeCommand\",\"afterCommand\",\"afterTest\",\"afterHook\",\"afterSuite\",\"afterSession\",\"after\",\"onComplete\",\"onReload\",\"beforeFeature\",\"beforeScenario\",\"beforeStep\",\"afterStep\",\"afterScenario\",\"afterFeature\",\"baseUrl\",\"_\",\"$0\",\"ignoredWorkerServices\",\"specFileRetryAttempts\"]"},"_NOT_FIBER":true},"isReactElement":false,"_NOT_FIBER":false},"x":227,"y":295},{"type":"pointerDown","button":0},{"type":"pointerUp","button":0}]}]}
RESULT: {"actions":[{"type":"pointer","id":"pointer1","parameters":{"pointerType":"mouse"},"actions":[{"type":"pointerMove","origin":{"sessionId":"62713aeece5090850678beaeb5fde6b3","elementId":"c1b99cb0-4fd2-4e1d-8fff-1cce2baf410d","element-6066-11e4-a52e-4f735466cecf":"c1b99cb0-4fd2-4e1d-8fff-1cce2baf410d","selector":"#UGICreateLeadButton_label","parent":{"capabilities":{"acceptInsecureCerts":false,"browserName":"chrome","browserVersion":"85.0.4183.102","chrome":{"chromedriverVersion":"84.0.4147.30 (48b3e868b4cc0aa7e8149519690b6f6949e110a8-refs/branch-heads/4147@{#310})","userDataDir":"C:\\Users\\Alok's\\AppData\\Local\\Temp\\scoped_dir13932_222969105"},"goog:chromeOptions":{"debuggerAddress":"localhost:54283"},"networkConnectionEnabled":false,"pageLoadStrategy":"normal","platformName":"windows","proxy":{},"setWindowRect":true,"_":"5 more keys: [\"strictFileInteractability\",\"timeouts\",\"unhandledPromptBehavior\",\"webauthn:virtualAuthenticators\",\"webdriver.remote.sessionid\"]"},"config":{"specs":["./test/**/*.js"],"suites":{},"exclude":[],"logLevel":"info","logLevels":{},"excludeDriverLogs":[],"bail":0,"waitforInterval":500,"waitforTimeout":300000,"framework":"mocha","_":"40 more keys: [\"reporters\",\"services\",\"maxInstances\",\"maxInstancesPerCapability\",\"filesToWatch\",\"connectionRetryTimeout\",\"connectionRetryCount\",\"execArgv\",\"runnerEnv\",\"runner\",\"mochaOpts\",\"jasmineNodeOpts\",\"cucumberOpts\",\"onPrepare\",\"onWorkerStart\",\"before\",\"beforeSession\",\"beforeSuite\",\"beforeHook\",\"beforeTest\",\"beforeCommand\",\"afterCommand\",\"afterTest\",\"afterHook\",\"afterSuite\",\"afterSession\",\"after\",\"onComplete\",\"onReload\",\"beforeFeature\",\"beforeScenario\",\"beforeStep\",\"afterStep\",\"afterScenario\",\"afterFeature\",\"baseUrl\",\"_\",\"$0\",\"ignoredWorkerServices\",\"specFileRetryAttempts\"]"},"_NOT_FIBER":true},"isReactElement":false,"_NOT_FIBER":false},"x":227,"y":295},{"type":"pointerDown","button":0},{"type":"pointerUp","button":0}]}]}
COMMAND: DELETE /session/62713aeece5090850678beaeb5fde6b3/actions - {}
RESULT: {}
COMMAND: POST /session/62713aeece5090850678beaeb5fde6b3/actions - {"actions":[{"type":"pointer","id":"pointer1","parameters":{"pointerType":"mouse"},"actions":[{"type":"pointerMove","origin":{"sessionId":"62713aeece5090850678beaeb5fde6b3","elementId":"c1b99cb0-4fd2-4e1d-8fff-1cce2baf410d","element-6066-11e4-a52e-4f735466cecf":"c1b99cb0-4fd2-4e1d-8fff-1cce2baf410d","selector":"#UGICreateLeadButton_label","parent":{"capabilities":{"acceptInsecureCerts":false,"browserName":"chrome","browserVersion":"85.0.4183.102","chrome":{"chromedriverVersion":"84.0.4147.30 (48b3e868b4cc0aa7e8149519690b6f6949e110a8-refs/branch-heads/4147@{#310})","userDataDir":"C:\\Users\\Alok's\\AppData\\Local\\Temp\\scoped_dir13932_222969105"},"goog:chromeOptions":{"debuggerAddress":"localhost:54283"},"networkConnectionEnabled":false,"pageLoadStrategy":"normal","platformName":"windows","proxy":{},"setWindowRect":true,"_":"5 more keys: [\"strictFileInteractability\",\"timeouts\",\"unhandledPromptBehavior\",\"webauthn:virtualAuthenticators\",\"webdriver.remote.sessionid\"]"},"config":{"specs":["./test/**/*.js"],"suites":{},"exclude":[],"logLevel":"info","logLevels":{},"excludeDriverLogs":[],"bail":0,"waitforInterval":500,"waitforTimeout":300000,"framework":"mocha","_":"40 more keys: [\"reporters\",\"services\",\"maxInstances\",\"maxInstancesPerCapability\",\"filesToWatch\",\"connectionRetryTimeout\",\"connectionRetryCount\",\"execArgv\",\"runnerEnv\",\"runner\",\"mochaOpts\",\"jasmineNodeOpts\",\"cucumberOpts\",\"onPrepare\",\"onWorkerStart\",\"before\",\"beforeSession\",\"beforeSuite\",\"beforeHook\",\"beforeTest\",\"beforeCommand\",\"afterCommand\",\"afterTest\",\"afterHook\",\"afterSuite\",\"afterSession\",\"after\",\"onComplete\",\"onReload\",\"beforeFeature\",\"beforeScenario\",\"beforeStep\",\"afterStep\",\"afterScenario\",\"afterFeature\",\"baseUrl\",\"_\",\"$0\",\"ignoredWorkerServices\",\"specFileRetryAttempts\"]"},"_NOT_FIBER":true},"isReactElement":false,"_NOT_FIBER":false},"x":700,"y":295},{"type":"pointerDown","button":0},{"type":"pointerUp","button":0}]}]}
RESULT: {"actions":[{"type":"pointer","id":"pointer1","parameters":{"pointerType":"mouse"},"actions":[{"type":"pointerMove","origin":{"sessionId":"62713aeece5090850678beaeb5fde6b3","elementId":"c1b99cb0-4fd2-4e1d-8fff-1cce2baf410d","element-6066-11e4-a52e-4f735466cecf":"c1b99cb0-4fd2-4e1d-8fff-1cce2baf410d","selector":"#UGICreateLeadButton_label","parent":{"capabilities":{"acceptInsecureCerts":false,"browserName":"chrome","browserVersion":"85.0.4183.102","chrome":{"chromedriverVersion":"84.0.4147.30 (48b3e868b4cc0aa7e8149519690b6f6949e110a8-refs/branch-heads/4147@{#310})","userDataDir":"C:\\Users\\Alok's\\AppData\\Local\\Temp\\scoped_dir13932_222969105"},"goog:chromeOptions":{"debuggerAddress":"localhost:54283"},"networkConnectionEnabled":false,"pageLoadStrategy":"normal","platformName":"windows","proxy":{},"setWindowRect":true,"_":"5 more keys: [\"strictFileInteractability\",\"timeouts\",\"unhandledPromptBehavior\",\"webauthn:virtualAuthenticators\",\"webdriver.remote.sessionid\"]"},"config":{"specs":["./test/**/*.js"],"suites":{},"exclude":[],"logLevel":"info","logLevels":{},"excludeDriverLogs":[],"bail":0,"waitforInterval":500,"waitforTimeout":300000,"framework":"mocha","_":"40 more keys: [\"reporters\",\"services\",\"maxInstances\",\"maxInstancesPerCapability\",\"filesToWatch\",\"connectionRetryTimeout\",\"connectionRetryCount\",\"execArgv\",\"runnerEnv\",\"runner\",\"mochaOpts\",\"jasmineNodeOpts\",\"cucumberOpts\",\"onPrepare\",\"onWorkerStart\",\"before\",\"beforeSession\",\"beforeSuite\",\"beforeHook\",\"beforeTest\",\"beforeCommand\",\"afterCommand\",\"afterTest\",\"afterHook\",\"afterSuite\",\"afterSession\",\"after\",\"onComplete\",\"onReload\",\"beforeFeature\",\"beforeScenario\",\"beforeStep\",\"afterStep\",\"afterScenario\",\"afterFeature\",\"baseUrl\",\"_\",\"$0\",\"ignoredWorkerServices\",\"specFileRetryAttempts\"]"},"_NOT_FIBER":true},"isReactElement":false,"_NOT_FIBER":false},"x":700,"y":295},{"type":"pointerDown","button":0},{"type":"pointerUp","button":0}]}]}
COMMAND: DELETE /session/62713aeece5090850678beaeb5fde6b3/actions - {}
RESULT: {}
COMMAND: POST /session/62713aeece5090850678beaeb5fde6b3/element - {"using":"xpath","value":"//*[@id=\"dijit_layout_ContentPane_7\"]/table/tbody/tr[3]/td[2]/span"}
RESULT: {"using":"xpath","value":"//*[@id=\"dijit_layout_ContentPane_7\"]/table/tbody/tr[3]/td[2]/span"}
COMMAND: GET /session/62713aeece5090850678beaeb5fde6b3/element/510331af-6b33-498b-a3a0-c2e67b56705d/text - {}
RESULT: {}
COMMAND: POST /session/62713aeece5090850678beaeb5fde6b3/element - {"using":"xpath","value":"//*[@id=\"dijit_layout_ContentPane_7\"]/table/tbody/tr[3]/td[3]/span"}
RESULT: {"using":"xpath","value":"//*[@id=\"dijit_layout_ContentPane_7\"]/table/tbody/tr[3]/td[3]/span"}
COMMAND: GET /session/62713aeece5090850678beaeb5fde6b3/element/57c97872-512a-4d3d-a739-4d49d8fd3f1f/text - {}
RESULT: {}
COMMAND: DELETE /session/62713aeece5090850678beaeb5fde6b3 - {}
RESULT: {}
]]>
      </system-out>
    </testcase>
  </testsuite>
</testsuites>