<?xml version="1.0" encoding="UTF-8"?>
<testsuites>
  <testsuite name="Validate_UGI_project_card_selected" timestamp="2020-10-08T21:01:46" time="1.132" tests="1" failures="0" errors="1" skipped="0">
    <properties>
      <property name="specId" value="0"/>
      <property name="suiteName" value="Validate UGI project card selected"/>
      <property name="capabilities" value="chrome.85_0_4183_121.windows"/>
      <property name="file" value=".\test\Login.test.js"/>
    </properties>
    <testcase classname="chrome.85_0_4183_121.windows.Validate_UGI_project_card_selected" name="Login_to_testfieldbook" time="1.13">
      <error message="expected 'UGI_FB4' to equal 'UGI_FB4-TST'"/>
      <system-out>
        <![CDATA[
COMMAND: GET /session/725ca71d44210df444f85a26b00c6012/title - {}
RESULT: {}
COMMAND: GET /session/725ca71d44210df444f85a26b00c6012/screenshot - {}
RESULT: {}
COMMAND: DELETE /session/725ca71d44210df444f85a26b00c6012 - {}
RESULT: {}
]]>
      </system-out>
      <system-err>
        <![CDATA[
AssertionError: expected 'UGI_FB4' to equal 'UGI_FB4-TST'
    at Context.<anonymous> (C:\Users\Alok's\Documents\UGI Automated testscripts\test\Login.test.js:8:36)
    at Context.executeSync (C:\Users\Alok's\Documents\UGI Automated testscripts\node_modules\@wdio\sync\build\index.js:56:18)
    at C:\Users\Alok's\Documents\UGI Automated testscripts\node_modules\@wdio\sync\build\index.js:82:70
]]>
      </system-err>
    </testcase>
  </testsuite>
</testsuites>