<?xml version="1.0" encoding="UTF-8"?>
<testsuites>
  <testsuite name="Verifying_legend_components" timestamp="2020-10-08T20:53:35" time="7.325" tests="1" failures="0" errors="0" skipped="0">
    <properties>
      <property name="specId" value="0"/>
      <property name="suiteName" value="Verifying legend components"/>
      <property name="capabilities" value="chrome.85_0_4183_121.windows"/>
      <property name="file" value=".\test\legend.test.js"/>
    </properties>
    <testcase classname="chrome.85_0_4183_121.windows.Verifying_legend_components" name="Should_verify_legend_layer_Work_Order_Points" time="7.323">
      <system-out>
        <![CDATA[
COMMAND: POST /session/a50525ecfed4dab97b65fe801209c817/element - {"using":"xpath","value":"//*[@id=\"map_zoom_slider\"]/div[1]/span"}
RESULT: {"using":"xpath","value":"//*[@id=\"agsjs_dijit__TOCNode_54\"]/div[1]/span/span[2]"}
RESULT: {"using":"xpath","value":"//*[@id=\"map_zoom_slider\"]/div[1]/span"}
COMMAND: POST /session/a50525ecfed4dab97b65fe801209c817/element/2d1f3285-155b-4c55-b4b8-46d1e088acce/click - {}
RESULT: {}
COMMAND: POST /session/a50525ecfed4dab97b65fe801209c817/element - {"using":"xpath","value":"//*[@id=\"map_zoom_slider\"]/div[1]/span"}
RESULT: {"using":"xpath","value":"//*[@id=\"map_zoom_slider\"]/div[1]/span"}
COMMAND: POST /session/a50525ecfed4dab97b65fe801209c817/element/2d1f3285-155b-4c55-b4b8-46d1e088acce/click - {}
RESULT: {}
COMMAND: POST /session/a50525ecfed4dab97b65fe801209c817/element - {"using":"xpath","value":"//*[@id=\"map_zoom_slider\"]/div[1]/span"}
RESULT: {"using":"xpath","value":"//*[@id=\"map_zoom_slider\"]/div[1]/span"}
COMMAND: POST /session/a50525ecfed4dab97b65fe801209c817/element/2d1f3285-155b-4c55-b4b8-46d1e088acce/click - {}
RESULT: {}
COMMAND: POST /session/a50525ecfed4dab97b65fe801209c817/element - {"using":"xpath","value":"//*[@id=\"map_zoom_slider\"]/div[1]/span"}
RESULT: {"using":"xpath","value":"//*[@id=\"map_zoom_slider\"]/div[1]/span"}
COMMAND: POST /session/a50525ecfed4dab97b65fe801209c817/element/2d1f3285-155b-4c55-b4b8-46d1e088acce/click - {}
RESULT: {}
COMMAND: POST /session/a50525ecfed4dab97b65fe801209c817/element - {"using":"xpath","value":"//*[@id=\"map_zoom_slider\"]/div[1]/span"}
RESULT: {"using":"xpath","value":"//*[@id=\"map_zoom_slider\"]/div[1]/span"}
COMMAND: POST /session/a50525ecfed4dab97b65fe801209c817/element/2d1f3285-155b-4c55-b4b8-46d1e088acce/click - {}
RESULT: {}
COMMAND: POST /session/a50525ecfed4dab97b65fe801209c817/element - {"using":"xpath","value":"//*[@id=\"map_zoom_slider\"]/div[1]/span"}
RESULT: {"using":"xpath","value":"//*[@id=\"map_zoom_slider\"]/div[1]/span"}
COMMAND: POST /session/a50525ecfed4dab97b65fe801209c817/element/2d1f3285-155b-4c55-b4b8-46d1e088acce/click - {}
RESULT: {}
COMMAND: POST /session/a50525ecfed4dab97b65fe801209c817/element - {"using":"xpath","value":"//*[@id=\"map_zoom_slider\"]/div[1]/span"}
RESULT: {"using":"xpath","value":"//*[@id=\"map_zoom_slider\"]/div[1]/span"}
COMMAND: POST /session/a50525ecfed4dab97b65fe801209c817/element/2d1f3285-155b-4c55-b4b8-46d1e088acce/click - {}
RESULT: {}
COMMAND: POST /session/a50525ecfed4dab97b65fe801209c817/element - {"using":"xpath","value":"//*[@id=\"map_zoom_slider\"]/div[1]/span"}
RESULT: {"using":"xpath","value":"//*[@id=\"map_zoom_slider\"]/div[1]/span"}
COMMAND: POST /session/a50525ecfed4dab97b65fe801209c817/element/2d1f3285-155b-4c55-b4b8-46d1e088acce/click - {}
RESULT: {}
COMMAND: POST /session/a50525ecfed4dab97b65fe801209c817/element - {"using":"xpath","value":"//*[@id=\"map_zoom_slider\"]/div[1]/span"}
RESULT: {"using":"xpath","value":"//*[@id=\"map_zoom_slider\"]/div[1]/span"}
COMMAND: POST /session/a50525ecfed4dab97b65fe801209c817/element/2d1f3285-155b-4c55-b4b8-46d1e088acce/click - {}
RESULT: {}
COMMAND: POST /session/a50525ecfed4dab97b65fe801209c817/element - {"using":"xpath","value":"//*[@id=\"map_zoom_slider\"]/div[1]/span"}
RESULT: {"using":"xpath","value":"//*[@id=\"map_zoom_slider\"]/div[1]/span"}
COMMAND: POST /session/a50525ecfed4dab97b65fe801209c817/element/2d1f3285-155b-4c55-b4b8-46d1e088acce/click - {}
RESULT: {}
COMMAND: POST /session/a50525ecfed4dab97b65fe801209c817/element - {"using":"css selector","value":"#legendButton_label"}
RESULT: {"using":"css selector","value":"#legendButton_label"}
COMMAND: POST /session/a50525ecfed4dab97b65fe801209c817/element/35ca96c4-a396-46f6-8fe2-f8185e15615d/click - {}
RESULT: {}
COMMAND: POST /session/a50525ecfed4dab97b65fe801209c817/element - {"using":"xpath","value":"//*[@id=\"agsjs_dijit__TOCNode_0\"]/div[1]/span/span[2]"}
RESULT: {"using":"xpath","value":"//*[@id=\"agsjs_dijit__TOCNode_0\"]/div[1]/span/span[2]"}
COMMAND: POST /session/a50525ecfed4dab97b65fe801209c817/element - {"using":"xpath","value":"//*[@id=\"agsjs_dijit__TOCNode_0\"]/div[1]/span/span[2]"}
RESULT: {"using":"xpath","value":"//*[@id=\"agsjs_dijit__TOCNode_0\"]/div[1]/span/span[2]"}
COMMAND: POST /session/a50525ecfed4dab97b65fe801209c817/element - {"using":"xpath","value":"//*[@id=\"agsjs_dijit__TOCNode_0\"]/div[1]/span/span[2]"}
RESULT: {"using":"xpath","value":"//*[@id=\"agsjs_dijit__TOCNode_0\"]/div[1]/span/span[2]"}
COMMAND: POST /session/a50525ecfed4dab97b65fe801209c817/element - {"using":"xpath","value":"//*[@id=\"agsjs_dijit__TOCNode_0\"]/div[1]/span/span[2]"}
RESULT: {"using":"xpath","value":"//*[@id=\"agsjs_dijit__TOCNode_0\"]/div[1]/span/span[2]"}
COMMAND: POST /session/a50525ecfed4dab97b65fe801209c817/element - {"using":"xpath","value":"//*[@id=\"agsjs_dijit__TOCNode_0\"]/div[1]/span/span[2]"}
RESULT: {"using":"xpath","value":"//*[@id=\"agsjs_dijit__TOCNode_0\"]/div[1]/span/span[2]"}
COMMAND: POST /session/a50525ecfed4dab97b65fe801209c817/element - {"using":"xpath","value":"//*[@id=\"agsjs_dijit__TOCNode_0\"]/div[1]/span/span[2]"}
RESULT: {"using":"xpath","value":"//*[@id=\"agsjs_dijit__TOCNode_0\"]/div[1]/span/span[2]"}
COMMAND: POST /session/a50525ecfed4dab97b65fe801209c817/element - {"using":"xpath","value":"//*[@id=\"agsjs_dijit__TOCNode_0\"]/div[1]/span/span[2]"}
RESULT: {"using":"xpath","value":"//*[@id=\"agsjs_dijit__TOCNode_0\"]/div[1]/span/span[2]"}
COMMAND: POST /session/a50525ecfed4dab97b65fe801209c817/execute/sync - {"script":"return (function isElementDisplayed(element) {\n  function nodeIsElement(node) {\n    if (!node) {\n      return false;\n    }\n\n    switch (node.nodeType) {\n      case Node.ELEMENT_NODE:\n      case Node.D ... (4720 more bytes)","args":[{"element-6066-11e4-a52e-4f735466cecf":"b4132f6c-439a-4167-af6b-374d8f6df037","ELEMENT":"b4132f6c-439a-4167-af6b-374d8f6df037"}]}
RESULT: {"script":"return (function isElementDisplayed(element) {\n  function nodeIsElement(node) {\n    if (!node) {\n      return false;\n    }\n\n    switch (node.nodeType) {\n      case Node.ELEMENT_NODE:\n      case Node.D ... (4720 more bytes)","args":[{"element-6066-11e4-a52e-4f735466cecf":"b4132f6c-439a-4167-af6b-374d8f6df037","ELEMENT":"b4132f6c-439a-4167-af6b-374d8f6df037"}]}
COMMAND: POST /session/a50525ecfed4dab97b65fe801209c817/element - {"using":"xpath","value":"//*[@id=\"agsjs_dijit__TOCNode_0\"]/div[1]/span/span[2]"}
RESULT: {"using":"xpath","value":"//*[@id=\"agsjs_dijit__TOCNode_0\"]/div[1]/span/span[2]"}
COMMAND: POST /session/a50525ecfed4dab97b65fe801209c817/execute/sync - {"script":"return (function isElementDisplayed(element) {\n  function nodeIsElement(node) {\n    if (!node) {\n      return false;\n    }\n\n    switch (node.nodeType) {\n      case Node.ELEMENT_NODE:\n      case Node.D ... (4720 more bytes)","args":[{"element-6066-11e4-a52e-4f735466cecf":"b4132f6c-439a-4167-af6b-374d8f6df037","ELEMENT":"b4132f6c-439a-4167-af6b-374d8f6df037"}]}
RESULT: {"script":"return (function isElementDisplayed(element) {\n  function nodeIsElement(node) {\n    if (!node) {\n      return false;\n    }\n\n    switch (node.nodeType) {\n      case Node.ELEMENT_NODE:\n      case Node.D ... (4720 more bytes)","args":[{"element-6066-11e4-a52e-4f735466cecf":"b4132f6c-439a-4167-af6b-374d8f6df037","ELEMENT":"b4132f6c-439a-4167-af6b-374d8f6df037"}]}
COMMAND: POST /session/a50525ecfed4dab97b65fe801209c817/element - {"using":"xpath","value":"//*[@id=\"agsjs_dijit__TOCNode_1\"]/div[1]/span/span[2]"}
RESULT: {"using":"xpath","value":"//*[@id=\"agsjs_dijit__TOCNode_1\"]/div[1]/span/span[2]"}
COMMAND: POST /session/a50525ecfed4dab97b65fe801209c817/execute/sync - {"script":"return (function isElementDisplayed(element) {\n  function nodeIsElement(node) {\n    if (!node) {\n      return false;\n    }\n\n    switch (node.nodeType) {\n      case Node.ELEMENT_NODE:\n      case Node.D ... (4720 more bytes)","args":[{"element-6066-11e4-a52e-4f735466cecf":"a3d53e5b-5a69-40ea-9598-af2bf07c43da","ELEMENT":"a3d53e5b-5a69-40ea-9598-af2bf07c43da"}]}
RESULT: {"script":"return (function isElementDisplayed(element) {\n  function nodeIsElement(node) {\n    if (!node) {\n      return false;\n    }\n\n    switch (node.nodeType) {\n      case Node.ELEMENT_NODE:\n      case Node.D ... (4720 more bytes)","args":[{"element-6066-11e4-a52e-4f735466cecf":"a3d53e5b-5a69-40ea-9598-af2bf07c43da","ELEMENT":"a3d53e5b-5a69-40ea-9598-af2bf07c43da"}]}
COMMAND: POST /session/a50525ecfed4dab97b65fe801209c817/element - {"using":"xpath","value":"//*[@id=\"agsjs_dijit__TOCNode_2\"]/div/span/span[2]"}
RESULT: {"using":"xpath","value":"//*[@id=\"agsjs_dijit__TOCNode_2\"]/div/span/span[2]"}
COMMAND: POST /session/a50525ecfed4dab97b65fe801209c817/execute/sync - {"script":"return (function isElementDisplayed(element) {\n  function nodeIsElement(node) {\n    if (!node) {\n      return false;\n    }\n\n    switch (node.nodeType) {\n      case Node.ELEMENT_NODE:\n      case Node.D ... (4720 more bytes)","args":[{"element-6066-11e4-a52e-4f735466cecf":"e1acf0c0-7f7f-418c-af77-fee0d3ebee2c","ELEMENT":"e1acf0c0-7f7f-418c-af77-fee0d3ebee2c"}]}
RESULT: {"script":"return (function isElementDisplayed(element) {\n  function nodeIsElement(node) {\n    if (!node) {\n      return false;\n    }\n\n    switch (node.nodeType) {\n      case Node.ELEMENT_NODE:\n      case Node.D ... (4720 more bytes)","args":[{"element-6066-11e4-a52e-4f735466cecf":"e1acf0c0-7f7f-418c-af77-fee0d3ebee2c","ELEMENT":"e1acf0c0-7f7f-418c-af77-fee0d3ebee2c"}]}
COMMAND: POST /session/a50525ecfed4dab97b65fe801209c817/element - {"using":"xpath","value":"//*[@id=\"agsjs_dijit__TOCNode_3\"]/div/span/span[2]"}
RESULT: {"using":"xpath","value":"//*[@id=\"agsjs_dijit__TOCNode_3\"]/div/span/span[2]"}
COMMAND: POST /session/a50525ecfed4dab97b65fe801209c817/execute/sync - {"script":"return (function isElementDisplayed(element) {\n  function nodeIsElement(node) {\n    if (!node) {\n      return false;\n    }\n\n    switch (node.nodeType) {\n      case Node.ELEMENT_NODE:\n      case Node.D ... (4720 more bytes)","args":[{"element-6066-11e4-a52e-4f735466cecf":"dd743a96-d7be-456f-a548-5c6e5c786e45","ELEMENT":"dd743a96-d7be-456f-a548-5c6e5c786e45"}]}
RESULT: {"script":"return (function isElementDisplayed(element) {\n  function nodeIsElement(node) {\n    if (!node) {\n      return false;\n    }\n\n    switch (node.nodeType) {\n      case Node.ELEMENT_NODE:\n      case Node.D ... (4720 more bytes)","args":[{"element-6066-11e4-a52e-4f735466cecf":"dd743a96-d7be-456f-a548-5c6e5c786e45","ELEMENT":"dd743a96-d7be-456f-a548-5c6e5c786e45"}]}
COMMAND: POST /session/a50525ecfed4dab97b65fe801209c817/element - {"using":"xpath","value":"//*[@id=\"agsjs_dijit__TOCNode_4\"]/div/span/span[2]"}
RESULT: {"using":"xpath","value":"//*[@id=\"agsjs_dijit__TOCNode_4\"]/div/span/span[2]"}
COMMAND: POST /session/a50525ecfed4dab97b65fe801209c817/execute/sync - {"script":"return (function isElementDisplayed(element) {\n  function nodeIsElement(node) {\n    if (!node) {\n      return false;\n    }\n\n    switch (node.nodeType) {\n      case Node.ELEMENT_NODE:\n      case Node.D ... (4720 more bytes)","args":[{"element-6066-11e4-a52e-4f735466cecf":"c4097f2e-817e-4fec-aafa-0c0777b672fb","ELEMENT":"c4097f2e-817e-4fec-aafa-0c0777b672fb"}]}
RESULT: {"script":"return (function isElementDisplayed(element) {\n  function nodeIsElement(node) {\n    if (!node) {\n      return false;\n    }\n\n    switch (node.nodeType) {\n      case Node.ELEMENT_NODE:\n      case Node.D ... (4720 more bytes)","args":[{"element-6066-11e4-a52e-4f735466cecf":"c4097f2e-817e-4fec-aafa-0c0777b672fb","ELEMENT":"c4097f2e-817e-4fec-aafa-0c0777b672fb"}]}
COMMAND: POST /session/a50525ecfed4dab97b65fe801209c817/element - {"using":"xpath","value":"//*[@id=\"agsjs_dijit__TOCNode_5\"]/div/span/span[2]"}
RESULT: {"using":"xpath","value":"//*[@id=\"agsjs_dijit__TOCNode_5\"]/div/span/span[2]"}
COMMAND: POST /session/a50525ecfed4dab97b65fe801209c817/execute/sync - {"script":"return (function isElementDisplayed(element) {\n  function nodeIsElement(node) {\n    if (!node) {\n      return false;\n    }\n\n    switch (node.nodeType) {\n      case Node.ELEMENT_NODE:\n      case Node.D ... (4720 more bytes)","args":[{"element-6066-11e4-a52e-4f735466cecf":"a2ac5998-dde2-49a4-8646-edf1511ecd95","ELEMENT":"a2ac5998-dde2-49a4-8646-edf1511ecd95"}]}
RESULT: {"script":"return (function isElementDisplayed(element) {\n  function nodeIsElement(node) {\n    if (!node) {\n      return false;\n    }\n\n    switch (node.nodeType) {\n      case Node.ELEMENT_NODE:\n      case Node.D ... (4720 more bytes)","args":[{"element-6066-11e4-a52e-4f735466cecf":"a2ac5998-dde2-49a4-8646-edf1511ecd95","ELEMENT":"a2ac5998-dde2-49a4-8646-edf1511ecd95"}]}
COMMAND: POST /session/a50525ecfed4dab97b65fe801209c817/element - {"using":"xpath","value":"//*[@id=\"agsjs_dijit__TOCNode_6\"]/div/span/span[2]"}
RESULT: {"using":"xpath","value":"//*[@id=\"agsjs_dijit__TOCNode_6\"]/div/span/span[2]"}
COMMAND: POST /session/a50525ecfed4dab97b65fe801209c817/execute/sync - {"script":"return (function isElementDisplayed(element) {\n  function nodeIsElement(node) {\n    if (!node) {\n      return false;\n    }\n\n    switch (node.nodeType) {\n      case Node.ELEMENT_NODE:\n      case Node.D ... (4720 more bytes)","args":[{"element-6066-11e4-a52e-4f735466cecf":"ebfeaca3-3a28-432f-85b9-8a83af5c7364","ELEMENT":"ebfeaca3-3a28-432f-85b9-8a83af5c7364"}]}
RESULT: {"script":"return (function isElementDisplayed(element) {\n  function nodeIsElement(node) {\n    if (!node) {\n      return false;\n    }\n\n    switch (node.nodeType) {\n      case Node.ELEMENT_NODE:\n      case Node.D ... (4720 more bytes)","args":[{"element-6066-11e4-a52e-4f735466cecf":"ebfeaca3-3a28-432f-85b9-8a83af5c7364","ELEMENT":"ebfeaca3-3a28-432f-85b9-8a83af5c7364"}]}
COMMAND: POST /session/a50525ecfed4dab97b65fe801209c817/element - {"using":"xpath","value":"//*[@id=\"agsjs_dijit__TOCNode_7\"]/div/span/span[2]"}
RESULT: {"using":"xpath","value":"//*[@id=\"agsjs_dijit__TOCNode_7\"]/div/span/span[2]"}
COMMAND: POST /session/a50525ecfed4dab97b65fe801209c817/execute/sync - {"script":"return (function isElementDisplayed(element) {\n  function nodeIsElement(node) {\n    if (!node) {\n      return false;\n    }\n\n    switch (node.nodeType) {\n      case Node.ELEMENT_NODE:\n      case Node.D ... (4720 more bytes)","args":[{"element-6066-11e4-a52e-4f735466cecf":"9c651e80-7569-4655-9788-d14a0909b927","ELEMENT":"9c651e80-7569-4655-9788-d14a0909b927"}]}
RESULT: {"script":"return (function isElementDisplayed(element) {\n  function nodeIsElement(node) {\n    if (!node) {\n      return false;\n    }\n\n    switch (node.nodeType) {\n      case Node.ELEMENT_NODE:\n      case Node.D ... (4720 more bytes)","args":[{"element-6066-11e4-a52e-4f735466cecf":"9c651e80-7569-4655-9788-d14a0909b927","ELEMENT":"9c651e80-7569-4655-9788-d14a0909b927"}]}
COMMAND: POST /session/a50525ecfed4dab97b65fe801209c817/element - {"using":"xpath","value":"//*[@id=\"agsjs_dijit__TOCNode_8\"]/div/span/span[2]"}
RESULT: {"using":"xpath","value":"//*[@id=\"agsjs_dijit__TOCNode_8\"]/div/span/span[2]"}
COMMAND: POST /session/a50525ecfed4dab97b65fe801209c817/execute/sync - {"script":"return (function isElementDisplayed(element) {\n  function nodeIsElement(node) {\n    if (!node) {\n      return false;\n    }\n\n    switch (node.nodeType) {\n      case Node.ELEMENT_NODE:\n      case Node.D ... (4720 more bytes)","args":[{"element-6066-11e4-a52e-4f735466cecf":"6d0af01e-3285-440b-b4f0-71734cedd8a5","ELEMENT":"6d0af01e-3285-440b-b4f0-71734cedd8a5"}]}
RESULT: {"script":"return (function isElementDisplayed(element) {\n  function nodeIsElement(node) {\n    if (!node) {\n      return false;\n    }\n\n    switch (node.nodeType) {\n      case Node.ELEMENT_NODE:\n      case Node.D ... (4720 more bytes)","args":[{"element-6066-11e4-a52e-4f735466cecf":"6d0af01e-3285-440b-b4f0-71734cedd8a5","ELEMENT":"6d0af01e-3285-440b-b4f0-71734cedd8a5"}]}
COMMAND: POST /session/a50525ecfed4dab97b65fe801209c817/element - {"using":"xpath","value":"//*[@id=\"agsjs_dijit__TOCNode_9\"]/div/span/span[2]"}
RESULT: {"using":"xpath","value":"//*[@id=\"agsjs_dijit__TOCNode_9\"]/div/span/span[2]"}
COMMAND: POST /session/a50525ecfed4dab97b65fe801209c817/execute/sync - {"script":"return (function isElementDisplayed(element) {\n  function nodeIsElement(node) {\n    if (!node) {\n      return false;\n    }\n\n    switch (node.nodeType) {\n      case Node.ELEMENT_NODE:\n      case Node.D ... (4720 more bytes)","args":[{"element-6066-11e4-a52e-4f735466cecf":"de1b9a1a-0748-4cf1-9371-c9a7208179bb","ELEMENT":"de1b9a1a-0748-4cf1-9371-c9a7208179bb"}]}
RESULT: {"script":"return (function isElementDisplayed(element) {\n  function nodeIsElement(node) {\n    if (!node) {\n      return false;\n    }\n\n    switch (node.nodeType) {\n      case Node.ELEMENT_NODE:\n      case Node.D ... (4720 more bytes)","args":[{"element-6066-11e4-a52e-4f735466cecf":"de1b9a1a-0748-4cf1-9371-c9a7208179bb","ELEMENT":"de1b9a1a-0748-4cf1-9371-c9a7208179bb"}]}
COMMAND: POST /session/a50525ecfed4dab97b65fe801209c817/element - {"using":"xpath","value":"//*[@id=\"agsjs_dijit__TOCNode_10\"]/div/span/span[2]"}
RESULT: {"using":"xpath","value":"//*[@id=\"agsjs_dijit__TOCNode_10\"]/div/span/span[2]"}
COMMAND: POST /session/a50525ecfed4dab97b65fe801209c817/execute/sync - {"script":"return (function isElementDisplayed(element) {\n  function nodeIsElement(node) {\n    if (!node) {\n      return false;\n    }\n\n    switch (node.nodeType) {\n      case Node.ELEMENT_NODE:\n      case Node.D ... (4720 more bytes)","args":[{"element-6066-11e4-a52e-4f735466cecf":"5ea9c022-e78b-4773-8e73-730ab4fbce06","ELEMENT":"5ea9c022-e78b-4773-8e73-730ab4fbce06"}]}
RESULT: {"script":"return (function isElementDisplayed(element) {\n  function nodeIsElement(node) {\n    if (!node) {\n      return false;\n    }\n\n    switch (node.nodeType) {\n      case Node.ELEMENT_NODE:\n      case Node.D ... (4720 more bytes)","args":[{"element-6066-11e4-a52e-4f735466cecf":"5ea9c022-e78b-4773-8e73-730ab4fbce06","ELEMENT":"5ea9c022-e78b-4773-8e73-730ab4fbce06"}]}
COMMAND: POST /session/a50525ecfed4dab97b65fe801209c817/element - {"using":"xpath","value":"//*[@id=\"agsjs_dijit__TOCNode_11\"]/div/span/span[2]"}
RESULT: {"using":"xpath","value":"//*[@id=\"agsjs_dijit__TOCNode_11\"]/div/span/span[2]"}
COMMAND: POST /session/a50525ecfed4dab97b65fe801209c817/execute/sync - {"script":"return (function isElementDisplayed(element) {\n  function nodeIsElement(node) {\n    if (!node) {\n      return false;\n    }\n\n    switch (node.nodeType) {\n      case Node.ELEMENT_NODE:\n      case Node.D ... (4720 more bytes)","args":[{"element-6066-11e4-a52e-4f735466cecf":"cd3717cf-a57a-49e1-b76a-3cbdff80a574","ELEMENT":"cd3717cf-a57a-49e1-b76a-3cbdff80a574"}]}
RESULT: {"script":"return (function isElementDisplayed(element) {\n  function nodeIsElement(node) {\n    if (!node) {\n      return false;\n    }\n\n    switch (node.nodeType) {\n      case Node.ELEMENT_NODE:\n      case Node.D ... (4720 more bytes)","args":[{"element-6066-11e4-a52e-4f735466cecf":"cd3717cf-a57a-49e1-b76a-3cbdff80a574","ELEMENT":"cd3717cf-a57a-49e1-b76a-3cbdff80a574"}]}
COMMAND: POST /session/a50525ecfed4dab97b65fe801209c817/element - {"using":"xpath","value":"//*[@id=\"agsjs_dijit__TOCNode_12\"]/div/span/span[2]"}
RESULT: {"using":"xpath","value":"//*[@id=\"agsjs_dijit__TOCNode_12\"]/div/span/span[2]"}
COMMAND: POST /session/a50525ecfed4dab97b65fe801209c817/execute/sync - {"script":"return (function isElementDisplayed(element) {\n  function nodeIsElement(node) {\n    if (!node) {\n      return false;\n    }\n\n    switch (node.nodeType) {\n      case Node.ELEMENT_NODE:\n      case Node.D ... (4720 more bytes)","args":[{"element-6066-11e4-a52e-4f735466cecf":"12f190d7-82b3-4322-907e-4d3d8912c078","ELEMENT":"12f190d7-82b3-4322-907e-4d3d8912c078"}]}
RESULT: {"script":"return (function isElementDisplayed(element) {\n  function nodeIsElement(node) {\n    if (!node) {\n      return false;\n    }\n\n    switch (node.nodeType) {\n      case Node.ELEMENT_NODE:\n      case Node.D ... (4720 more bytes)","args":[{"element-6066-11e4-a52e-4f735466cecf":"12f190d7-82b3-4322-907e-4d3d8912c078","ELEMENT":"12f190d7-82b3-4322-907e-4d3d8912c078"}]}
COMMAND: POST /session/a50525ecfed4dab97b65fe801209c817/element - {"using":"xpath","value":"//*[@id=\"agsjs_dijit__TOCNode_14\"]/div/span/span[2]"}
RESULT: {"using":"xpath","value":"//*[@id=\"agsjs_dijit__TOCNode_14\"]/div/span/span[2]"}
COMMAND: POST /session/a50525ecfed4dab97b65fe801209c817/execute/sync - {"script":"return (function isElementDisplayed(element) {\n  function nodeIsElement(node) {\n    if (!node) {\n      return false;\n    }\n\n    switch (node.nodeType) {\n      case Node.ELEMENT_NODE:\n      case Node.D ... (4720 more bytes)","args":[{"element-6066-11e4-a52e-4f735466cecf":"b9484dfc-6209-4b55-b30c-8d384661fbf0","ELEMENT":"b9484dfc-6209-4b55-b30c-8d384661fbf0"}]}
RESULT: {"script":"return (function isElementDisplayed(element) {\n  function nodeIsElement(node) {\n    if (!node) {\n      return false;\n    }\n\n    switch (node.nodeType) {\n      case Node.ELEMENT_NODE:\n      case Node.D ... (4720 more bytes)","args":[{"element-6066-11e4-a52e-4f735466cecf":"b9484dfc-6209-4b55-b30c-8d384661fbf0","ELEMENT":"b9484dfc-6209-4b55-b30c-8d384661fbf0"}]}
COMMAND: POST /session/a50525ecfed4dab97b65fe801209c817/element - {"using":"xpath","value":"//*[@id=\"agsjs_dijit__TOCNode_15\"]/div/span/span[2]"}
RESULT: {"using":"xpath","value":"//*[@id=\"agsjs_dijit__TOCNode_15\"]/div/span/span[2]"}
COMMAND: POST /session/a50525ecfed4dab97b65fe801209c817/execute/sync - {"script":"return (function isElementDisplayed(element) {\n  function nodeIsElement(node) {\n    if (!node) {\n      return false;\n    }\n\n    switch (node.nodeType) {\n      case Node.ELEMENT_NODE:\n      case Node.D ... (4720 more bytes)","args":[{"element-6066-11e4-a52e-4f735466cecf":"06f5dfff-7576-4d9b-9eb2-d97505725ebf","ELEMENT":"06f5dfff-7576-4d9b-9eb2-d97505725ebf"}]}
RESULT: {"script":"return (function isElementDisplayed(element) {\n  function nodeIsElement(node) {\n    if (!node) {\n      return false;\n    }\n\n    switch (node.nodeType) {\n      case Node.ELEMENT_NODE:\n      case Node.D ... (4720 more bytes)","args":[{"element-6066-11e4-a52e-4f735466cecf":"06f5dfff-7576-4d9b-9eb2-d97505725ebf","ELEMENT":"06f5dfff-7576-4d9b-9eb2-d97505725ebf"}]}
COMMAND: POST /session/a50525ecfed4dab97b65fe801209c817/element - {"using":"xpath","value":"//*[@id=\"agsjs_dijit__TOCNode_30\"]/div[1]/span/span[2]"}
RESULT: {"using":"xpath","value":"//*[@id=\"agsjs_dijit__TOCNode_30\"]/div[1]/span/span[2]"}
COMMAND: POST /session/a50525ecfed4dab97b65fe801209c817/execute/sync - {"script":"return (function isElementDisplayed(element) {\n  function nodeIsElement(node) {\n    if (!node) {\n      return false;\n    }\n\n    switch (node.nodeType) {\n      case Node.ELEMENT_NODE:\n      case Node.D ... (4720 more bytes)","args":[{"element-6066-11e4-a52e-4f735466cecf":"800c4056-0985-4fc2-9fd3-b3ed50c9c520","ELEMENT":"800c4056-0985-4fc2-9fd3-b3ed50c9c520"}]}
RESULT: {"script":"return (function isElementDisplayed(element) {\n  function nodeIsElement(node) {\n    if (!node) {\n      return false;\n    }\n\n    switch (node.nodeType) {\n      case Node.ELEMENT_NODE:\n      case Node.D ... (4720 more bytes)","args":[{"element-6066-11e4-a52e-4f735466cecf":"800c4056-0985-4fc2-9fd3-b3ed50c9c520","ELEMENT":"800c4056-0985-4fc2-9fd3-b3ed50c9c520"}]}
COMMAND: POST /session/a50525ecfed4dab97b65fe801209c817/element - {"using":"xpath","value":"//*[@id=\"agsjs_dijit__TOCNode_31\"]/div/span/span[2]"}
RESULT: {"using":"xpath","value":"//*[@id=\"agsjs_dijit__TOCNode_31\"]/div/span/span[2]"}
COMMAND: POST /session/a50525ecfed4dab97b65fe801209c817/execute/sync - {"script":"return (function isElementDisplayed(element) {\n  function nodeIsElement(node) {\n    if (!node) {\n      return false;\n    }\n\n    switch (node.nodeType) {\n      case Node.ELEMENT_NODE:\n      case Node.D ... (4720 more bytes)","args":[{"element-6066-11e4-a52e-4f735466cecf":"d3c6df6f-9ed6-473d-9bdd-9e51c101d18b","ELEMENT":"d3c6df6f-9ed6-473d-9bdd-9e51c101d18b"}]}
RESULT: {"script":"return (function isElementDisplayed(element) {\n  function nodeIsElement(node) {\n    if (!node) {\n      return false;\n    }\n\n    switch (node.nodeType) {\n      case Node.ELEMENT_NODE:\n      case Node.D ... (4720 more bytes)","args":[{"element-6066-11e4-a52e-4f735466cecf":"d3c6df6f-9ed6-473d-9bdd-9e51c101d18b","ELEMENT":"d3c6df6f-9ed6-473d-9bdd-9e51c101d18b"}]}
COMMAND: POST /session/a50525ecfed4dab97b65fe801209c817/element - {"using":"xpath","value":"//*[@id=\"agsjs_dijit__TOCNode_32\"]/div/span/span[2]"}
RESULT: {"using":"xpath","value":"//*[@id=\"agsjs_dijit__TOCNode_32\"]/div/span/span[2]"}
COMMAND: POST /session/a50525ecfed4dab97b65fe801209c817/execute/sync - {"script":"return (function isElementDisplayed(element) {\n  function nodeIsElement(node) {\n    if (!node) {\n      return false;\n    }\n\n    switch (node.nodeType) {\n      case Node.ELEMENT_NODE:\n      case Node.D ... (4720 more bytes)","args":[{"element-6066-11e4-a52e-4f735466cecf":"58b8f552-1066-454e-9555-c7b847348475","ELEMENT":"58b8f552-1066-454e-9555-c7b847348475"}]}
RESULT: {"script":"return (function isElementDisplayed(element) {\n  function nodeIsElement(node) {\n    if (!node) {\n      return false;\n    }\n\n    switch (node.nodeType) {\n      case Node.ELEMENT_NODE:\n      case Node.D ... (4720 more bytes)","args":[{"element-6066-11e4-a52e-4f735466cecf":"58b8f552-1066-454e-9555-c7b847348475","ELEMENT":"58b8f552-1066-454e-9555-c7b847348475"}]}
COMMAND: POST /session/a50525ecfed4dab97b65fe801209c817/element - {"using":"xpath","value":"//*[@id=\"agsjs_dijit__TOCNode_33\"]/div/span/span[2]"}
RESULT: {"using":"xpath","value":"//*[@id=\"agsjs_dijit__TOCNode_33\"]/div/span/span[2]"}
COMMAND: POST /session/a50525ecfed4dab97b65fe801209c817/execute/sync - {"script":"return (function isElementDisplayed(element) {\n  function nodeIsElement(node) {\n    if (!node) {\n      return false;\n    }\n\n    switch (node.nodeType) {\n      case Node.ELEMENT_NODE:\n      case Node.D ... (4720 more bytes)","args":[{"element-6066-11e4-a52e-4f735466cecf":"4005261c-6b27-4c7e-bf63-0db3b6bb4e8a","ELEMENT":"4005261c-6b27-4c7e-bf63-0db3b6bb4e8a"}]}
RESULT: {"script":"return (function isElementDisplayed(element) {\n  function nodeIsElement(node) {\n    if (!node) {\n      return false;\n    }\n\n    switch (node.nodeType) {\n      case Node.ELEMENT_NODE:\n      case Node.D ... (4720 more bytes)","args":[{"element-6066-11e4-a52e-4f735466cecf":"4005261c-6b27-4c7e-bf63-0db3b6bb4e8a","ELEMENT":"4005261c-6b27-4c7e-bf63-0db3b6bb4e8a"}]}
COMMAND: POST /session/a50525ecfed4dab97b65fe801209c817/element - {"using":"xpath","value":"//*[@id=\"agsjs_dijit__TOCNode_34\"]/div/span/span[2]"}
RESULT: {"using":"xpath","value":"//*[@id=\"agsjs_dijit__TOCNode_34\"]/div/span/span[2]"}
COMMAND: POST /session/a50525ecfed4dab97b65fe801209c817/execute/sync - {"script":"return (function isElementDisplayed(element) {\n  function nodeIsElement(node) {\n    if (!node) {\n      return false;\n    }\n\n    switch (node.nodeType) {\n      case Node.ELEMENT_NODE:\n      case Node.D ... (4720 more bytes)","args":[{"element-6066-11e4-a52e-4f735466cecf":"ea6038d6-eb50-4751-9e01-a24661f21301","ELEMENT":"ea6038d6-eb50-4751-9e01-a24661f21301"}]}
RESULT: {"script":"return (function isElementDisplayed(element) {\n  function nodeIsElement(node) {\n    if (!node) {\n      return false;\n    }\n\n    switch (node.nodeType) {\n      case Node.ELEMENT_NODE:\n      case Node.D ... (4720 more bytes)","args":[{"element-6066-11e4-a52e-4f735466cecf":"ea6038d6-eb50-4751-9e01-a24661f21301","ELEMENT":"ea6038d6-eb50-4751-9e01-a24661f21301"}]}
COMMAND: POST /session/a50525ecfed4dab97b65fe801209c817/element - {"using":"xpath","value":"//*[@id=\"agsjs_dijit__TOCNode_35\"]/div/span/span[2]"}
RESULT: {"using":"xpath","value":"//*[@id=\"agsjs_dijit__TOCNode_35\"]/div/span/span[2]"}
COMMAND: POST /session/a50525ecfed4dab97b65fe801209c817/execute/sync - {"script":"return (function isElementDisplayed(element) {\n  function nodeIsElement(node) {\n    if (!node) {\n      return false;\n    }\n\n    switch (node.nodeType) {\n      case Node.ELEMENT_NODE:\n      case Node.D ... (4720 more bytes)","args":[{"element-6066-11e4-a52e-4f735466cecf":"6070154f-9f86-4931-9485-12a7b8255ecb","ELEMENT":"6070154f-9f86-4931-9485-12a7b8255ecb"}]}
RESULT: {"script":"return (function isElementDisplayed(element) {\n  function nodeIsElement(node) {\n    if (!node) {\n      return false;\n    }\n\n    switch (node.nodeType) {\n      case Node.ELEMENT_NODE:\n      case Node.D ... (4720 more bytes)","args":[{"element-6066-11e4-a52e-4f735466cecf":"6070154f-9f86-4931-9485-12a7b8255ecb","ELEMENT":"6070154f-9f86-4931-9485-12a7b8255ecb"}]}
COMMAND: POST /session/a50525ecfed4dab97b65fe801209c817/element - {"using":"xpath","value":"//*[@id=\"agsjs_dijit__TOCNode_36\"]/div/span/span[2]"}
RESULT: {"using":"xpath","value":"//*[@id=\"agsjs_dijit__TOCNode_36\"]/div/span/span[2]"}
COMMAND: POST /session/a50525ecfed4dab97b65fe801209c817/execute/sync - {"script":"return (function isElementDisplayed(element) {\n  function nodeIsElement(node) {\n    if (!node) {\n      return false;\n    }\n\n    switch (node.nodeType) {\n      case Node.ELEMENT_NODE:\n      case Node.D ... (4720 more bytes)","args":[{"element-6066-11e4-a52e-4f735466cecf":"7e411000-5a95-4b16-9837-5bf8cb3da58d","ELEMENT":"7e411000-5a95-4b16-9837-5bf8cb3da58d"}]}
RESULT: {"script":"return (function isElementDisplayed(element) {\n  function nodeIsElement(node) {\n    if (!node) {\n      return false;\n    }\n\n    switch (node.nodeType) {\n      case Node.ELEMENT_NODE:\n      case Node.D ... (4720 more bytes)","args":[{"element-6066-11e4-a52e-4f735466cecf":"7e411000-5a95-4b16-9837-5bf8cb3da58d","ELEMENT":"7e411000-5a95-4b16-9837-5bf8cb3da58d"}]}
COMMAND: POST /session/a50525ecfed4dab97b65fe801209c817/element - {"using":"xpath","value":"//*[@id=\"agsjs_dijit__TOCNode_37\"]/div/span/span[2]"}
RESULT: {"using":"xpath","value":"//*[@id=\"agsjs_dijit__TOCNode_37\"]/div/span/span[2]"}
COMMAND: POST /session/a50525ecfed4dab97b65fe801209c817/execute/sync - {"script":"return (function isElementDisplayed(element) {\n  function nodeIsElement(node) {\n    if (!node) {\n      return false;\n    }\n\n    switch (node.nodeType) {\n      case Node.ELEMENT_NODE:\n      case Node.D ... (4720 more bytes)","args":[{"element-6066-11e4-a52e-4f735466cecf":"ce71a5aa-0d63-48ba-ab87-806238996307","ELEMENT":"ce71a5aa-0d63-48ba-ab87-806238996307"}]}
RESULT: {"script":"return (function isElementDisplayed(element) {\n  function nodeIsElement(node) {\n    if (!node) {\n      return false;\n    }\n\n    switch (node.nodeType) {\n      case Node.ELEMENT_NODE:\n      case Node.D ... (4720 more bytes)","args":[{"element-6066-11e4-a52e-4f735466cecf":"ce71a5aa-0d63-48ba-ab87-806238996307","ELEMENT":"ce71a5aa-0d63-48ba-ab87-806238996307"}]}
COMMAND: POST /session/a50525ecfed4dab97b65fe801209c817/element - {"using":"xpath","value":"//*[@id=\"agsjs_dijit__TOCNode_38\"]/div/span/span[2]"}
RESULT: {"using":"xpath","value":"//*[@id=\"agsjs_dijit__TOCNode_38\"]/div/span/span[2]"}
COMMAND: POST /session/a50525ecfed4dab97b65fe801209c817/execute/sync - {"script":"return (function isElementDisplayed(element) {\n  function nodeIsElement(node) {\n    if (!node) {\n      return false;\n    }\n\n    switch (node.nodeType) {\n      case Node.ELEMENT_NODE:\n      case Node.D ... (4720 more bytes)","args":[{"element-6066-11e4-a52e-4f735466cecf":"e9fbff9c-c826-4237-80f6-9a334802b482","ELEMENT":"e9fbff9c-c826-4237-80f6-9a334802b482"}]}
RESULT: {"script":"return (function isElementDisplayed(element) {\n  function nodeIsElement(node) {\n    if (!node) {\n      return false;\n    }\n\n    switch (node.nodeType) {\n      case Node.ELEMENT_NODE:\n      case Node.D ... (4720 more bytes)","args":[{"element-6066-11e4-a52e-4f735466cecf":"e9fbff9c-c826-4237-80f6-9a334802b482","ELEMENT":"e9fbff9c-c826-4237-80f6-9a334802b482"}]}
COMMAND: POST /session/a50525ecfed4dab97b65fe801209c817/element - {"using":"xpath","value":"//*[@id=\"agsjs_dijit__TOCNode_39\"]/div/span/span[2]"}
RESULT: {"using":"xpath","value":"//*[@id=\"agsjs_dijit__TOCNode_39\"]/div/span/span[2]"}
COMMAND: POST /session/a50525ecfed4dab97b65fe801209c817/execute/sync - {"script":"return (function isElementDisplayed(element) {\n  function nodeIsElement(node) {\n    if (!node) {\n      return false;\n    }\n\n    switch (node.nodeType) {\n      case Node.ELEMENT_NODE:\n      case Node.D ... (4720 more bytes)","args":[{"element-6066-11e4-a52e-4f735466cecf":"7fce4e11-cd24-4a8a-a031-541d1d826e0a","ELEMENT":"7fce4e11-cd24-4a8a-a031-541d1d826e0a"}]}
RESULT: {"script":"return (function isElementDisplayed(element) {\n  function nodeIsElement(node) {\n    if (!node) {\n      return false;\n    }\n\n    switch (node.nodeType) {\n      case Node.ELEMENT_NODE:\n      case Node.D ... (4720 more bytes)","args":[{"element-6066-11e4-a52e-4f735466cecf":"7fce4e11-cd24-4a8a-a031-541d1d826e0a","ELEMENT":"7fce4e11-cd24-4a8a-a031-541d1d826e0a"}]}
COMMAND: POST /session/a50525ecfed4dab97b65fe801209c817/element - {"using":"xpath","value":"//*[@id=\"agsjs_dijit__TOCNode_40\"]/div/span/span[2]"}
RESULT: {"using":"xpath","value":"//*[@id=\"agsjs_dijit__TOCNode_40\"]/div/span/span[2]"}
COMMAND: POST /session/a50525ecfed4dab97b65fe801209c817/execute/sync - {"script":"return (function isElementDisplayed(element) {\n  function nodeIsElement(node) {\n    if (!node) {\n      return false;\n    }\n\n    switch (node.nodeType) {\n      case Node.ELEMENT_NODE:\n      case Node.D ... (4720 more bytes)","args":[{"element-6066-11e4-a52e-4f735466cecf":"18b517d2-53dd-48c1-aea5-94939553101a","ELEMENT":"18b517d2-53dd-48c1-aea5-94939553101a"}]}
RESULT: {"script":"return (function isElementDisplayed(element) {\n  function nodeIsElement(node) {\n    if (!node) {\n      return false;\n    }\n\n    switch (node.nodeType) {\n      case Node.ELEMENT_NODE:\n      case Node.D ... (4720 more bytes)","args":[{"element-6066-11e4-a52e-4f735466cecf":"18b517d2-53dd-48c1-aea5-94939553101a","ELEMENT":"18b517d2-53dd-48c1-aea5-94939553101a"}]}
COMMAND: POST /session/a50525ecfed4dab97b65fe801209c817/element - {"using":"xpath","value":"//*[@id=\"agsjs_dijit__TOCNode_41\"]/div/span/span[2]"}
RESULT: {"using":"xpath","value":"//*[@id=\"agsjs_dijit__TOCNode_41\"]/div/span/span[2]"}
COMMAND: POST /session/a50525ecfed4dab97b65fe801209c817/execute/sync - {"script":"return (function isElementDisplayed(element) {\n  function nodeIsElement(node) {\n    if (!node) {\n      return false;\n    }\n\n    switch (node.nodeType) {\n      case Node.ELEMENT_NODE:\n      case Node.D ... (4720 more bytes)","args":[{"element-6066-11e4-a52e-4f735466cecf":"c42b3a6c-68f9-4584-aad0-7ac773aa0ff9","ELEMENT":"c42b3a6c-68f9-4584-aad0-7ac773aa0ff9"}]}
RESULT: {"script":"return (function isElementDisplayed(element) {\n  function nodeIsElement(node) {\n    if (!node) {\n      return false;\n    }\n\n    switch (node.nodeType) {\n      case Node.ELEMENT_NODE:\n      case Node.D ... (4720 more bytes)","args":[{"element-6066-11e4-a52e-4f735466cecf":"c42b3a6c-68f9-4584-aad0-7ac773aa0ff9","ELEMENT":"c42b3a6c-68f9-4584-aad0-7ac773aa0ff9"}]}
COMMAND: POST /session/a50525ecfed4dab97b65fe801209c817/element - {"using":"xpath","value":"//*[@id=\"agsjs_dijit__TOCNode_42\"]/div/span/span[2]"}
RESULT: {"using":"xpath","value":"//*[@id=\"agsjs_dijit__TOCNode_42\"]/div/span/span[2]"}
COMMAND: POST /session/a50525ecfed4dab97b65fe801209c817/execute/sync - {"script":"return (function isElementDisplayed(element) {\n  function nodeIsElement(node) {\n    if (!node) {\n      return false;\n    }\n\n    switch (node.nodeType) {\n      case Node.ELEMENT_NODE:\n      case Node.D ... (4720 more bytes)","args":[{"element-6066-11e4-a52e-4f735466cecf":"447bb33c-f309-4e93-9bec-4f54007ffeb8","ELEMENT":"447bb33c-f309-4e93-9bec-4f54007ffeb8"}]}
RESULT: {"script":"return (function isElementDisplayed(element) {\n  function nodeIsElement(node) {\n    if (!node) {\n      return false;\n    }\n\n    switch (node.nodeType) {\n      case Node.ELEMENT_NODE:\n      case Node.D ... (4720 more bytes)","args":[{"element-6066-11e4-a52e-4f735466cecf":"447bb33c-f309-4e93-9bec-4f54007ffeb8","ELEMENT":"447bb33c-f309-4e93-9bec-4f54007ffeb8"}]}
COMMAND: POST /session/a50525ecfed4dab97b65fe801209c817/element - {"using":"xpath","value":"//*[@id=\"agsjs_dijit__TOCNode_43\"]/div/span/span[2]"}
RESULT: {"using":"xpath","value":"//*[@id=\"agsjs_dijit__TOCNode_43\"]/div/span/span[2]"}
COMMAND: POST /session/a50525ecfed4dab97b65fe801209c817/execute/sync - {"script":"return (function isElementDisplayed(element) {\n  function nodeIsElement(node) {\n    if (!node) {\n      return false;\n    }\n\n    switch (node.nodeType) {\n      case Node.ELEMENT_NODE:\n      case Node.D ... (4720 more bytes)","args":[{"element-6066-11e4-a52e-4f735466cecf":"b1cfebb4-edce-4718-a34d-748d7ffa58c8","ELEMENT":"b1cfebb4-edce-4718-a34d-748d7ffa58c8"}]}
RESULT: {"script":"return (function isElementDisplayed(element) {\n  function nodeIsElement(node) {\n    if (!node) {\n      return false;\n    }\n\n    switch (node.nodeType) {\n      case Node.ELEMENT_NODE:\n      case Node.D ... (4720 more bytes)","args":[{"element-6066-11e4-a52e-4f735466cecf":"b1cfebb4-edce-4718-a34d-748d7ffa58c8","ELEMENT":"b1cfebb4-edce-4718-a34d-748d7ffa58c8"}]}
COMMAND: POST /session/a50525ecfed4dab97b65fe801209c817/element - {"using":"xpath","value":"//*[@id=\"agsjs_dijit__TOCNode_44\"]/div/span/span[2]"}
RESULT: {"using":"xpath","value":"//*[@id=\"agsjs_dijit__TOCNode_44\"]/div/span/span[2]"}
COMMAND: POST /session/a50525ecfed4dab97b65fe801209c817/execute/sync - {"script":"return (function isElementDisplayed(element) {\n  function nodeIsElement(node) {\n    if (!node) {\n      return false;\n    }\n\n    switch (node.nodeType) {\n      case Node.ELEMENT_NODE:\n      case Node.D ... (4720 more bytes)","args":[{"element-6066-11e4-a52e-4f735466cecf":"acb68943-052e-4c5b-b2ba-e46350928c5b","ELEMENT":"acb68943-052e-4c5b-b2ba-e46350928c5b"}]}
RESULT: {"script":"return (function isElementDisplayed(element) {\n  function nodeIsElement(node) {\n    if (!node) {\n      return false;\n    }\n\n    switch (node.nodeType) {\n      case Node.ELEMENT_NODE:\n      case Node.D ... (4720 more bytes)","args":[{"element-6066-11e4-a52e-4f735466cecf":"acb68943-052e-4c5b-b2ba-e46350928c5b","ELEMENT":"acb68943-052e-4c5b-b2ba-e46350928c5b"}]}
COMMAND: POST /session/a50525ecfed4dab97b65fe801209c817/element - {"using":"xpath","value":"//*[@id=\"agsjs_dijit__TOCNode_45\"]/div[1]/span/span[2]"}
RESULT: {"using":"xpath","value":"//*[@id=\"agsjs_dijit__TOCNode_45\"]/div[1]/span/span[2]"}
COMMAND: POST /session/a50525ecfed4dab97b65fe801209c817/execute/sync - {"script":"return (function isElementDisplayed(element) {\n  function nodeIsElement(node) {\n    if (!node) {\n      return false;\n    }\n\n    switch (node.nodeType) {\n      case Node.ELEMENT_NODE:\n      case Node.D ... (4720 more bytes)","args":[{"element-6066-11e4-a52e-4f735466cecf":"e6b2f803-7c70-4724-a1b1-895740fdabfa","ELEMENT":"e6b2f803-7c70-4724-a1b1-895740fdabfa"}]}
RESULT: {"script":"return (function isElementDisplayed(element) {\n  function nodeIsElement(node) {\n    if (!node) {\n      return false;\n    }\n\n    switch (node.nodeType) {\n      case Node.ELEMENT_NODE:\n      case Node.D ... (4720 more bytes)","args":[{"element-6066-11e4-a52e-4f735466cecf":"e6b2f803-7c70-4724-a1b1-895740fdabfa","ELEMENT":"e6b2f803-7c70-4724-a1b1-895740fdabfa"}]}
COMMAND: POST /session/a50525ecfed4dab97b65fe801209c817/element - {"using":"xpath","value":"//*[@id=\"agsjs_dijit__TOCNode_48\"]/div/span/span[2]"}
RESULT: {"using":"xpath","value":"//*[@id=\"agsjs_dijit__TOCNode_48\"]/div/span/span[2]"}
COMMAND: POST /session/a50525ecfed4dab97b65fe801209c817/execute/sync - {"script":"return (function isElementDisplayed(element) {\n  function nodeIsElement(node) {\n    if (!node) {\n      return false;\n    }\n\n    switch (node.nodeType) {\n      case Node.ELEMENT_NODE:\n      case Node.D ... (4720 more bytes)","args":[{"element-6066-11e4-a52e-4f735466cecf":"22daf5e3-2dad-450a-bc8a-cf86f974078c","ELEMENT":"22daf5e3-2dad-450a-bc8a-cf86f974078c"}]}
RESULT: {"script":"return (function isElementDisplayed(element) {\n  function nodeIsElement(node) {\n    if (!node) {\n      return false;\n    }\n\n    switch (node.nodeType) {\n      case Node.ELEMENT_NODE:\n      case Node.D ... (4720 more bytes)","args":[{"element-6066-11e4-a52e-4f735466cecf":"22daf5e3-2dad-450a-bc8a-cf86f974078c","ELEMENT":"22daf5e3-2dad-450a-bc8a-cf86f974078c"}]}
COMMAND: POST /session/a50525ecfed4dab97b65fe801209c817/element - {"using":"xpath","value":"//*[@id=\"agsjs_dijit__TOCNode_47\"]/div/span/span[2]"}
RESULT: {"using":"xpath","value":"//*[@id=\"agsjs_dijit__TOCNode_47\"]/div/span/span[2]"}
COMMAND: POST /session/a50525ecfed4dab97b65fe801209c817/execute/sync - {"script":"return (function isElementDisplayed(element) {\n  function nodeIsElement(node) {\n    if (!node) {\n      return false;\n    }\n\n    switch (node.nodeType) {\n      case Node.ELEMENT_NODE:\n      case Node.D ... (4720 more bytes)","args":[{"element-6066-11e4-a52e-4f735466cecf":"526cfbc6-f4d7-4fa6-9169-6b08c7f45163","ELEMENT":"526cfbc6-f4d7-4fa6-9169-6b08c7f45163"}]}
RESULT: {"script":"return (function isElementDisplayed(element) {\n  function nodeIsElement(node) {\n    if (!node) {\n      return false;\n    }\n\n    switch (node.nodeType) {\n      case Node.ELEMENT_NODE:\n      case Node.D ... (4720 more bytes)","args":[{"element-6066-11e4-a52e-4f735466cecf":"526cfbc6-f4d7-4fa6-9169-6b08c7f45163","ELEMENT":"526cfbc6-f4d7-4fa6-9169-6b08c7f45163"}]}
COMMAND: POST /session/a50525ecfed4dab97b65fe801209c817/element - {"using":"xpath","value":"//*[@id=\"agsjs_dijit__TOCNode_48\"]/div/span/span[2]"}
RESULT: {"using":"xpath","value":"//*[@id=\"agsjs_dijit__TOCNode_48\"]/div/span/span[2]"}
COMMAND: POST /session/a50525ecfed4dab97b65fe801209c817/execute/sync - {"script":"return (function isElementDisplayed(element) {\n  function nodeIsElement(node) {\n    if (!node) {\n      return false;\n    }\n\n    switch (node.nodeType) {\n      case Node.ELEMENT_NODE:\n      case Node.D ... (4720 more bytes)","args":[{"element-6066-11e4-a52e-4f735466cecf":"22daf5e3-2dad-450a-bc8a-cf86f974078c","ELEMENT":"22daf5e3-2dad-450a-bc8a-cf86f974078c"}]}
RESULT: {"script":"return (function isElementDisplayed(element) {\n  function nodeIsElement(node) {\n    if (!node) {\n      return false;\n    }\n\n    switch (node.nodeType) {\n      case Node.ELEMENT_NODE:\n      case Node.D ... (4720 more bytes)","args":[{"element-6066-11e4-a52e-4f735466cecf":"22daf5e3-2dad-450a-bc8a-cf86f974078c","ELEMENT":"22daf5e3-2dad-450a-bc8a-cf86f974078c"}]}
COMMAND: POST /session/a50525ecfed4dab97b65fe801209c817/element - {"using":"xpath","value":"//*[@id=\"agsjs_dijit__TOCNode_49\"]/div/span/span[2]"}
RESULT: {"using":"xpath","value":"//*[@id=\"agsjs_dijit__TOCNode_49\"]/div/span/span[2]"}
COMMAND: POST /session/a50525ecfed4dab97b65fe801209c817/execute/sync - {"script":"return (function isElementDisplayed(element) {\n  function nodeIsElement(node) {\n    if (!node) {\n      return false;\n    }\n\n    switch (node.nodeType) {\n      case Node.ELEMENT_NODE:\n      case Node.D ... (4720 more bytes)","args":[{"element-6066-11e4-a52e-4f735466cecf":"9a9f7117-44d0-4c22-8b92-e3fffb004c4e","ELEMENT":"9a9f7117-44d0-4c22-8b92-e3fffb004c4e"}]}
RESULT: {"script":"return (function isElementDisplayed(element) {\n  function nodeIsElement(node) {\n    if (!node) {\n      return false;\n    }\n\n    switch (node.nodeType) {\n      case Node.ELEMENT_NODE:\n      case Node.D ... (4720 more bytes)","args":[{"element-6066-11e4-a52e-4f735466cecf":"9a9f7117-44d0-4c22-8b92-e3fffb004c4e","ELEMENT":"9a9f7117-44d0-4c22-8b92-e3fffb004c4e"}]}
COMMAND: POST /session/a50525ecfed4dab97b65fe801209c817/element - {"using":"xpath","value":"//*[@id=\"agsjs_dijit__TOCNode_50\"]/div/span/span[2]"}
RESULT: {"using":"xpath","value":"//*[@id=\"agsjs_dijit__TOCNode_50\"]/div/span/span[2]"}
COMMAND: POST /session/a50525ecfed4dab97b65fe801209c817/execute/sync - {"script":"return (function isElementDisplayed(element) {\n  function nodeIsElement(node) {\n    if (!node) {\n      return false;\n    }\n\n    switch (node.nodeType) {\n      case Node.ELEMENT_NODE:\n      case Node.D ... (4720 more bytes)","args":[{"element-6066-11e4-a52e-4f735466cecf":"b592ef99-288e-4527-8fb0-971dd1ddef4a","ELEMENT":"b592ef99-288e-4527-8fb0-971dd1ddef4a"}]}
RESULT: {"script":"return (function isElementDisplayed(element) {\n  function nodeIsElement(node) {\n    if (!node) {\n      return false;\n    }\n\n    switch (node.nodeType) {\n      case Node.ELEMENT_NODE:\n      case Node.D ... (4720 more bytes)","args":[{"element-6066-11e4-a52e-4f735466cecf":"b592ef99-288e-4527-8fb0-971dd1ddef4a","ELEMENT":"b592ef99-288e-4527-8fb0-971dd1ddef4a"}]}
COMMAND: POST /session/a50525ecfed4dab97b65fe801209c817/element - {"using":"xpath","value":"//*[@id=\"agsjs_dijit__TOCNode_51\"]/div/span/span[2]"}
RESULT: {"using":"xpath","value":"//*[@id=\"agsjs_dijit__TOCNode_51\"]/div/span/span[2]"}
COMMAND: POST /session/a50525ecfed4dab97b65fe801209c817/execute/sync - {"script":"return (function isElementDisplayed(element) {\n  function nodeIsElement(node) {\n    if (!node) {\n      return false;\n    }\n\n    switch (node.nodeType) {\n      case Node.ELEMENT_NODE:\n      case Node.D ... (4720 more bytes)","args":[{"element-6066-11e4-a52e-4f735466cecf":"7e8aed70-fbc4-438f-924e-072f9814bcbd","ELEMENT":"7e8aed70-fbc4-438f-924e-072f9814bcbd"}]}
RESULT: {"script":"return (function isElementDisplayed(element) {\n  function nodeIsElement(node) {\n    if (!node) {\n      return false;\n    }\n\n    switch (node.nodeType) {\n      case Node.ELEMENT_NODE:\n      case Node.D ... (4720 more bytes)","args":[{"element-6066-11e4-a52e-4f735466cecf":"7e8aed70-fbc4-438f-924e-072f9814bcbd","ELEMENT":"7e8aed70-fbc4-438f-924e-072f9814bcbd"}]}
COMMAND: POST /session/a50525ecfed4dab97b65fe801209c817/element - {"using":"xpath","value":"//*[@id=\"agsjs_dijit__TOCNode_52\"]/div/span/span[2]"}
RESULT: {"using":"xpath","value":"//*[@id=\"agsjs_dijit__TOCNode_52\"]/div/span/span[2]"}
COMMAND: POST /session/a50525ecfed4dab97b65fe801209c817/execute/sync - {"script":"return (function isElementDisplayed(element) {\n  function nodeIsElement(node) {\n    if (!node) {\n      return false;\n    }\n\n    switch (node.nodeType) {\n      case Node.ELEMENT_NODE:\n      case Node.D ... (4720 more bytes)","args":[{"element-6066-11e4-a52e-4f735466cecf":"6db0cbc8-83bf-4c70-b62e-72a3e8514ee3","ELEMENT":"6db0cbc8-83bf-4c70-b62e-72a3e8514ee3"}]}
RESULT: {"script":"return (function isElementDisplayed(element) {\n  function nodeIsElement(node) {\n    if (!node) {\n      return false;\n    }\n\n    switch (node.nodeType) {\n      case Node.ELEMENT_NODE:\n      case Node.D ... (4720 more bytes)","args":[{"element-6066-11e4-a52e-4f735466cecf":"6db0cbc8-83bf-4c70-b62e-72a3e8514ee3","ELEMENT":"6db0cbc8-83bf-4c70-b62e-72a3e8514ee3"}]}
COMMAND: POST /session/a50525ecfed4dab97b65fe801209c817/element - {"using":"xpath","value":"//*[@id=\"agsjs_dijit__TOCNode_53\"]/div/span/span[2]"}
RESULT: {"using":"xpath","value":"//*[@id=\"agsjs_dijit__TOCNode_53\"]/div/span/span[2]"}
COMMAND: POST /session/a50525ecfed4dab97b65fe801209c817/execute/sync - {"script":"return (function isElementDisplayed(element) {\n  function nodeIsElement(node) {\n    if (!node) {\n      return false;\n    }\n\n    switch (node.nodeType) {\n      case Node.ELEMENT_NODE:\n      case Node.D ... (4720 more bytes)","args":[{"element-6066-11e4-a52e-4f735466cecf":"3634cc1b-8dc9-43e3-9ad6-0902cfb7d5a4","ELEMENT":"3634cc1b-8dc9-43e3-9ad6-0902cfb7d5a4"}]}
RESULT: {"script":"return (function isElementDisplayed(element) {\n  function nodeIsElement(node) {\n    if (!node) {\n      return false;\n    }\n\n    switch (node.nodeType) {\n      case Node.ELEMENT_NODE:\n      case Node.D ... (4720 more bytes)","args":[{"element-6066-11e4-a52e-4f735466cecf":"3634cc1b-8dc9-43e3-9ad6-0902cfb7d5a4","ELEMENT":"3634cc1b-8dc9-43e3-9ad6-0902cfb7d5a4"}]}
COMMAND: POST /session/a50525ecfed4dab97b65fe801209c817/element - {"using":"xpath","value":"//*[@id=\"agsjs_dijit__TOCNode_54\"]/div[1]/span/span[2]"}
RESULT: {"using":"xpath","value":"//*[@id=\"agsjs_dijit__TOCNode_54\"]/div[1]/span/span[2]"}
COMMAND: POST /session/a50525ecfed4dab97b65fe801209c817/execute/sync - {"script":"return (function isElementDisplayed(element) {\n  function nodeIsElement(node) {\n    if (!node) {\n      return false;\n    }\n\n    switch (node.nodeType) {\n      case Node.ELEMENT_NODE:\n      case Node.D ... (4720 more bytes)","args":[{"element-6066-11e4-a52e-4f735466cecf":"fc6901ad-6707-460a-93d9-cf84ddac28f5","ELEMENT":"fc6901ad-6707-460a-93d9-cf84ddac28f5"}]}
RESULT: {"script":"return (function isElementDisplayed(element) {\n  function nodeIsElement(node) {\n    if (!node) {\n      return false;\n    }\n\n    switch (node.nodeType) {\n      case Node.ELEMENT_NODE:\n      case Node.D ... (4720 more bytes)","args":[{"element-6066-11e4-a52e-4f735466cecf":"fc6901ad-6707-460a-93d9-cf84ddac28f5","ELEMENT":"fc6901ad-6707-460a-93d9-cf84ddac28f5"}]}
COMMAND: POST /session/a50525ecfed4dab97b65fe801209c817/element - {"using":"xpath","value":"//*[@id=\"agsjs_dijit__TOCNode_55\"]/div/span/span[2]"}
RESULT: {"using":"xpath","value":"//*[@id=\"agsjs_dijit__TOCNode_55\"]/div/span/span[2]"}
COMMAND: POST /session/a50525ecfed4dab97b65fe801209c817/execute/sync - {"script":"return (function isElementDisplayed(element) {\n  function nodeIsElement(node) {\n    if (!node) {\n      return false;\n    }\n\n    switch (node.nodeType) {\n      case Node.ELEMENT_NODE:\n      case Node.D ... (4720 more bytes)","args":[{"element-6066-11e4-a52e-4f735466cecf":"4280a23a-67bf-415c-96f1-8c6965aa84f8","ELEMENT":"4280a23a-67bf-415c-96f1-8c6965aa84f8"}]}
RESULT: {"script":"return (function isElementDisplayed(element) {\n  function nodeIsElement(node) {\n    if (!node) {\n      return false;\n    }\n\n    switch (node.nodeType) {\n      case Node.ELEMENT_NODE:\n      case Node.D ... (4720 more bytes)","args":[{"element-6066-11e4-a52e-4f735466cecf":"4280a23a-67bf-415c-96f1-8c6965aa84f8","ELEMENT":"4280a23a-67bf-415c-96f1-8c6965aa84f8"}]}
COMMAND: POST /session/a50525ecfed4dab97b65fe801209c817/element - {"using":"xpath","value":"//*[@id=\"agsjs_dijit__TOCNode_56\"]/div/span/span[2]"}
RESULT: {"using":"xpath","value":"//*[@id=\"agsjs_dijit__TOCNode_56\"]/div/span/span[2]"}
COMMAND: POST /session/a50525ecfed4dab97b65fe801209c817/execute/sync - {"script":"return (function isElementDisplayed(element) {\n  function nodeIsElement(node) {\n    if (!node) {\n      return false;\n    }\n\n    switch (node.nodeType) {\n      case Node.ELEMENT_NODE:\n      case Node.D ... (4720 more bytes)","args":[{"element-6066-11e4-a52e-4f735466cecf":"95d4c25e-6f5a-4f65-a042-edf023f7a64a","ELEMENT":"95d4c25e-6f5a-4f65-a042-edf023f7a64a"}]}
RESULT: {"script":"return (function isElementDisplayed(element) {\n  function nodeIsElement(node) {\n    if (!node) {\n      return false;\n    }\n\n    switch (node.nodeType) {\n      case Node.ELEMENT_NODE:\n      case Node.D ... (4720 more bytes)","args":[{"element-6066-11e4-a52e-4f735466cecf":"95d4c25e-6f5a-4f65-a042-edf023f7a64a","ELEMENT":"95d4c25e-6f5a-4f65-a042-edf023f7a64a"}]}
COMMAND: POST /session/a50525ecfed4dab97b65fe801209c817/element - {"using":"xpath","value":"//*[@id=\"agsjs_dijit__TOCNode_57\"]/div[1]/span/span[2]"}
RESULT: {"using":"xpath","value":"//*[@id=\"agsjs_dijit__TOCNode_57\"]/div[1]/span/span[2]"}
COMMAND: POST /session/a50525ecfed4dab97b65fe801209c817/execute/sync - {"script":"return (function isElementDisplayed(element) {\n  function nodeIsElement(node) {\n    if (!node) {\n      return false;\n    }\n\n    switch (node.nodeType) {\n      case Node.ELEMENT_NODE:\n      case Node.D ... (4720 more bytes)","args":[{"element-6066-11e4-a52e-4f735466cecf":"0c2a9025-1f14-400d-814f-0a5f1f316289","ELEMENT":"0c2a9025-1f14-400d-814f-0a5f1f316289"}]}
RESULT: {"script":"return (function isElementDisplayed(element) {\n  function nodeIsElement(node) {\n    if (!node) {\n      return false;\n    }\n\n    switch (node.nodeType) {\n      case Node.ELEMENT_NODE:\n      case Node.D ... (4720 more bytes)","args":[{"element-6066-11e4-a52e-4f735466cecf":"0c2a9025-1f14-400d-814f-0a5f1f316289","ELEMENT":"0c2a9025-1f14-400d-814f-0a5f1f316289"}]}
COMMAND: POST /session/a50525ecfed4dab97b65fe801209c817/element - {"using":"xpath","value":"//*[@id=\"agsjs_dijit__TOCNode_58\"]/div[1]/span/span[2]"}
RESULT: {"using":"xpath","value":"//*[@id=\"agsjs_dijit__TOCNode_58\"]/div[1]/span/span[2]"}
COMMAND: POST /session/a50525ecfed4dab97b65fe801209c817/execute/sync - {"script":"return (function isElementDisplayed(element) {\n  function nodeIsElement(node) {\n    if (!node) {\n      return false;\n    }\n\n    switch (node.nodeType) {\n      case Node.ELEMENT_NODE:\n      case Node.D ... (4720 more bytes)","args":[{"element-6066-11e4-a52e-4f735466cecf":"c619a783-82a3-4875-a4d2-39b7160761e3","ELEMENT":"c619a783-82a3-4875-a4d2-39b7160761e3"}]}
RESULT: {"script":"return (function isElementDisplayed(element) {\n  function nodeIsElement(node) {\n    if (!node) {\n      return false;\n    }\n\n    switch (node.nodeType) {\n      case Node.ELEMENT_NODE:\n      case Node.D ... (4720 more bytes)","args":[{"element-6066-11e4-a52e-4f735466cecf":"c619a783-82a3-4875-a4d2-39b7160761e3","ELEMENT":"c619a783-82a3-4875-a4d2-39b7160761e3"}]}
COMMAND: POST /session/a50525ecfed4dab97b65fe801209c817/element - {"using":"xpath","value":"//*[@id=\"agsjs_dijit__TOCNode_59\"]/div[1]/span/span[2]"}
RESULT: {"using":"xpath","value":"//*[@id=\"agsjs_dijit__TOCNode_59\"]/div[1]/span/span[2]"}
COMMAND: POST /session/a50525ecfed4dab97b65fe801209c817/execute/sync - {"script":"return (function isElementDisplayed(element) {\n  function nodeIsElement(node) {\n    if (!node) {\n      return false;\n    }\n\n    switch (node.nodeType) {\n      case Node.ELEMENT_NODE:\n      case Node.D ... (4720 more bytes)","args":[{"element-6066-11e4-a52e-4f735466cecf":"ae3cea30-8b3b-45d0-aeac-d4e914988952","ELEMENT":"ae3cea30-8b3b-45d0-aeac-d4e914988952"}]}
RESULT: {"script":"return (function isElementDisplayed(element) {\n  function nodeIsElement(node) {\n    if (!node) {\n      return false;\n    }\n\n    switch (node.nodeType) {\n      case Node.ELEMENT_NODE:\n      case Node.D ... (4720 more bytes)","args":[{"element-6066-11e4-a52e-4f735466cecf":"ae3cea30-8b3b-45d0-aeac-d4e914988952","ELEMENT":"ae3cea30-8b3b-45d0-aeac-d4e914988952"}]}
COMMAND: POST /session/a50525ecfed4dab97b65fe801209c817/element - {"using":"xpath","value":"//*[@id=\"agsjs_dijit__TOCNode_60\"]/div[1]/span/span[2]"}
RESULT: {"using":"xpath","value":"//*[@id=\"agsjs_dijit__TOCNode_60\"]/div[1]/span/span[2]"}
COMMAND: POST /session/a50525ecfed4dab97b65fe801209c817/execute/sync - {"script":"return (function isElementDisplayed(element) {\n  function nodeIsElement(node) {\n    if (!node) {\n      return false;\n    }\n\n    switch (node.nodeType) {\n      case Node.ELEMENT_NODE:\n      case Node.D ... (4720 more bytes)","args":[{"element-6066-11e4-a52e-4f735466cecf":"d51e5abc-1737-4633-bcc8-8575ad1c317d","ELEMENT":"d51e5abc-1737-4633-bcc8-8575ad1c317d"}]}
RESULT: {"script":"return (function isElementDisplayed(element) {\n  function nodeIsElement(node) {\n    if (!node) {\n      return false;\n    }\n\n    switch (node.nodeType) {\n      case Node.ELEMENT_NODE:\n      case Node.D ... (4720 more bytes)","args":[{"element-6066-11e4-a52e-4f735466cecf":"d51e5abc-1737-4633-bcc8-8575ad1c317d","ELEMENT":"d51e5abc-1737-4633-bcc8-8575ad1c317d"}]}
COMMAND: POST /session/a50525ecfed4dab97b65fe801209c817/element - {"using":"xpath","value":"//*[@id=\"agsjs_dijit__TOCNode_61\"]/div/span/span[2]"}
RESULT: {"using":"xpath","value":"//*[@id=\"agsjs_dijit__TOCNode_61\"]/div/span/span[2]"}
COMMAND: POST /session/a50525ecfed4dab97b65fe801209c817/execute/sync - {"script":"return (function isElementDisplayed(element) {\n  function nodeIsElement(node) {\n    if (!node) {\n      return false;\n    }\n\n    switch (node.nodeType) {\n      case Node.ELEMENT_NODE:\n      case Node.D ... (4720 more bytes)","args":[{"element-6066-11e4-a52e-4f735466cecf":"52f05df4-a7a5-4dea-9cb3-8880d8ad8e69","ELEMENT":"52f05df4-a7a5-4dea-9cb3-8880d8ad8e69"}]}
RESULT: {"script":"return (function isElementDisplayed(element) {\n  function nodeIsElement(node) {\n    if (!node) {\n      return false;\n    }\n\n    switch (node.nodeType) {\n      case Node.ELEMENT_NODE:\n      case Node.D ... (4720 more bytes)","args":[{"element-6066-11e4-a52e-4f735466cecf":"52f05df4-a7a5-4dea-9cb3-8880d8ad8e69","ELEMENT":"52f05df4-a7a5-4dea-9cb3-8880d8ad8e69"}]}
COMMAND: POST /session/a50525ecfed4dab97b65fe801209c817/element - {"using":"xpath","value":"//*[@id=\"agsjs_dijit__TOCNode_62\"]/div[1]/span/span[2]"}
RESULT: {"using":"xpath","value":"//*[@id=\"agsjs_dijit__TOCNode_62\"]/div[1]/span/span[2]"}
COMMAND: POST /session/a50525ecfed4dab97b65fe801209c817/execute/sync - {"script":"return (function isElementDisplayed(element) {\n  function nodeIsElement(node) {\n    if (!node) {\n      return false;\n    }\n\n    switch (node.nodeType) {\n      case Node.ELEMENT_NODE:\n      case Node.D ... (4720 more bytes)","args":[{"element-6066-11e4-a52e-4f735466cecf":"d95f7529-fb12-456f-b171-3bdfdda5b3fc","ELEMENT":"d95f7529-fb12-456f-b171-3bdfdda5b3fc"}]}
RESULT: {"script":"return (function isElementDisplayed(element) {\n  function nodeIsElement(node) {\n    if (!node) {\n      return false;\n    }\n\n    switch (node.nodeType) {\n      case Node.ELEMENT_NODE:\n      case Node.D ... (4720 more bytes)","args":[{"element-6066-11e4-a52e-4f735466cecf":"d95f7529-fb12-456f-b171-3bdfdda5b3fc","ELEMENT":"d95f7529-fb12-456f-b171-3bdfdda5b3fc"}]}
COMMAND: POST /session/a50525ecfed4dab97b65fe801209c817/element - {"using":"xpath","value":"//*[@id=\"agsjs_dijit__TOCNode_63\"]/div/span/span[2]"}
RESULT: {"using":"xpath","value":"//*[@id=\"agsjs_dijit__TOCNode_63\"]/div/span/span[2]"}
COMMAND: POST /session/a50525ecfed4dab97b65fe801209c817/execute/sync - {"script":"return (function isElementDisplayed(element) {\n  function nodeIsElement(node) {\n    if (!node) {\n      return false;\n    }\n\n    switch (node.nodeType) {\n      case Node.ELEMENT_NODE:\n      case Node.D ... (4720 more bytes)","args":[{"element-6066-11e4-a52e-4f735466cecf":"95287c08-3b3a-462e-8da3-03a6a882e32b","ELEMENT":"95287c08-3b3a-462e-8da3-03a6a882e32b"}]}
RESULT: {"script":"return (function isElementDisplayed(element) {\n  function nodeIsElement(node) {\n    if (!node) {\n      return false;\n    }\n\n    switch (node.nodeType) {\n      case Node.ELEMENT_NODE:\n      case Node.D ... (4720 more bytes)","args":[{"element-6066-11e4-a52e-4f735466cecf":"95287c08-3b3a-462e-8da3-03a6a882e32b","ELEMENT":"95287c08-3b3a-462e-8da3-03a6a882e32b"}]}
COMMAND: DELETE /session/a50525ecfed4dab97b65fe801209c817 - {}
RESULT: {}
]]>
      </system-out>
    </testcase>
  </testsuite>
</testsuites>