<?xml version="1.0"?>
<testsuites>
<testsuite name="Validate_SJG_project_card_selected" timestamp="2020-08-17T20:33:12" time="0.427" tests="1" failures="0" errors="1" skipped="0">
  
  <properties>
    
    <property name="specId" value="0"/>
    
    <property name="suiteName" value="Validate SJG project card selected"/>
    
    <property name="capabilities" value="chrome.84_0_4147_125.windows"/>
    
    <property name="file" value=".\test\Login.test.js"/>
    
  </properties>
  
  <testcase classname="chrome.84_0_4147_125.windows.Validate_SJG_project_card_selected" name="Login_to_testfieldbook" time="0.424">
    
    <error message="expected &apos;Home Page | Mott MacDonald&apos; to equal &apos;South Jersey Gas&apos;"/>
    
    <system-out>
      
      <![CDATA[COMMAND: GET /session/183786ee9934e14750b68d1557286ad1/title - {}
RESULT: {}
COMMAND: GET /session/183786ee9934e14750b68d1557286ad1/screenshot - {}
RESULT: {}
COMMAND: DELETE /session/183786ee9934e14750b68d1557286ad1 - {}
RESULT: {}]]>
      
    </system-out>
    
    <system-err>
      
      <![CDATA[AssertionError: expected 'Home Page | Mott MacDonald' to equal 'South Jersey Gas'
    at Context.<anonymous> (C:\Users\Alok's\Documents\WebDriverIO\test\Login.test.js:8:36)
    at Context.executeSync (C:\Users\Alok's\Documents\WebDriverIO\node_modules\@wdio\sync\build\index.js:56:18)
    at C:\Users\Alok's\Documents\WebDriverIO\node_modules\@wdio\sync\build\index.js:82:70]]>
      
    </system-err>
    
  </testcase>
  
</testsuite>

<testsuite name="Verifying_identify_functionality" timestamp="2020-08-17T19:41:41" time="50.314" tests="1" failures="0" errors="0" skipped="0">
  
  <properties>
    
    <property name="specId" value="0"/>
    
    <property name="suiteName" value="Verifying identify functionality"/>
    
    <property name="capabilities" value="chrome.84_0_4147_125.windows"/>
    
    <property name="file" value=".\test\identify.test.js"/>
    
  </properties>
  
  <testcase classname="chrome.84_0_4147_125.windows.Verifying_identify_functionality" name="TC_006_Identify_functionality_for_division_locations" time="50.311">
    
    <system-out>
      
      <![CDATA[COMMAND: POST /session/ce459432b38d815d0b740b85adec814b/element - {"using":"css selector","value":"#searchButton"}
RESULT: {"using":"css selector","value":"#searchButton"}
COMMAND: POST /session/ce459432b38d815d0b740b85adec814b/element/c8782a8d-b057-487e-94da-7da5de1fefd7/click - {}
RESULT: {}
COMMAND: POST /session/ce459432b38d815d0b740b85adec814b/element - {"using":"css selector","value":"#searchBox"}
RESULT: {"using":"css selector","value":"#searchBox"}
COMMAND: POST /session/ce459432b38d815d0b740b85adec814b/element/0bfe6eff-dad4-4108-ab66-d83e9cad678a/value - {"text":"maryland ter, atlantic city, nj"}
RESULT: {"text":"maryland ter, atlantic city, nj"}
COMMAND: POST /session/ce459432b38d815d0b740b85adec814b/element - {"using":"css selector","value":"#searchWidgetButton"}
RESULT: {"using":"css selector","value":"#searchWidgetButton"}
COMMAND: POST /session/ce459432b38d815d0b740b85adec814b/element/1ff6dece-2311-4ec0-bd4b-bb593a0733a9/click - {}
RESULT: {}
COMMAND: POST /session/ce459432b38d815d0b740b85adec814b/element - {"using":"xpath","value":"//*[@id=\"kendoSearchGrid\"]/div[4]/table/tbody/tr"}
RESULT: {"using":"xpath","value":"//*[@id=\"kendoSearchGrid\"]/div[4]/table/tbody/tr"}
COMMAND: POST /session/ce459432b38d815d0b740b85adec814b/elements - {"using":"xpath","value":"//*[@id=\"kendoSearchGrid\"]/div[4]/table/tbody/tr"}
RESULT: {"using":"xpath","value":"//*[@id=\"kendoSearchGrid\"]/div[4]/table/tbody/tr"}
COMMAND: POST /session/ce459432b38d815d0b740b85adec814b/elements - {"using":"xpath","value":"//*[@id=\"kendoSearchGrid\"]/div[4]/table/tbody/tr"}
RESULT: {"using":"xpath","value":"//*[@id=\"kendoSearchGrid\"]/div[4]/table/tbody/tr"}
COMMAND: POST /session/ce459432b38d815d0b740b85adec814b/elements - {"using":"xpath","value":"//*[@id=\"kendoSearchGrid\"]/div[4]/table/tbody/tr"}
RESULT: {"using":"xpath","value":"//*[@id=\"kendoSearchGrid\"]/div[4]/table/tbody/tr"}
COMMAND: POST /session/ce459432b38d815d0b740b85adec814b/elements - {"using":"xpath","value":"//*[@id=\"kendoSearchGrid\"]/div[4]/table/tbody/tr"}
RESULT: {"using":"xpath","value":"//*[@id=\"kendoSearchGrid\"]/div[4]/table/tbody/tr"}
COMMAND: POST /session/ce459432b38d815d0b740b85adec814b/element - {"using":"xpath","value":"//*[@id=\"kendoSearchGrid\"]/div[4]/table/tbody/tr"}
RESULT: {"using":"xpath","value":"//*[@id=\"kendoSearchGrid\"]/div[4]/table/tbody/tr"}
COMMAND: POST /session/ce459432b38d815d0b740b85adec814b/element/fd56a21d-d728-40ae-941a-0a8c97dc3574/click - {}
RESULT: {}
COMMAND: POST /session/ce459432b38d815d0b740b85adec814b/element - {"using":"xpath","value":"/html/body/div[12]/div[1]/div/a[2]/span"}
RESULT: {"using":"xpath","value":"/html/body/div[12]/div[1]/div/a[2]/span"}
COMMAND: POST /session/ce459432b38d815d0b740b85adec814b/elements - {"using":"xpath","value":"/html/body/div[12]/div[1]/div/a[2]/span"}
RESULT: {"using":"xpath","value":"/html/body/div[12]/div[1]/div/a[2]/span"}
COMMAND: POST /session/ce459432b38d815d0b740b85adec814b/elements - {"using":"xpath","value":"/html/body/div[12]/div[1]/div/a[2]/span"}
RESULT: {"using":"xpath","value":"/html/body/div[12]/div[1]/div/a[2]/span"}
COMMAND: POST /session/ce459432b38d815d0b740b85adec814b/element - {"using":"xpath","value":"/html/body/div[12]/div[1]/div/a[2]/span"}
RESULT: {"using":"xpath","value":"/html/body/div[12]/div[1]/div/a[2]/span"}
COMMAND: POST /session/ce459432b38d815d0b740b85adec814b/element/cebd76dd-4f3f-4f71-8ab5-a7c6186928a8/click - {}
RESULT: {}
COMMAND: POST /session/ce459432b38d815d0b740b85adec814b/element - {"using":"css selector","value":"#identifyButton"}
RESULT: {"using":"css selector","value":"#identifyButton"}
COMMAND: POST /session/ce459432b38d815d0b740b85adec814b/element/d261f4d6-5f08-4713-93b0-1f2e987196f1/click - {}
RESULT: {}
COMMAND: POST /session/ce459432b38d815d0b740b85adec814b/element - {"using":"xpath","value":"//*[@id=\"dijit_form_ComboButton_0_arrow\"]"}
RESULT: {"using":"xpath","value":"//*[@id=\"dijit_form_ComboButton_0_arrow\"]"}
COMMAND: GET /session/ce459432b38d815d0b740b85adec814b/element/588f8eaa-1792-44ee-8260-1e49cbcb43fb/rect - {}
RESULT: {}
COMMAND: POST /session/ce459432b38d815d0b740b85adec814b/actions - {"actions":[{"type":"pointer","id":"pointer1","parameters":{"pointerType":"mouse"},"actions":[{"type":"pointerMove","origin":{"sessionId":"ce459432b38d815d0b740b85adec814b","elementId":"588f8eaa-1792-44ee-8260-1e49cbcb43fb","element-6066-11e4-a52e-4f735466cecf":"588f8eaa-1792-44ee-8260-1e49cbcb43fb","selector":"//*[@id=\"dijit_form_ComboButton_0_arrow\"]","parent":{"capabilities":{"acceptInsecureCerts":false,"browserName":"chrome","browserVersion":"84.0.4147.125","chrome":{"chromedriverVersion":"84.0.4147.30 (48b3e868b4cc0aa7e8149519690b6f6949e110a8-refs/branch-heads/4147@{#310})","userDataDir":"C:\\Users\\Alok's\\AppData\\Local\\Temp\\scoped_dir13452_1708416933"},"goog:chromeOptions":{"debuggerAddress":"localhost:58530"},"networkConnectionEnabled":false,"pageLoadStrategy":"normal","platformName":"windows","proxy":{},"setWindowRect":true,"_":"5 more keys: [\"strictFileInteractability\",\"timeouts\",\"unhandledPromptBehavior\",\"webauthn:virtualAuthenticators\",\"webdriver.remote.sessionid\"]"},"config":{"specs":["./test/**/*.js"],"suites":{},"exclude":[],"logLevel":"info","logLevels":{},"excludeDriverLogs":[],"bail":0,"waitforInterval":500,"waitforTimeout":300000,"framework":"mocha","_":"40 more keys: [\"reporters\",\"services\",\"maxInstances\",\"maxInstancesPerCapability\",\"filesToWatch\",\"connectionRetryTimeout\",\"connectionRetryCount\",\"execArgv\",\"runnerEnv\",\"runner\",\"mochaOpts\",\"jasmineNodeOpts\",\"cucumberOpts\",\"onPrepare\",\"onWorkerStart\",\"before\",\"beforeSession\",\"beforeSuite\",\"beforeHook\",\"beforeTest\",\"beforeCommand\",\"afterCommand\",\"afterTest\",\"afterHook\",\"afterSuite\",\"afterSession\",\"after\",\"onComplete\",\"onReload\",\"beforeFeature\",\"beforeScenario\",\"beforeStep\",\"afterStep\",\"afterScenario\",\"afterFeature\",\"baseUrl\",\"_\",\"$0\",\"ignoredWorkerServices\",\"specFileRetryAttempts\"]"},"_NOT_FIBER":true},"isReactElement":false,"_NOT_FIBER":false},"x":25,"y":97},{"type":"pointerDown","button":0},{"type":"pointerUp","button":0}]}]}
RESULT: {"actions":[{"type":"pointer","id":"pointer1","parameters":{"pointerType":"mouse"},"actions":[{"type":"pointerMove","origin":{"sessionId":"ce459432b38d815d0b740b85adec814b","elementId":"588f8eaa-1792-44ee-8260-1e49cbcb43fb","element-6066-11e4-a52e-4f735466cecf":"588f8eaa-1792-44ee-8260-1e49cbcb43fb","selector":"//*[@id=\"dijit_form_ComboButton_0_arrow\"]","parent":{"capabilities":{"acceptInsecureCerts":false,"browserName":"chrome","browserVersion":"84.0.4147.125","chrome":{"chromedriverVersion":"84.0.4147.30 (48b3e868b4cc0aa7e8149519690b6f6949e110a8-refs/branch-heads/4147@{#310})","userDataDir":"C:\\Users\\Alok's\\AppData\\Local\\Temp\\scoped_dir13452_1708416933"},"goog:chromeOptions":{"debuggerAddress":"localhost:58530"},"networkConnectionEnabled":false,"pageLoadStrategy":"normal","platformName":"windows","proxy":{},"setWindowRect":true,"_":"5 more keys: [\"strictFileInteractability\",\"timeouts\",\"unhandledPromptBehavior\",\"webauthn:virtualAuthenticators\",\"webdriver.remote.sessionid\"]"},"config":{"specs":["./test/**/*.js"],"suites":{},"exclude":[],"logLevel":"info","logLevels":{},"excludeDriverLogs":[],"bail":0,"waitforInterval":500,"waitforTimeout":300000,"framework":"mocha","_":"40 more keys: [\"reporters\",\"services\",\"maxInstances\",\"maxInstancesPerCapability\",\"filesToWatch\",\"connectionRetryTimeout\",\"connectionRetryCount\",\"execArgv\",\"runnerEnv\",\"runner\",\"mochaOpts\",\"jasmineNodeOpts\",\"cucumberOpts\",\"onPrepare\",\"onWorkerStart\",\"before\",\"beforeSession\",\"beforeSuite\",\"beforeHook\",\"beforeTest\",\"beforeCommand\",\"afterCommand\",\"afterTest\",\"afterHook\",\"afterSuite\",\"afterSession\",\"after\",\"onComplete\",\"onReload\",\"beforeFeature\",\"beforeScenario\",\"beforeStep\",\"afterStep\",\"afterScenario\",\"afterFeature\",\"baseUrl\",\"_\",\"$0\",\"ignoredWorkerServices\",\"specFileRetryAttempts\"]"},"_NOT_FIBER":true},"isReactElement":false,"_NOT_FIBER":false},"x":25,"y":97},{"type":"pointerDown","button":0},{"type":"pointerUp","button":0}]}]}
COMMAND: DELETE /session/ce459432b38d815d0b740b85adec814b/actions - {}
RESULT: {}
COMMAND: POST /session/ce459432b38d815d0b740b85adec814b/element - {"using":"xpath","value":"//*[@id=\"identifyLayerName\"]/b"}
RESULT: {"using":"xpath","value":"//*[@id=\"identifyLayerName\"]/b"}
COMMAND: GET /session/ce459432b38d815d0b740b85adec814b/element/e3c8af2c-2123-41d5-889a-81feda18fde3/text - {}
RESULT: {}
COMMAND: DELETE /session/ce459432b38d815d0b740b85adec814b - {}
RESULT: {}]]>
      
    </system-out>
    
  </testcase>
  
</testsuite>

<testsuite name="Verifying_legend_components" timestamp="2020-08-17T19:45:07" time="6.354" tests="1" failures="0" errors="0" skipped="0">
  
  <properties>
    
    <property name="specId" value="0"/>
    
    <property name="suiteName" value="Verifying legend components"/>
    
    <property name="capabilities" value="chrome.84_0_4147_125.windows"/>
    
    <property name="file" value=".\test\legend.test.js"/>
    
  </properties>
  
  <testcase classname="chrome.84_0_4147_125.windows.Verifying_legend_components" name="Should_verify_legend_layer_Work_Order_Points" time="6.352">
    
    <system-out>
      
      <![CDATA[COMMAND: POST /session/1c31c1835270431087ae646b4030405b/element - {"using":"xpath","value":"//*[@id=\"map_zoom_slider\"]/div[1]/span"}
RESULT: {"using":"xpath","value":"//*[@id=\"agsjs_dijit__TOCNode_70\"]/div/span/span[2]"}
RESULT: {"using":"xpath","value":"//*[@id=\"map_zoom_slider\"]/div[1]/span"}
COMMAND: POST /session/1c31c1835270431087ae646b4030405b/element/d09e7612-fe8b-4b62-bfca-82d5df96205f/click - {}
RESULT: {}
COMMAND: POST /session/1c31c1835270431087ae646b4030405b/element - {"using":"xpath","value":"//*[@id=\"map_zoom_slider\"]/div[1]/span"}
RESULT: {"using":"xpath","value":"//*[@id=\"map_zoom_slider\"]/div[1]/span"}
COMMAND: POST /session/1c31c1835270431087ae646b4030405b/element/d09e7612-fe8b-4b62-bfca-82d5df96205f/click - {}
RESULT: {}
COMMAND: POST /session/1c31c1835270431087ae646b4030405b/element - {"using":"xpath","value":"//*[@id=\"map_zoom_slider\"]/div[1]/span"}
RESULT: {"using":"xpath","value":"//*[@id=\"map_zoom_slider\"]/div[1]/span"}
COMMAND: POST /session/1c31c1835270431087ae646b4030405b/element/d09e7612-fe8b-4b62-bfca-82d5df96205f/click - {}
RESULT: {}
COMMAND: POST /session/1c31c1835270431087ae646b4030405b/element - {"using":"xpath","value":"//*[@id=\"map_zoom_slider\"]/div[1]/span"}
RESULT: {"using":"xpath","value":"//*[@id=\"map_zoom_slider\"]/div[1]/span"}
COMMAND: POST /session/1c31c1835270431087ae646b4030405b/element/d09e7612-fe8b-4b62-bfca-82d5df96205f/click - {}
RESULT: {}
COMMAND: POST /session/1c31c1835270431087ae646b4030405b/element - {"using":"xpath","value":"//*[@id=\"map_zoom_slider\"]/div[1]/span"}
RESULT: {"using":"xpath","value":"//*[@id=\"map_zoom_slider\"]/div[1]/span"}
COMMAND: POST /session/1c31c1835270431087ae646b4030405b/element/d09e7612-fe8b-4b62-bfca-82d5df96205f/click - {}
RESULT: {}
COMMAND: POST /session/1c31c1835270431087ae646b4030405b/element - {"using":"xpath","value":"//*[@id=\"map_zoom_slider\"]/div[1]/span"}
RESULT: {"using":"xpath","value":"//*[@id=\"map_zoom_slider\"]/div[1]/span"}
COMMAND: POST /session/1c31c1835270431087ae646b4030405b/element/d09e7612-fe8b-4b62-bfca-82d5df96205f/click - {}
RESULT: {}
COMMAND: POST /session/1c31c1835270431087ae646b4030405b/element - {"using":"xpath","value":"//*[@id=\"map_zoom_slider\"]/div[1]/span"}
RESULT: {"using":"xpath","value":"//*[@id=\"map_zoom_slider\"]/div[1]/span"}
COMMAND: POST /session/1c31c1835270431087ae646b4030405b/element/d09e7612-fe8b-4b62-bfca-82d5df96205f/click - {}
RESULT: {}
COMMAND: POST /session/1c31c1835270431087ae646b4030405b/element - {"using":"xpath","value":"//*[@id=\"map_zoom_slider\"]/div[1]/span"}
RESULT: {"using":"xpath","value":"//*[@id=\"map_zoom_slider\"]/div[1]/span"}
COMMAND: POST /session/1c31c1835270431087ae646b4030405b/element/d09e7612-fe8b-4b62-bfca-82d5df96205f/click - {}
RESULT: {}
COMMAND: POST /session/1c31c1835270431087ae646b4030405b/element - {"using":"xpath","value":"//*[@id=\"map_zoom_slider\"]/div[1]/span"}
RESULT: {"using":"xpath","value":"//*[@id=\"map_zoom_slider\"]/div[1]/span"}
COMMAND: POST /session/1c31c1835270431087ae646b4030405b/element/d09e7612-fe8b-4b62-bfca-82d5df96205f/click - {}
RESULT: {}
COMMAND: POST /session/1c31c1835270431087ae646b4030405b/element - {"using":"xpath","value":"//*[@id=\"map_zoom_slider\"]/div[1]/span"}
RESULT: {"using":"xpath","value":"//*[@id=\"map_zoom_slider\"]/div[1]/span"}
COMMAND: POST /session/1c31c1835270431087ae646b4030405b/element/d09e7612-fe8b-4b62-bfca-82d5df96205f/click - {}
RESULT: {}
COMMAND: POST /session/1c31c1835270431087ae646b4030405b/element - {"using":"css selector","value":"#legendButton_label"}
RESULT: {"using":"css selector","value":"#legendButton_label"}
COMMAND: POST /session/1c31c1835270431087ae646b4030405b/element/d368f96b-5a27-478f-ad04-7f57870cdbce/click - {}
RESULT: {}
COMMAND: POST /session/1c31c1835270431087ae646b4030405b/element - {"using":"xpath","value":"//*[@id=\"agsjs_dijit__TOCNode_64\"]/div/span/span[2]"}
RESULT: {"using":"xpath","value":"//*[@id=\"agsjs_dijit__TOCNode_64\"]/div/span/span[2]"}
COMMAND: POST /session/1c31c1835270431087ae646b4030405b/execute/sync - {"script":"return (function isElementDisplayed(element) {\n  function nodeIsElement(node) {\n    if (!node) {\n      return false;\n    }\n\n    switch (node.nodeType) {\n      case Node.ELEMENT_NODE:\n      case Node.D ... (4720 more bytes)","args":[{"element-6066-11e4-a52e-4f735466cecf":"d7cfd0e7-61c7-4acc-9478-a868738d6b3a","ELEMENT":"d7cfd0e7-61c7-4acc-9478-a868738d6b3a"}]}
RESULT: {"script":"return (function isElementDisplayed(element) {\n  function nodeIsElement(node) {\n    if (!node) {\n      return false;\n    }\n\n    switch (node.nodeType) {\n      case Node.ELEMENT_NODE:\n      case Node.D ... (4720 more bytes)","args":[{"element-6066-11e4-a52e-4f735466cecf":"d7cfd0e7-61c7-4acc-9478-a868738d6b3a","ELEMENT":"d7cfd0e7-61c7-4acc-9478-a868738d6b3a"}]}
COMMAND: POST /session/1c31c1835270431087ae646b4030405b/element - {"using":"xpath","value":"//*[@id=\"agsjs_dijit__TOCNode_4\"]/div/span/span[2]"}
RESULT: {"using":"xpath","value":"//*[@id=\"agsjs_dijit__TOCNode_4\"]/div/span/span[2]"}
COMMAND: POST /session/1c31c1835270431087ae646b4030405b/execute/sync - {"script":"return (function isElementDisplayed(element) {\n  function nodeIsElement(node) {\n    if (!node) {\n      return false;\n    }\n\n    switch (node.nodeType) {\n      case Node.ELEMENT_NODE:\n      case Node.D ... (4720 more bytes)","args":[{"element-6066-11e4-a52e-4f735466cecf":"7c9fb783-0a8a-46de-b9d7-93a8866995cd","ELEMENT":"7c9fb783-0a8a-46de-b9d7-93a8866995cd"}]}
RESULT: {"script":"return (function isElementDisplayed(element) {\n  function nodeIsElement(node) {\n    if (!node) {\n      return false;\n    }\n\n    switch (node.nodeType) {\n      case Node.ELEMENT_NODE:\n      case Node.D ... (4720 more bytes)","args":[{"element-6066-11e4-a52e-4f735466cecf":"7c9fb783-0a8a-46de-b9d7-93a8866995cd","ELEMENT":"7c9fb783-0a8a-46de-b9d7-93a8866995cd"}]}
COMMAND: POST /session/1c31c1835270431087ae646b4030405b/element - {"using":"xpath","value":"//*[@id=\"agsjs_dijit__TOCNode_5\"]/div/span/span[2]"}
RESULT: {"using":"xpath","value":"//*[@id=\"agsjs_dijit__TOCNode_5\"]/div/span/span[2]"}
COMMAND: POST /session/1c31c1835270431087ae646b4030405b/execute/sync - {"script":"return (function isElementDisplayed(element) {\n  function nodeIsElement(node) {\n    if (!node) {\n      return false;\n    }\n\n    switch (node.nodeType) {\n      case Node.ELEMENT_NODE:\n      case Node.D ... (4720 more bytes)","args":[{"element-6066-11e4-a52e-4f735466cecf":"4c806e8e-d8db-4393-a141-2b484d6a3620","ELEMENT":"4c806e8e-d8db-4393-a141-2b484d6a3620"}]}
RESULT: {"script":"return (function isElementDisplayed(element) {\n  function nodeIsElement(node) {\n    if (!node) {\n      return false;\n    }\n\n    switch (node.nodeType) {\n      case Node.ELEMENT_NODE:\n      case Node.D ... (4720 more bytes)","args":[{"element-6066-11e4-a52e-4f735466cecf":"4c806e8e-d8db-4393-a141-2b484d6a3620","ELEMENT":"4c806e8e-d8db-4393-a141-2b484d6a3620"}]}
COMMAND: POST /session/1c31c1835270431087ae646b4030405b/element - {"using":"xpath","value":"//*[@id=\"agsjs_dijit__TOCNode_6\"]/div/span/span[2]"}
RESULT: {"using":"xpath","value":"//*[@id=\"agsjs_dijit__TOCNode_6\"]/div/span/span[2]"}
COMMAND: POST /session/1c31c1835270431087ae646b4030405b/execute/sync - {"script":"return (function isElementDisplayed(element) {\n  function nodeIsElement(node) {\n    if (!node) {\n      return false;\n    }\n\n    switch (node.nodeType) {\n      case Node.ELEMENT_NODE:\n      case Node.D ... (4720 more bytes)","args":[{"element-6066-11e4-a52e-4f735466cecf":"d4940cec-5f58-4659-8e4f-e1fb75f7ce48","ELEMENT":"d4940cec-5f58-4659-8e4f-e1fb75f7ce48"}]}
RESULT: {"script":"return (function isElementDisplayed(element) {\n  function nodeIsElement(node) {\n    if (!node) {\n      return false;\n    }\n\n    switch (node.nodeType) {\n      case Node.ELEMENT_NODE:\n      case Node.D ... (4720 more bytes)","args":[{"element-6066-11e4-a52e-4f735466cecf":"d4940cec-5f58-4659-8e4f-e1fb75f7ce48","ELEMENT":"d4940cec-5f58-4659-8e4f-e1fb75f7ce48"}]}
COMMAND: POST /session/1c31c1835270431087ae646b4030405b/element - {"using":"xpath","value":"//*[@id=\"agsjs_dijit__TOCNode_7\"]/div/span/span[2]"}
RESULT: {"using":"xpath","value":"//*[@id=\"agsjs_dijit__TOCNode_7\"]/div/span/span[2]"}
COMMAND: POST /session/1c31c1835270431087ae646b4030405b/execute/sync - {"script":"return (function isElementDisplayed(element) {\n  function nodeIsElement(node) {\n    if (!node) {\n      return false;\n    }\n\n    switch (node.nodeType) {\n      case Node.ELEMENT_NODE:\n      case Node.D ... (4720 more bytes)","args":[{"element-6066-11e4-a52e-4f735466cecf":"295fe1f9-1209-4d5e-a51d-7bd346143192","ELEMENT":"295fe1f9-1209-4d5e-a51d-7bd346143192"}]}
RESULT: {"script":"return (function isElementDisplayed(element) {\n  function nodeIsElement(node) {\n    if (!node) {\n      return false;\n    }\n\n    switch (node.nodeType) {\n      case Node.ELEMENT_NODE:\n      case Node.D ... (4720 more bytes)","args":[{"element-6066-11e4-a52e-4f735466cecf":"295fe1f9-1209-4d5e-a51d-7bd346143192","ELEMENT":"295fe1f9-1209-4d5e-a51d-7bd346143192"}]}
COMMAND: POST /session/1c31c1835270431087ae646b4030405b/element - {"using":"xpath","value":"//*[@id=\"agsjs_dijit__TOCNode_8\"]/div/span/span[2]"}
RESULT: {"using":"xpath","value":"//*[@id=\"agsjs_dijit__TOCNode_8\"]/div/span/span[2]"}
COMMAND: POST /session/1c31c1835270431087ae646b4030405b/execute/sync - {"script":"return (function isElementDisplayed(element) {\n  function nodeIsElement(node) {\n    if (!node) {\n      return false;\n    }\n\n    switch (node.nodeType) {\n      case Node.ELEMENT_NODE:\n      case Node.D ... (4720 more bytes)","args":[{"element-6066-11e4-a52e-4f735466cecf":"721a4873-939b-4893-9383-62254a2e57e5","ELEMENT":"721a4873-939b-4893-9383-62254a2e57e5"}]}
RESULT: {"script":"return (function isElementDisplayed(element) {\n  function nodeIsElement(node) {\n    if (!node) {\n      return false;\n    }\n\n    switch (node.nodeType) {\n      case Node.ELEMENT_NODE:\n      case Node.D ... (4720 more bytes)","args":[{"element-6066-11e4-a52e-4f735466cecf":"721a4873-939b-4893-9383-62254a2e57e5","ELEMENT":"721a4873-939b-4893-9383-62254a2e57e5"}]}
COMMAND: POST /session/1c31c1835270431087ae646b4030405b/element - {"using":"xpath","value":"//*[@id=\"agsjs_dijit__TOCNode_9\"]/div/span/span[2]"}
RESULT: {"using":"xpath","value":"//*[@id=\"agsjs_dijit__TOCNode_9\"]/div/span/span[2]"}
COMMAND: POST /session/1c31c1835270431087ae646b4030405b/execute/sync - {"script":"return (function isElementDisplayed(element) {\n  function nodeIsElement(node) {\n    if (!node) {\n      return false;\n    }\n\n    switch (node.nodeType) {\n      case Node.ELEMENT_NODE:\n      case Node.D ... (4720 more bytes)","args":[{"element-6066-11e4-a52e-4f735466cecf":"77f23897-c263-47e9-a34d-d516cabd5621","ELEMENT":"77f23897-c263-47e9-a34d-d516cabd5621"}]}
RESULT: {"script":"return (function isElementDisplayed(element) {\n  function nodeIsElement(node) {\n    if (!node) {\n      return false;\n    }\n\n    switch (node.nodeType) {\n      case Node.ELEMENT_NODE:\n      case Node.D ... (4720 more bytes)","args":[{"element-6066-11e4-a52e-4f735466cecf":"77f23897-c263-47e9-a34d-d516cabd5621","ELEMENT":"77f23897-c263-47e9-a34d-d516cabd5621"}]}
COMMAND: POST /session/1c31c1835270431087ae646b4030405b/element - {"using":"xpath","value":"//*[@id=\"agsjs_dijit__TOCNode_10\"]/div/span/span[2]"}
RESULT: {"using":"xpath","value":"//*[@id=\"agsjs_dijit__TOCNode_10\"]/div/span/span[2]"}
COMMAND: POST /session/1c31c1835270431087ae646b4030405b/execute/sync - {"script":"return (function isElementDisplayed(element) {\n  function nodeIsElement(node) {\n    if (!node) {\n      return false;\n    }\n\n    switch (node.nodeType) {\n      case Node.ELEMENT_NODE:\n      case Node.D ... (4720 more bytes)","args":[{"element-6066-11e4-a52e-4f735466cecf":"2f19434c-2705-40fb-a9d5-e4786262dbd5","ELEMENT":"2f19434c-2705-40fb-a9d5-e4786262dbd5"}]}
RESULT: {"script":"return (function isElementDisplayed(element) {\n  function nodeIsElement(node) {\n    if (!node) {\n      return false;\n    }\n\n    switch (node.nodeType) {\n      case Node.ELEMENT_NODE:\n      case Node.D ... (4720 more bytes)","args":[{"element-6066-11e4-a52e-4f735466cecf":"2f19434c-2705-40fb-a9d5-e4786262dbd5","ELEMENT":"2f19434c-2705-40fb-a9d5-e4786262dbd5"}]}
COMMAND: POST /session/1c31c1835270431087ae646b4030405b/element - {"using":"xpath","value":"//*[@id=\"agsjs_dijit__TOCNode_11\"]/div/span/span[2]"}
RESULT: {"using":"xpath","value":"//*[@id=\"agsjs_dijit__TOCNode_11\"]/div/span/span[2]"}
COMMAND: POST /session/1c31c1835270431087ae646b4030405b/execute/sync - {"script":"return (function isElementDisplayed(element) {\n  function nodeIsElement(node) {\n    if (!node) {\n      return false;\n    }\n\n    switch (node.nodeType) {\n      case Node.ELEMENT_NODE:\n      case Node.D ... (4720 more bytes)","args":[{"element-6066-11e4-a52e-4f735466cecf":"06e641aa-e70f-414d-aaa7-1d120ec3297d","ELEMENT":"06e641aa-e70f-414d-aaa7-1d120ec3297d"}]}
RESULT: {"script":"return (function isElementDisplayed(element) {\n  function nodeIsElement(node) {\n    if (!node) {\n      return false;\n    }\n\n    switch (node.nodeType) {\n      case Node.ELEMENT_NODE:\n      case Node.D ... (4720 more bytes)","args":[{"element-6066-11e4-a52e-4f735466cecf":"06e641aa-e70f-414d-aaa7-1d120ec3297d","ELEMENT":"06e641aa-e70f-414d-aaa7-1d120ec3297d"}]}
COMMAND: POST /session/1c31c1835270431087ae646b4030405b/element - {"using":"xpath","value":"//*[@id=\"agsjs_dijit__TOCNode_12\"]/div/span/span[2]"}
RESULT: {"using":"xpath","value":"//*[@id=\"agsjs_dijit__TOCNode_12\"]/div/span/span[2]"}
COMMAND: POST /session/1c31c1835270431087ae646b4030405b/execute/sync - {"script":"return (function isElementDisplayed(element) {\n  function nodeIsElement(node) {\n    if (!node) {\n      return false;\n    }\n\n    switch (node.nodeType) {\n      case Node.ELEMENT_NODE:\n      case Node.D ... (4720 more bytes)","args":[{"element-6066-11e4-a52e-4f735466cecf":"b31982e4-9dfb-4da8-9206-11d8bc27cd98","ELEMENT":"b31982e4-9dfb-4da8-9206-11d8bc27cd98"}]}
RESULT: {"script":"return (function isElementDisplayed(element) {\n  function nodeIsElement(node) {\n    if (!node) {\n      return false;\n    }\n\n    switch (node.nodeType) {\n      case Node.ELEMENT_NODE:\n      case Node.D ... (4720 more bytes)","args":[{"element-6066-11e4-a52e-4f735466cecf":"b31982e4-9dfb-4da8-9206-11d8bc27cd98","ELEMENT":"b31982e4-9dfb-4da8-9206-11d8bc27cd98"}]}
COMMAND: POST /session/1c31c1835270431087ae646b4030405b/element - {"using":"xpath","value":"//*[@id=\"agsjs_dijit__TOCNode_13\"]/div/span/span[2]"}
RESULT: {"using":"xpath","value":"//*[@id=\"agsjs_dijit__TOCNode_13\"]/div/span/span[2]"}
COMMAND: POST /session/1c31c1835270431087ae646b4030405b/execute/sync - {"script":"return (function isElementDisplayed(element) {\n  function nodeIsElement(node) {\n    if (!node) {\n      return false;\n    }\n\n    switch (node.nodeType) {\n      case Node.ELEMENT_NODE:\n      case Node.D ... (4720 more bytes)","args":[{"element-6066-11e4-a52e-4f735466cecf":"6979b62e-c58e-4c3a-b1a1-283c144f702e","ELEMENT":"6979b62e-c58e-4c3a-b1a1-283c144f702e"}]}
RESULT: {"script":"return (function isElementDisplayed(element) {\n  function nodeIsElement(node) {\n    if (!node) {\n      return false;\n    }\n\n    switch (node.nodeType) {\n      case Node.ELEMENT_NODE:\n      case Node.D ... (4720 more bytes)","args":[{"element-6066-11e4-a52e-4f735466cecf":"6979b62e-c58e-4c3a-b1a1-283c144f702e","ELEMENT":"6979b62e-c58e-4c3a-b1a1-283c144f702e"}]}
COMMAND: POST /session/1c31c1835270431087ae646b4030405b/element - {"using":"xpath","value":"//*[@id=\"agsjs_dijit__TOCNode_14\"]/div/span/span[2]"}
RESULT: {"using":"xpath","value":"//*[@id=\"agsjs_dijit__TOCNode_14\"]/div/span/span[2]"}
COMMAND: POST /session/1c31c1835270431087ae646b4030405b/execute/sync - {"script":"return (function isElementDisplayed(element) {\n  function nodeIsElement(node) {\n    if (!node) {\n      return false;\n    }\n\n    switch (node.nodeType) {\n      case Node.ELEMENT_NODE:\n      case Node.D ... (4720 more bytes)","args":[{"element-6066-11e4-a52e-4f735466cecf":"63943664-bc26-4aea-a7d0-65b891232668","ELEMENT":"63943664-bc26-4aea-a7d0-65b891232668"}]}
RESULT: {"script":"return (function isElementDisplayed(element) {\n  function nodeIsElement(node) {\n    if (!node) {\n      return false;\n    }\n\n    switch (node.nodeType) {\n      case Node.ELEMENT_NODE:\n      case Node.D ... (4720 more bytes)","args":[{"element-6066-11e4-a52e-4f735466cecf":"63943664-bc26-4aea-a7d0-65b891232668","ELEMENT":"63943664-bc26-4aea-a7d0-65b891232668"}]}
COMMAND: POST /session/1c31c1835270431087ae646b4030405b/element - {"using":"xpath","value":"//*[@id=\"agsjs_dijit__TOCNode_15\"]/div/span/span[2]"}
RESULT: {"using":"xpath","value":"//*[@id=\"agsjs_dijit__TOCNode_15\"]/div/span/span[2]"}
COMMAND: POST /session/1c31c1835270431087ae646b4030405b/execute/sync - {"script":"return (function isElementDisplayed(element) {\n  function nodeIsElement(node) {\n    if (!node) {\n      return false;\n    }\n\n    switch (node.nodeType) {\n      case Node.ELEMENT_NODE:\n      case Node.D ... (4720 more bytes)","args":[{"element-6066-11e4-a52e-4f735466cecf":"c7eabfd1-fb07-4e7f-989b-e2230b8d0e08","ELEMENT":"c7eabfd1-fb07-4e7f-989b-e2230b8d0e08"}]}
RESULT: {"script":"return (function isElementDisplayed(element) {\n  function nodeIsElement(node) {\n    if (!node) {\n      return false;\n    }\n\n    switch (node.nodeType) {\n      case Node.ELEMENT_NODE:\n      case Node.D ... (4720 more bytes)","args":[{"element-6066-11e4-a52e-4f735466cecf":"c7eabfd1-fb07-4e7f-989b-e2230b8d0e08","ELEMENT":"c7eabfd1-fb07-4e7f-989b-e2230b8d0e08"}]}
COMMAND: POST /session/1c31c1835270431087ae646b4030405b/element - {"using":"xpath","value":"//*[@id=\"agsjs_dijit__TOCNode_16\"]/div/span/span[2]"}
RESULT: {"using":"xpath","value":"//*[@id=\"agsjs_dijit__TOCNode_16\"]/div/span/span[2]"}
COMMAND: POST /session/1c31c1835270431087ae646b4030405b/execute/sync - {"script":"return (function isElementDisplayed(element) {\n  function nodeIsElement(node) {\n    if (!node) {\n      return false;\n    }\n\n    switch (node.nodeType) {\n      case Node.ELEMENT_NODE:\n      case Node.D ... (4720 more bytes)","args":[{"element-6066-11e4-a52e-4f735466cecf":"888ea811-abd5-441c-bf99-576b9ad392ad","ELEMENT":"888ea811-abd5-441c-bf99-576b9ad392ad"}]}
RESULT: {"script":"return (function isElementDisplayed(element) {\n  function nodeIsElement(node) {\n    if (!node) {\n      return false;\n    }\n\n    switch (node.nodeType) {\n      case Node.ELEMENT_NODE:\n      case Node.D ... (4720 more bytes)","args":[{"element-6066-11e4-a52e-4f735466cecf":"888ea811-abd5-441c-bf99-576b9ad392ad","ELEMENT":"888ea811-abd5-441c-bf99-576b9ad392ad"}]}
COMMAND: POST /session/1c31c1835270431087ae646b4030405b/element - {"using":"xpath","value":"//*[@id=\"agsjs_dijit__TOCNode_17\"]/div/span/span[2]"}
RESULT: {"using":"xpath","value":"//*[@id=\"agsjs_dijit__TOCNode_17\"]/div/span/span[2]"}
COMMAND: POST /session/1c31c1835270431087ae646b4030405b/execute/sync - {"script":"return (function isElementDisplayed(element) {\n  function nodeIsElement(node) {\n    if (!node) {\n      return false;\n    }\n\n    switch (node.nodeType) {\n      case Node.ELEMENT_NODE:\n      case Node.D ... (4720 more bytes)","args":[{"element-6066-11e4-a52e-4f735466cecf":"a58afc44-d237-46c0-86a2-b9460e9f9ce1","ELEMENT":"a58afc44-d237-46c0-86a2-b9460e9f9ce1"}]}
RESULT: {"script":"return (function isElementDisplayed(element) {\n  function nodeIsElement(node) {\n    if (!node) {\n      return false;\n    }\n\n    switch (node.nodeType) {\n      case Node.ELEMENT_NODE:\n      case Node.D ... (4720 more bytes)","args":[{"element-6066-11e4-a52e-4f735466cecf":"a58afc44-d237-46c0-86a2-b9460e9f9ce1","ELEMENT":"a58afc44-d237-46c0-86a2-b9460e9f9ce1"}]}
COMMAND: POST /session/1c31c1835270431087ae646b4030405b/element - {"using":"xpath","value":"//*[@id=\"agsjs_dijit__TOCNode_18\"]/div/span/span[2]"}
RESULT: {"using":"xpath","value":"//*[@id=\"agsjs_dijit__TOCNode_18\"]/div/span/span[2]"}
COMMAND: POST /session/1c31c1835270431087ae646b4030405b/execute/sync - {"script":"return (function isElementDisplayed(element) {\n  function nodeIsElement(node) {\n    if (!node) {\n      return false;\n    }\n\n    switch (node.nodeType) {\n      case Node.ELEMENT_NODE:\n      case Node.D ... (4720 more bytes)","args":[{"element-6066-11e4-a52e-4f735466cecf":"200c1243-ff5b-4a8a-866e-2d77a21ca486","ELEMENT":"200c1243-ff5b-4a8a-866e-2d77a21ca486"}]}
RESULT: {"script":"return (function isElementDisplayed(element) {\n  function nodeIsElement(node) {\n    if (!node) {\n      return false;\n    }\n\n    switch (node.nodeType) {\n      case Node.ELEMENT_NODE:\n      case Node.D ... (4720 more bytes)","args":[{"element-6066-11e4-a52e-4f735466cecf":"200c1243-ff5b-4a8a-866e-2d77a21ca486","ELEMENT":"200c1243-ff5b-4a8a-866e-2d77a21ca486"}]}
COMMAND: POST /session/1c31c1835270431087ae646b4030405b/element - {"using":"xpath","value":"//*[@id=\"agsjs_dijit__TOCNode_19\"]/div/span/span[2]"}
RESULT: {"using":"xpath","value":"//*[@id=\"agsjs_dijit__TOCNode_19\"]/div/span/span[2]"}
COMMAND: POST /session/1c31c1835270431087ae646b4030405b/execute/sync - {"script":"return (function isElementDisplayed(element) {\n  function nodeIsElement(node) {\n    if (!node) {\n      return false;\n    }\n\n    switch (node.nodeType) {\n      case Node.ELEMENT_NODE:\n      case Node.D ... (4720 more bytes)","args":[{"element-6066-11e4-a52e-4f735466cecf":"23c9e599-1858-428b-9bf4-6ed2804623ec","ELEMENT":"23c9e599-1858-428b-9bf4-6ed2804623ec"}]}
RESULT: {"script":"return (function isElementDisplayed(element) {\n  function nodeIsElement(node) {\n    if (!node) {\n      return false;\n    }\n\n    switch (node.nodeType) {\n      case Node.ELEMENT_NODE:\n      case Node.D ... (4720 more bytes)","args":[{"element-6066-11e4-a52e-4f735466cecf":"23c9e599-1858-428b-9bf4-6ed2804623ec","ELEMENT":"23c9e599-1858-428b-9bf4-6ed2804623ec"}]}
COMMAND: POST /session/1c31c1835270431087ae646b4030405b/element - {"using":"xpath","value":"//*[@id=\"agsjs_dijit__TOCNode_20\"]/div/span/span[2]"}
RESULT: {"using":"xpath","value":"//*[@id=\"agsjs_dijit__TOCNode_20\"]/div/span/span[2]"}
COMMAND: POST /session/1c31c1835270431087ae646b4030405b/execute/sync - {"script":"return (function isElementDisplayed(element) {\n  function nodeIsElement(node) {\n    if (!node) {\n      return false;\n    }\n\n    switch (node.nodeType) {\n      case Node.ELEMENT_NODE:\n      case Node.D ... (4720 more bytes)","args":[{"element-6066-11e4-a52e-4f735466cecf":"faaa842f-36f3-40c0-8421-b7e8ffccddde","ELEMENT":"faaa842f-36f3-40c0-8421-b7e8ffccddde"}]}
RESULT: {"script":"return (function isElementDisplayed(element) {\n  function nodeIsElement(node) {\n    if (!node) {\n      return false;\n    }\n\n    switch (node.nodeType) {\n      case Node.ELEMENT_NODE:\n      case Node.D ... (4720 more bytes)","args":[{"element-6066-11e4-a52e-4f735466cecf":"faaa842f-36f3-40c0-8421-b7e8ffccddde","ELEMENT":"faaa842f-36f3-40c0-8421-b7e8ffccddde"}]}
COMMAND: POST /session/1c31c1835270431087ae646b4030405b/element - {"using":"xpath","value":"//*[@id=\"agsjs_dijit__TOCNode_21\"]/div/span/span[2]"}
RESULT: {"using":"xpath","value":"//*[@id=\"agsjs_dijit__TOCNode_21\"]/div/span/span[2]"}
COMMAND: POST /session/1c31c1835270431087ae646b4030405b/execute/sync - {"script":"return (function isElementDisplayed(element) {\n  function nodeIsElement(node) {\n    if (!node) {\n      return false;\n    }\n\n    switch (node.nodeType) {\n      case Node.ELEMENT_NODE:\n      case Node.D ... (4720 more bytes)","args":[{"element-6066-11e4-a52e-4f735466cecf":"f80df157-29cc-43cf-bc03-da0cca12846c","ELEMENT":"f80df157-29cc-43cf-bc03-da0cca12846c"}]}
RESULT: {"script":"return (function isElementDisplayed(element) {\n  function nodeIsElement(node) {\n    if (!node) {\n      return false;\n    }\n\n    switch (node.nodeType) {\n      case Node.ELEMENT_NODE:\n      case Node.D ... (4720 more bytes)","args":[{"element-6066-11e4-a52e-4f735466cecf":"f80df157-29cc-43cf-bc03-da0cca12846c","ELEMENT":"f80df157-29cc-43cf-bc03-da0cca12846c"}]}
COMMAND: POST /session/1c31c1835270431087ae646b4030405b/element - {"using":"xpath","value":"//*[@id=\"agsjs_dijit__TOCNode_22\"]/div/span/span[2]"}
RESULT: {"using":"xpath","value":"//*[@id=\"agsjs_dijit__TOCNode_22\"]/div/span/span[2]"}
COMMAND: POST /session/1c31c1835270431087ae646b4030405b/execute/sync - {"script":"return (function isElementDisplayed(element) {\n  function nodeIsElement(node) {\n    if (!node) {\n      return false;\n    }\n\n    switch (node.nodeType) {\n      case Node.ELEMENT_NODE:\n      case Node.D ... (4720 more bytes)","args":[{"element-6066-11e4-a52e-4f735466cecf":"3b24715e-0dff-41de-a8d9-bb7c495c6304","ELEMENT":"3b24715e-0dff-41de-a8d9-bb7c495c6304"}]}
RESULT: {"script":"return (function isElementDisplayed(element) {\n  function nodeIsElement(node) {\n    if (!node) {\n      return false;\n    }\n\n    switch (node.nodeType) {\n      case Node.ELEMENT_NODE:\n      case Node.D ... (4720 more bytes)","args":[{"element-6066-11e4-a52e-4f735466cecf":"3b24715e-0dff-41de-a8d9-bb7c495c6304","ELEMENT":"3b24715e-0dff-41de-a8d9-bb7c495c6304"}]}
COMMAND: POST /session/1c31c1835270431087ae646b4030405b/element - {"using":"xpath","value":"//*[@id=\"agsjs_dijit__TOCNode_23\"]/div/span/span[2]"}
RESULT: {"using":"xpath","value":"//*[@id=\"agsjs_dijit__TOCNode_23\"]/div/span/span[2]"}
COMMAND: POST /session/1c31c1835270431087ae646b4030405b/execute/sync - {"script":"return (function isElementDisplayed(element) {\n  function nodeIsElement(node) {\n    if (!node) {\n      return false;\n    }\n\n    switch (node.nodeType) {\n      case Node.ELEMENT_NODE:\n      case Node.D ... (4720 more bytes)","args":[{"element-6066-11e4-a52e-4f735466cecf":"b22e5aa4-d64e-4443-b36d-62e59f5bd901","ELEMENT":"b22e5aa4-d64e-4443-b36d-62e59f5bd901"}]}
RESULT: {"script":"return (function isElementDisplayed(element) {\n  function nodeIsElement(node) {\n    if (!node) {\n      return false;\n    }\n\n    switch (node.nodeType) {\n      case Node.ELEMENT_NODE:\n      case Node.D ... (4720 more bytes)","args":[{"element-6066-11e4-a52e-4f735466cecf":"b22e5aa4-d64e-4443-b36d-62e59f5bd901","ELEMENT":"b22e5aa4-d64e-4443-b36d-62e59f5bd901"}]}
COMMAND: POST /session/1c31c1835270431087ae646b4030405b/element - {"using":"xpath","value":"//*[@id=\"agsjs_dijit__TOCNode_25\"]/div/span/span[2]"}
RESULT: {"using":"xpath","value":"//*[@id=\"agsjs_dijit__TOCNode_25\"]/div/span/span[2]"}
COMMAND: POST /session/1c31c1835270431087ae646b4030405b/execute/sync - {"script":"return (function isElementDisplayed(element) {\n  function nodeIsElement(node) {\n    if (!node) {\n      return false;\n    }\n\n    switch (node.nodeType) {\n      case Node.ELEMENT_NODE:\n      case Node.D ... (4720 more bytes)","args":[{"element-6066-11e4-a52e-4f735466cecf":"802a6f73-cb50-438d-b22e-1f3829801459","ELEMENT":"802a6f73-cb50-438d-b22e-1f3829801459"}]}
RESULT: {"script":"return (function isElementDisplayed(element) {\n  function nodeIsElement(node) {\n    if (!node) {\n      return false;\n    }\n\n    switch (node.nodeType) {\n      case Node.ELEMENT_NODE:\n      case Node.D ... (4720 more bytes)","args":[{"element-6066-11e4-a52e-4f735466cecf":"802a6f73-cb50-438d-b22e-1f3829801459","ELEMENT":"802a6f73-cb50-438d-b22e-1f3829801459"}]}
COMMAND: POST /session/1c31c1835270431087ae646b4030405b/element - {"using":"xpath","value":"//*[@id=\"agsjs_dijit__TOCNode_30\"]/div/span/span[2]"}
RESULT: {"using":"xpath","value":"//*[@id=\"agsjs_dijit__TOCNode_30\"]/div/span/span[2]"}
COMMAND: POST /session/1c31c1835270431087ae646b4030405b/execute/sync - {"script":"return (function isElementDisplayed(element) {\n  function nodeIsElement(node) {\n    if (!node) {\n      return false;\n    }\n\n    switch (node.nodeType) {\n      case Node.ELEMENT_NODE:\n      case Node.D ... (4720 more bytes)","args":[{"element-6066-11e4-a52e-4f735466cecf":"e46ff110-953c-4ec6-8cf1-ab0298b5eb27","ELEMENT":"e46ff110-953c-4ec6-8cf1-ab0298b5eb27"}]}
RESULT: {"script":"return (function isElementDisplayed(element) {\n  function nodeIsElement(node) {\n    if (!node) {\n      return false;\n    }\n\n    switch (node.nodeType) {\n      case Node.ELEMENT_NODE:\n      case Node.D ... (4720 more bytes)","args":[{"element-6066-11e4-a52e-4f735466cecf":"e46ff110-953c-4ec6-8cf1-ab0298b5eb27","ELEMENT":"e46ff110-953c-4ec6-8cf1-ab0298b5eb27"}]}
COMMAND: POST /session/1c31c1835270431087ae646b4030405b/element - {"using":"xpath","value":"//*[@id=\"agsjs_dijit__TOCNode_31\"]/div/span/span[2]"}
RESULT: {"using":"xpath","value":"//*[@id=\"agsjs_dijit__TOCNode_31\"]/div/span/span[2]"}
COMMAND: POST /session/1c31c1835270431087ae646b4030405b/execute/sync - {"script":"return (function isElementDisplayed(element) {\n  function nodeIsElement(node) {\n    if (!node) {\n      return false;\n    }\n\n    switch (node.nodeType) {\n      case Node.ELEMENT_NODE:\n      case Node.D ... (4720 more bytes)","args":[{"element-6066-11e4-a52e-4f735466cecf":"54be8f2c-ca7c-4bc5-a7a3-e665917e98a5","ELEMENT":"54be8f2c-ca7c-4bc5-a7a3-e665917e98a5"}]}
RESULT: {"script":"return (function isElementDisplayed(element) {\n  function nodeIsElement(node) {\n    if (!node) {\n      return false;\n    }\n\n    switch (node.nodeType) {\n      case Node.ELEMENT_NODE:\n      case Node.D ... (4720 more bytes)","args":[{"element-6066-11e4-a52e-4f735466cecf":"54be8f2c-ca7c-4bc5-a7a3-e665917e98a5","ELEMENT":"54be8f2c-ca7c-4bc5-a7a3-e665917e98a5"}]}
COMMAND: POST /session/1c31c1835270431087ae646b4030405b/element - {"using":"xpath","value":"//*[@id=\"agsjs_dijit__TOCNode_32\"]/div/span/span[2]"}
RESULT: {"using":"xpath","value":"//*[@id=\"agsjs_dijit__TOCNode_32\"]/div/span/span[2]"}
COMMAND: POST /session/1c31c1835270431087ae646b4030405b/execute/sync - {"script":"return (function isElementDisplayed(element) {\n  function nodeIsElement(node) {\n    if (!node) {\n      return false;\n    }\n\n    switch (node.nodeType) {\n      case Node.ELEMENT_NODE:\n      case Node.D ... (4720 more bytes)","args":[{"element-6066-11e4-a52e-4f735466cecf":"9dd942bb-2137-4494-9531-e9668da32664","ELEMENT":"9dd942bb-2137-4494-9531-e9668da32664"}]}
RESULT: {"script":"return (function isElementDisplayed(element) {\n  function nodeIsElement(node) {\n    if (!node) {\n      return false;\n    }\n\n    switch (node.nodeType) {\n      case Node.ELEMENT_NODE:\n      case Node.D ... (4720 more bytes)","args":[{"element-6066-11e4-a52e-4f735466cecf":"9dd942bb-2137-4494-9531-e9668da32664","ELEMENT":"9dd942bb-2137-4494-9531-e9668da32664"}]}
COMMAND: POST /session/1c31c1835270431087ae646b4030405b/element - {"using":"xpath","value":"//*[@id=\"agsjs_dijit__TOCNode_33\"]/div/span/span[2]"}
RESULT: {"using":"xpath","value":"//*[@id=\"agsjs_dijit__TOCNode_33\"]/div/span/span[2]"}
COMMAND: POST /session/1c31c1835270431087ae646b4030405b/execute/sync - {"script":"return (function isElementDisplayed(element) {\n  function nodeIsElement(node) {\n    if (!node) {\n      return false;\n    }\n\n    switch (node.nodeType) {\n      case Node.ELEMENT_NODE:\n      case Node.D ... (4720 more bytes)","args":[{"element-6066-11e4-a52e-4f735466cecf":"eace6255-d079-457b-b933-800dbc49bdea","ELEMENT":"eace6255-d079-457b-b933-800dbc49bdea"}]}
RESULT: {"script":"return (function isElementDisplayed(element) {\n  function nodeIsElement(node) {\n    if (!node) {\n      return false;\n    }\n\n    switch (node.nodeType) {\n      case Node.ELEMENT_NODE:\n      case Node.D ... (4720 more bytes)","args":[{"element-6066-11e4-a52e-4f735466cecf":"eace6255-d079-457b-b933-800dbc49bdea","ELEMENT":"eace6255-d079-457b-b933-800dbc49bdea"}]}
COMMAND: POST /session/1c31c1835270431087ae646b4030405b/element - {"using":"xpath","value":"//*[@id=\"agsjs_dijit__TOCNode_34\"]/div/span/span[2]"}
RESULT: {"using":"xpath","value":"//*[@id=\"agsjs_dijit__TOCNode_34\"]/div/span/span[2]"}
COMMAND: POST /session/1c31c1835270431087ae646b4030405b/execute/sync - {"script":"return (function isElementDisplayed(element) {\n  function nodeIsElement(node) {\n    if (!node) {\n      return false;\n    }\n\n    switch (node.nodeType) {\n      case Node.ELEMENT_NODE:\n      case Node.D ... (4720 more bytes)","args":[{"element-6066-11e4-a52e-4f735466cecf":"c53c494d-f816-4ccd-b288-80dc5bbe48b1","ELEMENT":"c53c494d-f816-4ccd-b288-80dc5bbe48b1"}]}
RESULT: {"script":"return (function isElementDisplayed(element) {\n  function nodeIsElement(node) {\n    if (!node) {\n      return false;\n    }\n\n    switch (node.nodeType) {\n      case Node.ELEMENT_NODE:\n      case Node.D ... (4720 more bytes)","args":[{"element-6066-11e4-a52e-4f735466cecf":"c53c494d-f816-4ccd-b288-80dc5bbe48b1","ELEMENT":"c53c494d-f816-4ccd-b288-80dc5bbe48b1"}]}
COMMAND: POST /session/1c31c1835270431087ae646b4030405b/element - {"using":"xpath","value":"//*[@id=\"agsjs_dijit__TOCNode_35\"]/div/span/span[2]"}
RESULT: {"using":"xpath","value":"//*[@id=\"agsjs_dijit__TOCNode_35\"]/div/span/span[2]"}
COMMAND: POST /session/1c31c1835270431087ae646b4030405b/execute/sync - {"script":"return (function isElementDisplayed(element) {\n  function nodeIsElement(node) {\n    if (!node) {\n      return false;\n    }\n\n    switch (node.nodeType) {\n      case Node.ELEMENT_NODE:\n      case Node.D ... (4720 more bytes)","args":[{"element-6066-11e4-a52e-4f735466cecf":"55371c7e-3687-4479-8b58-52f6e0d05953","ELEMENT":"55371c7e-3687-4479-8b58-52f6e0d05953"}]}
RESULT: {"script":"return (function isElementDisplayed(element) {\n  function nodeIsElement(node) {\n    if (!node) {\n      return false;\n    }\n\n    switch (node.nodeType) {\n      case Node.ELEMENT_NODE:\n      case Node.D ... (4720 more bytes)","args":[{"element-6066-11e4-a52e-4f735466cecf":"55371c7e-3687-4479-8b58-52f6e0d05953","ELEMENT":"55371c7e-3687-4479-8b58-52f6e0d05953"}]}
COMMAND: POST /session/1c31c1835270431087ae646b4030405b/element - {"using":"xpath","value":"//*[@id=\"agsjs_dijit__TOCNode_36\"]/div/span/span[2]"}
RESULT: {"using":"xpath","value":"//*[@id=\"agsjs_dijit__TOCNode_36\"]/div/span/span[2]"}
COMMAND: POST /session/1c31c1835270431087ae646b4030405b/execute/sync - {"script":"return (function isElementDisplayed(element) {\n  function nodeIsElement(node) {\n    if (!node) {\n      return false;\n    }\n\n    switch (node.nodeType) {\n      case Node.ELEMENT_NODE:\n      case Node.D ... (4720 more bytes)","args":[{"element-6066-11e4-a52e-4f735466cecf":"d31cc3ee-3efb-40fe-9da3-f49232c899f9","ELEMENT":"d31cc3ee-3efb-40fe-9da3-f49232c899f9"}]}
RESULT: {"script":"return (function isElementDisplayed(element) {\n  function nodeIsElement(node) {\n    if (!node) {\n      return false;\n    }\n\n    switch (node.nodeType) {\n      case Node.ELEMENT_NODE:\n      case Node.D ... (4720 more bytes)","args":[{"element-6066-11e4-a52e-4f735466cecf":"d31cc3ee-3efb-40fe-9da3-f49232c899f9","ELEMENT":"d31cc3ee-3efb-40fe-9da3-f49232c899f9"}]}
COMMAND: POST /session/1c31c1835270431087ae646b4030405b/element - {"using":"xpath","value":"//*[@id=\"agsjs_dijit__TOCNode_37\"]/div/span/span[2]"}
RESULT: {"using":"xpath","value":"//*[@id=\"agsjs_dijit__TOCNode_37\"]/div/span/span[2]"}
COMMAND: POST /session/1c31c1835270431087ae646b4030405b/execute/sync - {"script":"return (function isElementDisplayed(element) {\n  function nodeIsElement(node) {\n    if (!node) {\n      return false;\n    }\n\n    switch (node.nodeType) {\n      case Node.ELEMENT_NODE:\n      case Node.D ... (4720 more bytes)","args":[{"element-6066-11e4-a52e-4f735466cecf":"267fff3d-b6eb-419c-9a8c-0da4b111f484","ELEMENT":"267fff3d-b6eb-419c-9a8c-0da4b111f484"}]}
RESULT: {"script":"return (function isElementDisplayed(element) {\n  function nodeIsElement(node) {\n    if (!node) {\n      return false;\n    }\n\n    switch (node.nodeType) {\n      case Node.ELEMENT_NODE:\n      case Node.D ... (4720 more bytes)","args":[{"element-6066-11e4-a52e-4f735466cecf":"267fff3d-b6eb-419c-9a8c-0da4b111f484","ELEMENT":"267fff3d-b6eb-419c-9a8c-0da4b111f484"}]}
COMMAND: POST /session/1c31c1835270431087ae646b4030405b/element - {"using":"xpath","value":"//*[@id=\"agsjs_dijit__TOCNode_38\"]/div/span/span[2]"}
RESULT: {"using":"xpath","value":"//*[@id=\"agsjs_dijit__TOCNode_38\"]/div/span/span[2]"}
COMMAND: POST /session/1c31c1835270431087ae646b4030405b/execute/sync - {"script":"return (function isElementDisplayed(element) {\n  function nodeIsElement(node) {\n    if (!node) {\n      return false;\n    }\n\n    switch (node.nodeType) {\n      case Node.ELEMENT_NODE:\n      case Node.D ... (4720 more bytes)","args":[{"element-6066-11e4-a52e-4f735466cecf":"b061d280-4a9f-4ccc-935f-f5fc304d47e3","ELEMENT":"b061d280-4a9f-4ccc-935f-f5fc304d47e3"}]}
RESULT: {"script":"return (function isElementDisplayed(element) {\n  function nodeIsElement(node) {\n    if (!node) {\n      return false;\n    }\n\n    switch (node.nodeType) {\n      case Node.ELEMENT_NODE:\n      case Node.D ... (4720 more bytes)","args":[{"element-6066-11e4-a52e-4f735466cecf":"b061d280-4a9f-4ccc-935f-f5fc304d47e3","ELEMENT":"b061d280-4a9f-4ccc-935f-f5fc304d47e3"}]}
COMMAND: POST /session/1c31c1835270431087ae646b4030405b/element - {"using":"xpath","value":"//*[@id=\"agsjs_dijit__TOCNode_39\"]/div/span/span[2]"}
RESULT: {"using":"xpath","value":"//*[@id=\"agsjs_dijit__TOCNode_39\"]/div/span/span[2]"}
COMMAND: POST /session/1c31c1835270431087ae646b4030405b/execute/sync - {"script":"return (function isElementDisplayed(element) {\n  function nodeIsElement(node) {\n    if (!node) {\n      return false;\n    }\n\n    switch (node.nodeType) {\n      case Node.ELEMENT_NODE:\n      case Node.D ... (4720 more bytes)","args":[{"element-6066-11e4-a52e-4f735466cecf":"e2a5427e-5457-4448-9e20-a70219e3ac13","ELEMENT":"e2a5427e-5457-4448-9e20-a70219e3ac13"}]}
RESULT: {"script":"return (function isElementDisplayed(element) {\n  function nodeIsElement(node) {\n    if (!node) {\n      return false;\n    }\n\n    switch (node.nodeType) {\n      case Node.ELEMENT_NODE:\n      case Node.D ... (4720 more bytes)","args":[{"element-6066-11e4-a52e-4f735466cecf":"e2a5427e-5457-4448-9e20-a70219e3ac13","ELEMENT":"e2a5427e-5457-4448-9e20-a70219e3ac13"}]}
COMMAND: POST /session/1c31c1835270431087ae646b4030405b/element - {"using":"xpath","value":"//*[@id=\"agsjs_dijit__TOCNode_40\"]/div/span/span[2]"}
RESULT: {"using":"xpath","value":"//*[@id=\"agsjs_dijit__TOCNode_40\"]/div/span/span[2]"}
COMMAND: POST /session/1c31c1835270431087ae646b4030405b/execute/sync - {"script":"return (function isElementDisplayed(element) {\n  function nodeIsElement(node) {\n    if (!node) {\n      return false;\n    }\n\n    switch (node.nodeType) {\n      case Node.ELEMENT_NODE:\n      case Node.D ... (4720 more bytes)","args":[{"element-6066-11e4-a52e-4f735466cecf":"1d17aa3f-bd41-4f7b-97e3-84cd59bea4af","ELEMENT":"1d17aa3f-bd41-4f7b-97e3-84cd59bea4af"}]}
RESULT: {"script":"return (function isElementDisplayed(element) {\n  function nodeIsElement(node) {\n    if (!node) {\n      return false;\n    }\n\n    switch (node.nodeType) {\n      case Node.ELEMENT_NODE:\n      case Node.D ... (4720 more bytes)","args":[{"element-6066-11e4-a52e-4f735466cecf":"1d17aa3f-bd41-4f7b-97e3-84cd59bea4af","ELEMENT":"1d17aa3f-bd41-4f7b-97e3-84cd59bea4af"}]}
COMMAND: POST /session/1c31c1835270431087ae646b4030405b/element - {"using":"xpath","value":"//*[@id=\"agsjs_dijit__TOCNode_41\"]/div/span/span[2]"}
RESULT: {"using":"xpath","value":"//*[@id=\"agsjs_dijit__TOCNode_41\"]/div/span/span[2]"}
COMMAND: POST /session/1c31c1835270431087ae646b4030405b/execute/sync - {"script":"return (function isElementDisplayed(element) {\n  function nodeIsElement(node) {\n    if (!node) {\n      return false;\n    }\n\n    switch (node.nodeType) {\n      case Node.ELEMENT_NODE:\n      case Node.D ... (4720 more bytes)","args":[{"element-6066-11e4-a52e-4f735466cecf":"a96df9e1-35f5-4d9f-b52f-057699b97944","ELEMENT":"a96df9e1-35f5-4d9f-b52f-057699b97944"}]}
RESULT: {"script":"return (function isElementDisplayed(element) {\n  function nodeIsElement(node) {\n    if (!node) {\n      return false;\n    }\n\n    switch (node.nodeType) {\n      case Node.ELEMENT_NODE:\n      case Node.D ... (4720 more bytes)","args":[{"element-6066-11e4-a52e-4f735466cecf":"a96df9e1-35f5-4d9f-b52f-057699b97944","ELEMENT":"a96df9e1-35f5-4d9f-b52f-057699b97944"}]}
COMMAND: POST /session/1c31c1835270431087ae646b4030405b/element - {"using":"xpath","value":"//*[@id=\"agsjs_dijit__TOCNode_42\"]/div/span/span[2]"}
RESULT: {"using":"xpath","value":"//*[@id=\"agsjs_dijit__TOCNode_42\"]/div/span/span[2]"}
COMMAND: POST /session/1c31c1835270431087ae646b4030405b/execute/sync - {"script":"return (function isElementDisplayed(element) {\n  function nodeIsElement(node) {\n    if (!node) {\n      return false;\n    }\n\n    switch (node.nodeType) {\n      case Node.ELEMENT_NODE:\n      case Node.D ... (4720 more bytes)","args":[{"element-6066-11e4-a52e-4f735466cecf":"00b339d8-7c9f-4bf4-be71-538d56087290","ELEMENT":"00b339d8-7c9f-4bf4-be71-538d56087290"}]}
RESULT: {"script":"return (function isElementDisplayed(element) {\n  function nodeIsElement(node) {\n    if (!node) {\n      return false;\n    }\n\n    switch (node.nodeType) {\n      case Node.ELEMENT_NODE:\n      case Node.D ... (4720 more bytes)","args":[{"element-6066-11e4-a52e-4f735466cecf":"00b339d8-7c9f-4bf4-be71-538d56087290","ELEMENT":"00b339d8-7c9f-4bf4-be71-538d56087290"}]}
COMMAND: POST /session/1c31c1835270431087ae646b4030405b/element - {"using":"xpath","value":"//*[@id=\"agsjs_dijit__TOCNode_43\"]/div/span/span[2]"}
RESULT: {"using":"xpath","value":"//*[@id=\"agsjs_dijit__TOCNode_43\"]/div/span/span[2]"}
COMMAND: POST /session/1c31c1835270431087ae646b4030405b/execute/sync - {"script":"return (function isElementDisplayed(element) {\n  function nodeIsElement(node) {\n    if (!node) {\n      return false;\n    }\n\n    switch (node.nodeType) {\n      case Node.ELEMENT_NODE:\n      case Node.D ... (4720 more bytes)","args":[{"element-6066-11e4-a52e-4f735466cecf":"194b749b-2a02-426b-aa17-ac5d03fed06c","ELEMENT":"194b749b-2a02-426b-aa17-ac5d03fed06c"}]}
RESULT: {"script":"return (function isElementDisplayed(element) {\n  function nodeIsElement(node) {\n    if (!node) {\n      return false;\n    }\n\n    switch (node.nodeType) {\n      case Node.ELEMENT_NODE:\n      case Node.D ... (4720 more bytes)","args":[{"element-6066-11e4-a52e-4f735466cecf":"194b749b-2a02-426b-aa17-ac5d03fed06c","ELEMENT":"194b749b-2a02-426b-aa17-ac5d03fed06c"}]}
COMMAND: POST /session/1c31c1835270431087ae646b4030405b/element - {"using":"xpath","value":"//*[@id=\"agsjs_dijit__TOCNode_44\"]/div/span/span[2]"}
RESULT: {"using":"xpath","value":"//*[@id=\"agsjs_dijit__TOCNode_44\"]/div/span/span[2]"}
COMMAND: POST /session/1c31c1835270431087ae646b4030405b/execute/sync - {"script":"return (function isElementDisplayed(element) {\n  function nodeIsElement(node) {\n    if (!node) {\n      return false;\n    }\n\n    switch (node.nodeType) {\n      case Node.ELEMENT_NODE:\n      case Node.D ... (4720 more bytes)","args":[{"element-6066-11e4-a52e-4f735466cecf":"68859dce-5a55-4906-83ec-62cedacf8c6b","ELEMENT":"68859dce-5a55-4906-83ec-62cedacf8c6b"}]}
RESULT: {"script":"return (function isElementDisplayed(element) {\n  function nodeIsElement(node) {\n    if (!node) {\n      return false;\n    }\n\n    switch (node.nodeType) {\n      case Node.ELEMENT_NODE:\n      case Node.D ... (4720 more bytes)","args":[{"element-6066-11e4-a52e-4f735466cecf":"68859dce-5a55-4906-83ec-62cedacf8c6b","ELEMENT":"68859dce-5a55-4906-83ec-62cedacf8c6b"}]}
COMMAND: POST /session/1c31c1835270431087ae646b4030405b/element - {"using":"xpath","value":"//*[@id=\"agsjs_dijit__TOCNode_45\"]/div/span/span[2]"}
RESULT: {"using":"xpath","value":"//*[@id=\"agsjs_dijit__TOCNode_45\"]/div/span/span[2]"}
COMMAND: POST /session/1c31c1835270431087ae646b4030405b/execute/sync - {"script":"return (function isElementDisplayed(element) {\n  function nodeIsElement(node) {\n    if (!node) {\n      return false;\n    }\n\n    switch (node.nodeType) {\n      case Node.ELEMENT_NODE:\n      case Node.D ... (4720 more bytes)","args":[{"element-6066-11e4-a52e-4f735466cecf":"ff3ca883-ec34-4207-a087-76b738c8c244","ELEMENT":"ff3ca883-ec34-4207-a087-76b738c8c244"}]}
RESULT: {"script":"return (function isElementDisplayed(element) {\n  function nodeIsElement(node) {\n    if (!node) {\n      return false;\n    }\n\n    switch (node.nodeType) {\n      case Node.ELEMENT_NODE:\n      case Node.D ... (4720 more bytes)","args":[{"element-6066-11e4-a52e-4f735466cecf":"ff3ca883-ec34-4207-a087-76b738c8c244","ELEMENT":"ff3ca883-ec34-4207-a087-76b738c8c244"}]}
COMMAND: POST /session/1c31c1835270431087ae646b4030405b/element - {"using":"xpath","value":"//*[@id=\"agsjs_dijit__TOCNode_47\"]/div/span/span[2]"}
RESULT: {"using":"xpath","value":"//*[@id=\"agsjs_dijit__TOCNode_47\"]/div/span/span[2]"}
COMMAND: POST /session/1c31c1835270431087ae646b4030405b/execute/sync - {"script":"return (function isElementDisplayed(element) {\n  function nodeIsElement(node) {\n    if (!node) {\n      return false;\n    }\n\n    switch (node.nodeType) {\n      case Node.ELEMENT_NODE:\n      case Node.D ... (4720 more bytes)","args":[{"element-6066-11e4-a52e-4f735466cecf":"10419c28-e423-4db5-a66d-5954a1b2898b","ELEMENT":"10419c28-e423-4db5-a66d-5954a1b2898b"}]}
RESULT: {"script":"return (function isElementDisplayed(element) {\n  function nodeIsElement(node) {\n    if (!node) {\n      return false;\n    }\n\n    switch (node.nodeType) {\n      case Node.ELEMENT_NODE:\n      case Node.D ... (4720 more bytes)","args":[{"element-6066-11e4-a52e-4f735466cecf":"10419c28-e423-4db5-a66d-5954a1b2898b","ELEMENT":"10419c28-e423-4db5-a66d-5954a1b2898b"}]}
COMMAND: POST /session/1c31c1835270431087ae646b4030405b/element - {"using":"xpath","value":"//*[@id=\"agsjs_dijit__TOCNode_48\"]/div/span/span[2]"}
RESULT: {"using":"xpath","value":"//*[@id=\"agsjs_dijit__TOCNode_48\"]/div/span/span[2]"}
COMMAND: POST /session/1c31c1835270431087ae646b4030405b/execute/sync - {"script":"return (function isElementDisplayed(element) {\n  function nodeIsElement(node) {\n    if (!node) {\n      return false;\n    }\n\n    switch (node.nodeType) {\n      case Node.ELEMENT_NODE:\n      case Node.D ... (4720 more bytes)","args":[{"element-6066-11e4-a52e-4f735466cecf":"f9dc2c88-eab1-47d6-906c-08e4f382e4c5","ELEMENT":"f9dc2c88-eab1-47d6-906c-08e4f382e4c5"}]}
RESULT: {"script":"return (function isElementDisplayed(element) {\n  function nodeIsElement(node) {\n    if (!node) {\n      return false;\n    }\n\n    switch (node.nodeType) {\n      case Node.ELEMENT_NODE:\n      case Node.D ... (4720 more bytes)","args":[{"element-6066-11e4-a52e-4f735466cecf":"f9dc2c88-eab1-47d6-906c-08e4f382e4c5","ELEMENT":"f9dc2c88-eab1-47d6-906c-08e4f382e4c5"}]}
COMMAND: POST /session/1c31c1835270431087ae646b4030405b/element - {"using":"xpath","value":"//*[@id=\"agsjs_dijit__TOCNode_49\"]/div/span/span[2]"}
RESULT: {"using":"xpath","value":"//*[@id=\"agsjs_dijit__TOCNode_49\"]/div/span/span[2]"}
COMMAND: POST /session/1c31c1835270431087ae646b4030405b/execute/sync - {"script":"return (function isElementDisplayed(element) {\n  function nodeIsElement(node) {\n    if (!node) {\n      return false;\n    }\n\n    switch (node.nodeType) {\n      case Node.ELEMENT_NODE:\n      case Node.D ... (4720 more bytes)","args":[{"element-6066-11e4-a52e-4f735466cecf":"c6d21684-362e-4664-86c8-a9db2bfdf910","ELEMENT":"c6d21684-362e-4664-86c8-a9db2bfdf910"}]}
RESULT: {"script":"return (function isElementDisplayed(element) {\n  function nodeIsElement(node) {\n    if (!node) {\n      return false;\n    }\n\n    switch (node.nodeType) {\n      case Node.ELEMENT_NODE:\n      case Node.D ... (4720 more bytes)","args":[{"element-6066-11e4-a52e-4f735466cecf":"c6d21684-362e-4664-86c8-a9db2bfdf910","ELEMENT":"c6d21684-362e-4664-86c8-a9db2bfdf910"}]}
COMMAND: POST /session/1c31c1835270431087ae646b4030405b/element - {"using":"xpath","value":"//*[@id=\"agsjs_dijit__TOCNode_50\"]/div/span/span[2]"}
RESULT: {"using":"xpath","value":"//*[@id=\"agsjs_dijit__TOCNode_50\"]/div/span/span[2]"}
COMMAND: POST /session/1c31c1835270431087ae646b4030405b/execute/sync - {"script":"return (function isElementDisplayed(element) {\n  function nodeIsElement(node) {\n    if (!node) {\n      return false;\n    }\n\n    switch (node.nodeType) {\n      case Node.ELEMENT_NODE:\n      case Node.D ... (4720 more bytes)","args":[{"element-6066-11e4-a52e-4f735466cecf":"6de166d6-e6e0-4f65-9824-47f9410f974e","ELEMENT":"6de166d6-e6e0-4f65-9824-47f9410f974e"}]}
RESULT: {"script":"return (function isElementDisplayed(element) {\n  function nodeIsElement(node) {\n    if (!node) {\n      return false;\n    }\n\n    switch (node.nodeType) {\n      case Node.ELEMENT_NODE:\n      case Node.D ... (4720 more bytes)","args":[{"element-6066-11e4-a52e-4f735466cecf":"6de166d6-e6e0-4f65-9824-47f9410f974e","ELEMENT":"6de166d6-e6e0-4f65-9824-47f9410f974e"}]}
COMMAND: POST /session/1c31c1835270431087ae646b4030405b/element - {"using":"xpath","value":"//*[@id=\"agsjs_dijit__TOCNode_51\"]/div/span/span[2]"}
RESULT: {"using":"xpath","value":"//*[@id=\"agsjs_dijit__TOCNode_51\"]/div/span/span[2]"}
COMMAND: POST /session/1c31c1835270431087ae646b4030405b/execute/sync - {"script":"return (function isElementDisplayed(element) {\n  function nodeIsElement(node) {\n    if (!node) {\n      return false;\n    }\n\n    switch (node.nodeType) {\n      case Node.ELEMENT_NODE:\n      case Node.D ... (4720 more bytes)","args":[{"element-6066-11e4-a52e-4f735466cecf":"ddc9b165-d0e4-4294-8425-faf37142b83d","ELEMENT":"ddc9b165-d0e4-4294-8425-faf37142b83d"}]}
RESULT: {"script":"return (function isElementDisplayed(element) {\n  function nodeIsElement(node) {\n    if (!node) {\n      return false;\n    }\n\n    switch (node.nodeType) {\n      case Node.ELEMENT_NODE:\n      case Node.D ... (4720 more bytes)","args":[{"element-6066-11e4-a52e-4f735466cecf":"ddc9b165-d0e4-4294-8425-faf37142b83d","ELEMENT":"ddc9b165-d0e4-4294-8425-faf37142b83d"}]}
COMMAND: POST /session/1c31c1835270431087ae646b4030405b/element - {"using":"xpath","value":"//*[@id=\"agsjs_dijit__TOCNode_55\"]/div/span/span[2]"}
RESULT: {"using":"xpath","value":"//*[@id=\"agsjs_dijit__TOCNode_55\"]/div/span/span[2]"}
COMMAND: POST /session/1c31c1835270431087ae646b4030405b/execute/sync - {"script":"return (function isElementDisplayed(element) {\n  function nodeIsElement(node) {\n    if (!node) {\n      return false;\n    }\n\n    switch (node.nodeType) {\n      case Node.ELEMENT_NODE:\n      case Node.D ... (4720 more bytes)","args":[{"element-6066-11e4-a52e-4f735466cecf":"c3f537a0-9263-4484-b176-10d2797287a5","ELEMENT":"c3f537a0-9263-4484-b176-10d2797287a5"}]}
RESULT: {"script":"return (function isElementDisplayed(element) {\n  function nodeIsElement(node) {\n    if (!node) {\n      return false;\n    }\n\n    switch (node.nodeType) {\n      case Node.ELEMENT_NODE:\n      case Node.D ... (4720 more bytes)","args":[{"element-6066-11e4-a52e-4f735466cecf":"c3f537a0-9263-4484-b176-10d2797287a5","ELEMENT":"c3f537a0-9263-4484-b176-10d2797287a5"}]}
COMMAND: POST /session/1c31c1835270431087ae646b4030405b/element - {"using":"xpath","value":"//*[@id=\"agsjs_dijit__TOCNode_57\"]/div/span/span[2]"}
RESULT: {"using":"xpath","value":"//*[@id=\"agsjs_dijit__TOCNode_57\"]/div/span/span[2]"}
COMMAND: POST /session/1c31c1835270431087ae646b4030405b/execute/sync - {"script":"return (function isElementDisplayed(element) {\n  function nodeIsElement(node) {\n    if (!node) {\n      return false;\n    }\n\n    switch (node.nodeType) {\n      case Node.ELEMENT_NODE:\n      case Node.D ... (4720 more bytes)","args":[{"element-6066-11e4-a52e-4f735466cecf":"42f2e59b-4c59-43c7-96b6-39213b5cf398","ELEMENT":"42f2e59b-4c59-43c7-96b6-39213b5cf398"}]}
RESULT: {"script":"return (function isElementDisplayed(element) {\n  function nodeIsElement(node) {\n    if (!node) {\n      return false;\n    }\n\n    switch (node.nodeType) {\n      case Node.ELEMENT_NODE:\n      case Node.D ... (4720 more bytes)","args":[{"element-6066-11e4-a52e-4f735466cecf":"42f2e59b-4c59-43c7-96b6-39213b5cf398","ELEMENT":"42f2e59b-4c59-43c7-96b6-39213b5cf398"}]}
COMMAND: POST /session/1c31c1835270431087ae646b4030405b/element - {"using":"xpath","value":"//*[@id=\"agsjs_dijit__TOCNode_58\"]/div/span/span[2]"}
RESULT: {"using":"xpath","value":"//*[@id=\"agsjs_dijit__TOCNode_58\"]/div/span/span[2]"}
COMMAND: POST /session/1c31c1835270431087ae646b4030405b/execute/sync - {"script":"return (function isElementDisplayed(element) {\n  function nodeIsElement(node) {\n    if (!node) {\n      return false;\n    }\n\n    switch (node.nodeType) {\n      case Node.ELEMENT_NODE:\n      case Node.D ... (4720 more bytes)","args":[{"element-6066-11e4-a52e-4f735466cecf":"98776d34-9689-491b-a52d-d5f5e74c2760","ELEMENT":"98776d34-9689-491b-a52d-d5f5e74c2760"}]}
RESULT: {"script":"return (function isElementDisplayed(element) {\n  function nodeIsElement(node) {\n    if (!node) {\n      return false;\n    }\n\n    switch (node.nodeType) {\n      case Node.ELEMENT_NODE:\n      case Node.D ... (4720 more bytes)","args":[{"element-6066-11e4-a52e-4f735466cecf":"98776d34-9689-491b-a52d-d5f5e74c2760","ELEMENT":"98776d34-9689-491b-a52d-d5f5e74c2760"}]}
COMMAND: POST /session/1c31c1835270431087ae646b4030405b/element - {"using":"xpath","value":"//*[@id=\"agsjs_dijit__TOCNode_59\"]/div/span/span[2]"}
RESULT: {"using":"xpath","value":"//*[@id=\"agsjs_dijit__TOCNode_59\"]/div/span/span[2]"}
COMMAND: POST /session/1c31c1835270431087ae646b4030405b/execute/sync - {"script":"return (function isElementDisplayed(element) {\n  function nodeIsElement(node) {\n    if (!node) {\n      return false;\n    }\n\n    switch (node.nodeType) {\n      case Node.ELEMENT_NODE:\n      case Node.D ... (4720 more bytes)","args":[{"element-6066-11e4-a52e-4f735466cecf":"789f55bc-d9a2-4a4d-a52d-2254b4595aca","ELEMENT":"789f55bc-d9a2-4a4d-a52d-2254b4595aca"}]}
RESULT: {"script":"return (function isElementDisplayed(element) {\n  function nodeIsElement(node) {\n    if (!node) {\n      return false;\n    }\n\n    switch (node.nodeType) {\n      case Node.ELEMENT_NODE:\n      case Node.D ... (4720 more bytes)","args":[{"element-6066-11e4-a52e-4f735466cecf":"789f55bc-d9a2-4a4d-a52d-2254b4595aca","ELEMENT":"789f55bc-d9a2-4a4d-a52d-2254b4595aca"}]}
COMMAND: POST /session/1c31c1835270431087ae646b4030405b/element - {"using":"xpath","value":"//*[@id=\"agsjs_dijit__TOCNode_60\"]/div/span/span[2]"}
RESULT: {"using":"xpath","value":"//*[@id=\"agsjs_dijit__TOCNode_60\"]/div/span/span[2]"}
COMMAND: POST /session/1c31c1835270431087ae646b4030405b/execute/sync - {"script":"return (function isElementDisplayed(element) {\n  function nodeIsElement(node) {\n    if (!node) {\n      return false;\n    }\n\n    switch (node.nodeType) {\n      case Node.ELEMENT_NODE:\n      case Node.D ... (4720 more bytes)","args":[{"element-6066-11e4-a52e-4f735466cecf":"3f263c20-b124-4850-82ce-30026686eb91","ELEMENT":"3f263c20-b124-4850-82ce-30026686eb91"}]}
RESULT: {"script":"return (function isElementDisplayed(element) {\n  function nodeIsElement(node) {\n    if (!node) {\n      return false;\n    }\n\n    switch (node.nodeType) {\n      case Node.ELEMENT_NODE:\n      case Node.D ... (4720 more bytes)","args":[{"element-6066-11e4-a52e-4f735466cecf":"3f263c20-b124-4850-82ce-30026686eb91","ELEMENT":"3f263c20-b124-4850-82ce-30026686eb91"}]}
COMMAND: POST /session/1c31c1835270431087ae646b4030405b/element - {"using":"xpath","value":"//*[@id=\"agsjs_dijit__TOCNode_61\"]/div/span/span[2]"}
RESULT: {"using":"xpath","value":"//*[@id=\"agsjs_dijit__TOCNode_61\"]/div/span/span[2]"}
COMMAND: POST /session/1c31c1835270431087ae646b4030405b/execute/sync - {"script":"return (function isElementDisplayed(element) {\n  function nodeIsElement(node) {\n    if (!node) {\n      return false;\n    }\n\n    switch (node.nodeType) {\n      case Node.ELEMENT_NODE:\n      case Node.D ... (4720 more bytes)","args":[{"element-6066-11e4-a52e-4f735466cecf":"c0161ff3-dc0c-4739-855f-12e535010532","ELEMENT":"c0161ff3-dc0c-4739-855f-12e535010532"}]}
RESULT: {"script":"return (function isElementDisplayed(element) {\n  function nodeIsElement(node) {\n    if (!node) {\n      return false;\n    }\n\n    switch (node.nodeType) {\n      case Node.ELEMENT_NODE:\n      case Node.D ... (4720 more bytes)","args":[{"element-6066-11e4-a52e-4f735466cecf":"c0161ff3-dc0c-4739-855f-12e535010532","ELEMENT":"c0161ff3-dc0c-4739-855f-12e535010532"}]}
COMMAND: POST /session/1c31c1835270431087ae646b4030405b/element - {"using":"xpath","value":"//*[@id=\"agsjs_dijit__TOCNode_62\"]/div/span/span[2]"}
RESULT: {"using":"xpath","value":"//*[@id=\"agsjs_dijit__TOCNode_62\"]/div/span/span[2]"}
COMMAND: POST /session/1c31c1835270431087ae646b4030405b/execute/sync - {"script":"return (function isElementDisplayed(element) {\n  function nodeIsElement(node) {\n    if (!node) {\n      return false;\n    }\n\n    switch (node.nodeType) {\n      case Node.ELEMENT_NODE:\n      case Node.D ... (4720 more bytes)","args":[{"element-6066-11e4-a52e-4f735466cecf":"a8bbb4cc-1b73-49c0-89f4-5f72d216333d","ELEMENT":"a8bbb4cc-1b73-49c0-89f4-5f72d216333d"}]}
RESULT: {"script":"return (function isElementDisplayed(element) {\n  function nodeIsElement(node) {\n    if (!node) {\n      return false;\n    }\n\n    switch (node.nodeType) {\n      case Node.ELEMENT_NODE:\n      case Node.D ... (4720 more bytes)","args":[{"element-6066-11e4-a52e-4f735466cecf":"a8bbb4cc-1b73-49c0-89f4-5f72d216333d","ELEMENT":"a8bbb4cc-1b73-49c0-89f4-5f72d216333d"}]}
COMMAND: POST /session/1c31c1835270431087ae646b4030405b/element - {"using":"xpath","value":"//*[@id=\"agsjs_dijit__TOCNode_63\"]/div/span/span[2]"}
RESULT: {"using":"xpath","value":"//*[@id=\"agsjs_dijit__TOCNode_63\"]/div/span/span[2]"}
COMMAND: POST /session/1c31c1835270431087ae646b4030405b/execute/sync - {"script":"return (function isElementDisplayed(element) {\n  function nodeIsElement(node) {\n    if (!node) {\n      return false;\n    }\n\n    switch (node.nodeType) {\n      case Node.ELEMENT_NODE:\n      case Node.D ... (4720 more bytes)","args":[{"element-6066-11e4-a52e-4f735466cecf":"61a1e563-8e66-4704-bcd8-f7415237a7fb","ELEMENT":"61a1e563-8e66-4704-bcd8-f7415237a7fb"}]}
RESULT: {"script":"return (function isElementDisplayed(element) {\n  function nodeIsElement(node) {\n    if (!node) {\n      return false;\n    }\n\n    switch (node.nodeType) {\n      case Node.ELEMENT_NODE:\n      case Node.D ... (4720 more bytes)","args":[{"element-6066-11e4-a52e-4f735466cecf":"61a1e563-8e66-4704-bcd8-f7415237a7fb","ELEMENT":"61a1e563-8e66-4704-bcd8-f7415237a7fb"}]}
COMMAND: POST /session/1c31c1835270431087ae646b4030405b/element - {"using":"xpath","value":"//*[@id=\"agsjs_dijit__TOCNode_64\"]/div/span/span[2]"}
RESULT: {"using":"xpath","value":"//*[@id=\"agsjs_dijit__TOCNode_64\"]/div/span/span[2]"}
COMMAND: POST /session/1c31c1835270431087ae646b4030405b/execute/sync - {"script":"return (function isElementDisplayed(element) {\n  function nodeIsElement(node) {\n    if (!node) {\n      return false;\n    }\n\n    switch (node.nodeType) {\n      case Node.ELEMENT_NODE:\n      case Node.D ... (4720 more bytes)","args":[{"element-6066-11e4-a52e-4f735466cecf":"d7cfd0e7-61c7-4acc-9478-a868738d6b3a","ELEMENT":"d7cfd0e7-61c7-4acc-9478-a868738d6b3a"}]}
RESULT: {"script":"return (function isElementDisplayed(element) {\n  function nodeIsElement(node) {\n    if (!node) {\n      return false;\n    }\n\n    switch (node.nodeType) {\n      case Node.ELEMENT_NODE:\n      case Node.D ... (4720 more bytes)","args":[{"element-6066-11e4-a52e-4f735466cecf":"d7cfd0e7-61c7-4acc-9478-a868738d6b3a","ELEMENT":"d7cfd0e7-61c7-4acc-9478-a868738d6b3a"}]}
COMMAND: POST /session/1c31c1835270431087ae646b4030405b/element - {"using":"xpath","value":"//*[@id=\"agsjs_dijit__TOCNode_65\"]/div/span/span[2]"}
RESULT: {"using":"xpath","value":"//*[@id=\"agsjs_dijit__TOCNode_65\"]/div/span/span[2]"}
COMMAND: POST /session/1c31c1835270431087ae646b4030405b/execute/sync - {"script":"return (function isElementDisplayed(element) {\n  function nodeIsElement(node) {\n    if (!node) {\n      return false;\n    }\n\n    switch (node.nodeType) {\n      case Node.ELEMENT_NODE:\n      case Node.D ... (4720 more bytes)","args":[{"element-6066-11e4-a52e-4f735466cecf":"2cb8215b-274d-4783-abdf-346f325a85cb","ELEMENT":"2cb8215b-274d-4783-abdf-346f325a85cb"}]}
RESULT: {"script":"return (function isElementDisplayed(element) {\n  function nodeIsElement(node) {\n    if (!node) {\n      return false;\n    }\n\n    switch (node.nodeType) {\n      case Node.ELEMENT_NODE:\n      case Node.D ... (4720 more bytes)","args":[{"element-6066-11e4-a52e-4f735466cecf":"2cb8215b-274d-4783-abdf-346f325a85cb","ELEMENT":"2cb8215b-274d-4783-abdf-346f325a85cb"}]}
COMMAND: POST /session/1c31c1835270431087ae646b4030405b/element - {"using":"xpath","value":"//*[@id=\"agsjs_dijit__TOCNode_66\"]/div/span/span[2]"}
RESULT: {"using":"xpath","value":"//*[@id=\"agsjs_dijit__TOCNode_66\"]/div/span/span[2]"}
COMMAND: POST /session/1c31c1835270431087ae646b4030405b/execute/sync - {"script":"return (function isElementDisplayed(element) {\n  function nodeIsElement(node) {\n    if (!node) {\n      return false;\n    }\n\n    switch (node.nodeType) {\n      case Node.ELEMENT_NODE:\n      case Node.D ... (4720 more bytes)","args":[{"element-6066-11e4-a52e-4f735466cecf":"475d3655-a1cc-4865-89bd-bacc835b84a6","ELEMENT":"475d3655-a1cc-4865-89bd-bacc835b84a6"}]}
RESULT: {"script":"return (function isElementDisplayed(element) {\n  function nodeIsElement(node) {\n    if (!node) {\n      return false;\n    }\n\n    switch (node.nodeType) {\n      case Node.ELEMENT_NODE:\n      case Node.D ... (4720 more bytes)","args":[{"element-6066-11e4-a52e-4f735466cecf":"475d3655-a1cc-4865-89bd-bacc835b84a6","ELEMENT":"475d3655-a1cc-4865-89bd-bacc835b84a6"}]}
COMMAND: POST /session/1c31c1835270431087ae646b4030405b/element - {"using":"xpath","value":"//*[@id=\"agsjs_dijit__TOCNode_67\"]/div/span/span[2]"}
RESULT: {"using":"xpath","value":"//*[@id=\"agsjs_dijit__TOCNode_67\"]/div/span/span[2]"}
COMMAND: POST /session/1c31c1835270431087ae646b4030405b/execute/sync - {"script":"return (function isElementDisplayed(element) {\n  function nodeIsElement(node) {\n    if (!node) {\n      return false;\n    }\n\n    switch (node.nodeType) {\n      case Node.ELEMENT_NODE:\n      case Node.D ... (4720 more bytes)","args":[{"element-6066-11e4-a52e-4f735466cecf":"baa98156-534d-4f15-b98c-b69f4cec623d","ELEMENT":"baa98156-534d-4f15-b98c-b69f4cec623d"}]}
RESULT: {"script":"return (function isElementDisplayed(element) {\n  function nodeIsElement(node) {\n    if (!node) {\n      return false;\n    }\n\n    switch (node.nodeType) {\n      case Node.ELEMENT_NODE:\n      case Node.D ... (4720 more bytes)","args":[{"element-6066-11e4-a52e-4f735466cecf":"baa98156-534d-4f15-b98c-b69f4cec623d","ELEMENT":"baa98156-534d-4f15-b98c-b69f4cec623d"}]}
COMMAND: POST /session/1c31c1835270431087ae646b4030405b/element - {"using":"xpath","value":"//*[@id=\"agsjs_dijit__TOCNode_68\"]/div/span/span[2]"}
RESULT: {"using":"xpath","value":"//*[@id=\"agsjs_dijit__TOCNode_68\"]/div/span/span[2]"}
COMMAND: POST /session/1c31c1835270431087ae646b4030405b/execute/sync - {"script":"return (function isElementDisplayed(element) {\n  function nodeIsElement(node) {\n    if (!node) {\n      return false;\n    }\n\n    switch (node.nodeType) {\n      case Node.ELEMENT_NODE:\n      case Node.D ... (4720 more bytes)","args":[{"element-6066-11e4-a52e-4f735466cecf":"11778ce2-5125-4187-965f-8b9f1bb8e50b","ELEMENT":"11778ce2-5125-4187-965f-8b9f1bb8e50b"}]}
RESULT: {"script":"return (function isElementDisplayed(element) {\n  function nodeIsElement(node) {\n    if (!node) {\n      return false;\n    }\n\n    switch (node.nodeType) {\n      case Node.ELEMENT_NODE:\n      case Node.D ... (4720 more bytes)","args":[{"element-6066-11e4-a52e-4f735466cecf":"11778ce2-5125-4187-965f-8b9f1bb8e50b","ELEMENT":"11778ce2-5125-4187-965f-8b9f1bb8e50b"}]}
COMMAND: POST /session/1c31c1835270431087ae646b4030405b/element - {"using":"xpath","value":"//*[@id=\"agsjs_dijit__TOCNode_69\"]/div/span/span[2]"}
RESULT: {"using":"xpath","value":"//*[@id=\"agsjs_dijit__TOCNode_69\"]/div/span/span[2]"}
COMMAND: POST /session/1c31c1835270431087ae646b4030405b/execute/sync - {"script":"return (function isElementDisplayed(element) {\n  function nodeIsElement(node) {\n    if (!node) {\n      return false;\n    }\n\n    switch (node.nodeType) {\n      case Node.ELEMENT_NODE:\n      case Node.D ... (4720 more bytes)","args":[{"element-6066-11e4-a52e-4f735466cecf":"c9ad5b78-ea2e-44be-a728-1f4bc9349498","ELEMENT":"c9ad5b78-ea2e-44be-a728-1f4bc9349498"}]}
RESULT: {"script":"return (function isElementDisplayed(element) {\n  function nodeIsElement(node) {\n    if (!node) {\n      return false;\n    }\n\n    switch (node.nodeType) {\n      case Node.ELEMENT_NODE:\n      case Node.D ... (4720 more bytes)","args":[{"element-6066-11e4-a52e-4f735466cecf":"c9ad5b78-ea2e-44be-a728-1f4bc9349498","ELEMENT":"c9ad5b78-ea2e-44be-a728-1f4bc9349498"}]}
COMMAND: POST /session/1c31c1835270431087ae646b4030405b/element - {"using":"xpath","value":"//*[@id=\"agsjs_dijit__TOCNode_72\"]/div/span/span[2]"}
RESULT: {"using":"xpath","value":"//*[@id=\"agsjs_dijit__TOCNode_72\"]/div/span/span[2]"}
COMMAND: POST /session/1c31c1835270431087ae646b4030405b/execute/sync - {"script":"return (function isElementDisplayed(element) {\n  function nodeIsElement(node) {\n    if (!node) {\n      return false;\n    }\n\n    switch (node.nodeType) {\n      case Node.ELEMENT_NODE:\n      case Node.D ... (4720 more bytes)","args":[{"element-6066-11e4-a52e-4f735466cecf":"92d322ff-d5df-4bec-a13c-ea754daf4261","ELEMENT":"92d322ff-d5df-4bec-a13c-ea754daf4261"}]}
RESULT: {"script":"return (function isElementDisplayed(element) {\n  function nodeIsElement(node) {\n    if (!node) {\n      return false;\n    }\n\n    switch (node.nodeType) {\n      case Node.ELEMENT_NODE:\n      case Node.D ... (4720 more bytes)","args":[{"element-6066-11e4-a52e-4f735466cecf":"92d322ff-d5df-4bec-a13c-ea754daf4261","ELEMENT":"92d322ff-d5df-4bec-a13c-ea754daf4261"}]}
COMMAND: POST /session/1c31c1835270431087ae646b4030405b/element - {"using":"xpath","value":"//*[@id=\"agsjs_dijit__TOCNode_73\"]/div/span/span[2]"}
RESULT: {"using":"xpath","value":"//*[@id=\"agsjs_dijit__TOCNode_73\"]/div/span/span[2]"}
COMMAND: POST /session/1c31c1835270431087ae646b4030405b/execute/sync - {"script":"return (function isElementDisplayed(element) {\n  function nodeIsElement(node) {\n    if (!node) {\n      return false;\n    }\n\n    switch (node.nodeType) {\n      case Node.ELEMENT_NODE:\n      case Node.D ... (4720 more bytes)","args":[{"element-6066-11e4-a52e-4f735466cecf":"79fedba2-1518-46cc-874b-a80a071529ed","ELEMENT":"79fedba2-1518-46cc-874b-a80a071529ed"}]}
RESULT: {"script":"return (function isElementDisplayed(element) {\n  function nodeIsElement(node) {\n    if (!node) {\n      return false;\n    }\n\n    switch (node.nodeType) {\n      case Node.ELEMENT_NODE:\n      case Node.D ... (4720 more bytes)","args":[{"element-6066-11e4-a52e-4f735466cecf":"79fedba2-1518-46cc-874b-a80a071529ed","ELEMENT":"79fedba2-1518-46cc-874b-a80a071529ed"}]}
COMMAND: POST /session/1c31c1835270431087ae646b4030405b/element - {"using":"xpath","value":"//*[@id=\"agsjs_dijit__TOCNode_74\"]/div/span/span[2]"}
RESULT: {"using":"xpath","value":"//*[@id=\"agsjs_dijit__TOCNode_74\"]/div/span/span[2]"}
COMMAND: POST /session/1c31c1835270431087ae646b4030405b/execute/sync - {"script":"return (function isElementDisplayed(element) {\n  function nodeIsElement(node) {\n    if (!node) {\n      return false;\n    }\n\n    switch (node.nodeType) {\n      case Node.ELEMENT_NODE:\n      case Node.D ... (4720 more bytes)","args":[{"element-6066-11e4-a52e-4f735466cecf":"8ef52bac-0c11-4235-b1e6-786ce2f0eb82","ELEMENT":"8ef52bac-0c11-4235-b1e6-786ce2f0eb82"}]}
[...]
COMMAND: POST /session/77e957ac67a4a6b019727129584419f9/elements - {"using":"xpath","value":"//*[@id=\"kendoSearchGrid\"]/div[4]/table/tbody/tr"}
RESULT: {"using":"xpath","value":"//*[@id=\"kendoSearchGrid\"]/div[4]/table/tbody/tr"}
COMMAND: POST /session/77e957ac67a4a6b019727129584419f9/elements - {"using":"xpath","value":"//*[@id=\"kendoSearchGrid\"]/div[4]/table/tbody/tr"}
RESULT: {"using":"xpath","value":"//*[@id=\"kendoSearchGrid\"]/div[4]/table/tbody/tr"}
COMMAND: POST /session/77e957ac67a4a6b019727129584419f9/elements - {"using":"xpath","value":"//*[@id=\"kendoSearchGrid\"]/div[4]/table/tbody/tr"}
RESULT: {"using":"xpath","value":"//*[@id=\"kendoSearchGrid\"]/div[4]/table/tbody/tr"}
COMMAND: POST /session/77e957ac67a4a6b019727129584419f9/elements - {"using":"xpath","value":"//*[@id=\"kendoSearchGrid\"]/div[4]/table/tbody/tr"}
RESULT: {"using":"xpath","value":"//*[@id=\"kendoSearchGrid\"]/div[4]/table/tbody/tr"}
COMMAND: POST /session/77e957ac67a4a6b019727129584419f9/elements - {"using":"xpath","value":"//*[@id=\"kendoSearchGrid\"]/div[4]/table/tbody/tr"}
RESULT: {"using":"xpath","value":"//*[@id=\"kendoSearchGrid\"]/div[4]/table/tbody/tr"}
COMMAND: POST /session/77e957ac67a4a6b019727129584419f9/elements - {"using":"xpath","value":"//*[@id=\"kendoSearchGrid\"]/div[4]/table/tbody/tr"}
RESULT: {"using":"xpath","value":"//*[@id=\"kendoSearchGrid\"]/div[4]/table/tbody/tr"}
COMMAND: POST /session/77e957ac67a4a6b019727129584419f9/elements - {"using":"xpath","value":"//*[@id=\"kendoSearchGrid\"]/div[4]/table/tbody/tr"}
RESULT: {"using":"xpath","value":"//*[@id=\"kendoSearchGrid\"]/div[4]/table/tbody/tr"}
COMMAND: POST /session/77e957ac67a4a6b019727129584419f9/elements - {"using":"xpath","value":"//*[@id=\"kendoSearchGrid\"]/div[4]/table/tbody/tr"}
RESULT: {"using":"xpath","value":"//*[@id=\"kendoSearchGrid\"]/div[4]/table/tbody/tr"}
COMMAND: POST /session/77e957ac67a4a6b019727129584419f9/elements - {"using":"xpath","value":"//*[@id=\"kendoSearchGrid\"]/div[4]/table/tbody/tr"}
RESULT: {"using":"xpath","value":"//*[@id=\"kendoSearchGrid\"]/div[4]/table/tbody/tr"}
COMMAND: POST /session/77e957ac67a4a6b019727129584419f9/elements - {"using":"xpath","value":"//*[@id=\"kendoSearchGrid\"]/div[4]/table/tbody/tr"}
RESULT: {"using":"xpath","value":"//*[@id=\"kendoSearchGrid\"]/div[4]/table/tbody/tr"}
COMMAND: POST /session/77e957ac67a4a6b019727129584419f9/elements - {"using":"xpath","value":"//*[@id=\"kendoSearchGrid\"]/div[4]/table/tbody/tr"}
RESULT: {"using":"xpath","value":"//*[@id=\"kendoSearchGrid\"]/div[4]/table/tbody/tr"}
COMMAND: POST /session/77e957ac67a4a6b019727129584419f9/elements - {"using":"xpath","value":"//*[@id=\"kendoSearchGrid\"]/div[4]/table/tbody/tr"}
RESULT: {"using":"xpath","value":"//*[@id=\"kendoSearchGrid\"]/div[4]/table/tbody/tr"}
COMMAND: POST /session/77e957ac67a4a6b019727129584419f9/elements - {"using":"xpath","value":"//*[@id=\"kendoSearchGrid\"]/div[4]/table/tbody/tr"}
RESULT: {"using":"xpath","value":"//*[@id=\"kendoSearchGrid\"]/div[4]/table/tbody/tr"}
COMMAND: POST /session/77e957ac67a4a6b019727129584419f9/elements - {"using":"xpath","value":"//*[@id=\"kendoSearchGrid\"]/div[4]/table/tbody/tr"}
RESULT: {"using":"xpath","value":"//*[@id=\"kendoSearchGrid\"]/div[4]/table/tbody/tr"}
COMMAND: POST /session/77e957ac67a4a6b019727129584419f9/elements - {"using":"xpath","value":"//*[@id=\"kendoSearchGrid\"]/div[4]/table/tbody/tr"}
RESULT: {"using":"xpath","value":"//*[@id=\"kendoSearchGrid\"]/div[4]/table/tbody/tr"}
COMMAND: POST /session/77e957ac67a4a6b019727129584419f9/elements - {"using":"xpath","value":"//*[@id=\"kendoSearchGrid\"]/div[4]/table/tbody/tr"}
RESULT: {"using":"xpath","value":"//*[@id=\"kendoSearchGrid\"]/div[4]/table/tbody/tr"}
COMMAND: POST /session/77e957ac67a4a6b019727129584419f9/elements - {"using":"xpath","value":"//*[@id=\"kendoSearchGrid\"]/div[4]/table/tbody/tr"}
RESULT: {"using":"xpath","value":"//*[@id=\"kendoSearchGrid\"]/div[4]/table/tbody/tr"}
COMMAND: POST /session/77e957ac67a4a6b019727129584419f9/elements - {"using":"xpath","value":"//*[@id=\"kendoSearchGrid\"]/div[4]/table/tbody/tr"}
RESULT: {"using":"xpath","value":"//*[@id=\"kendoSearchGrid\"]/div[4]/table/tbody/tr"}
COMMAND: POST /session/77e957ac67a4a6b019727129584419f9/elements - {"using":"xpath","value":"//*[@id=\"kendoSearchGrid\"]/div[4]/table/tbody/tr"}
RESULT: {"using":"xpath","value":"//*[@id=\"kendoSearchGrid\"]/div[4]/table/tbody/tr"}
COMMAND: POST /session/77e957ac67a4a6b019727129584419f9/elements - {"using":"xpath","value":"//*[@id=\"kendoSearchGrid\"]/div[4]/table/tbody/tr"}
RESULT: {"using":"xpath","value":"//*[@id=\"kendoSearchGrid\"]/div[4]/table/tbody/tr"}
COMMAND: POST /session/77e957ac67a4a6b019727129584419f9/elements - {"using":"xpath","value":"//*[@id=\"kendoSearchGrid\"]/div[4]/table/tbody/tr"}
RESULT: {"using":"xpath","value":"//*[@id=\"kendoSearchGrid\"]/div[4]/table/tbody/tr"}
COMMAND: POST /session/77e957ac67a4a6b019727129584419f9/elements - {"using":"xpath","value":"//*[@id=\"kendoSearchGrid\"]/div[4]/table/tbody/tr"}
RESULT: {"using":"xpath","value":"//*[@id=\"kendoSearchGrid\"]/div[4]/table/tbody/tr"}
COMMAND: POST /session/77e957ac67a4a6b019727129584419f9/elements - {"using":"xpath","value":"//*[@id=\"kendoSearchGrid\"]/div[4]/table/tbody/tr"}
RESULT: {"using":"xpath","value":"//*[@id=\"kendoSearchGrid\"]/div[4]/table/tbody/tr"}
COMMAND: POST /session/77e957ac67a4a6b019727129584419f9/elements - {"using":"xpath","value":"//*[@id=\"kendoSearchGrid\"]/div[4]/table/tbody/tr"}
RESULT: {"using":"xpath","value":"//*[@id=\"kendoSearchGrid\"]/div[4]/table/tbody/tr"}
COMMAND: POST /session/77e957ac67a4a6b019727129584419f9/elements - {"using":"xpath","value":"//*[@id=\"kendoSearchGrid\"]/div[4]/table/tbody/tr"}
RESULT: {"using":"xpath","value":"//*[@id=\"kendoSearchGrid\"]/div[4]/table/tbody/tr"}
COMMAND: POST /session/77e957ac67a4a6b019727129584419f9/elements - {"using":"xpath","value":"//*[@id=\"kendoSearchGrid\"]/div[4]/table/tbody/tr"}
RESULT: {"using":"xpath","value":"//*[@id=\"kendoSearchGrid\"]/div[4]/table/tbody/tr"}
COMMAND: POST /session/77e957ac67a4a6b019727129584419f9/elements - {"using":"xpath","value":"//*[@id=\"kendoSearchGrid\"]/div[4]/table/tbody/tr"}
RESULT: {"using":"xpath","value":"//*[@id=\"kendoSearchGrid\"]/div[4]/table/tbody/tr"}
COMMAND: POST /session/77e957ac67a4a6b019727129584419f9/elements - {"using":"xpath","value":"//*[@id=\"kendoSearchGrid\"]/div[4]/table/tbody/tr"}
RESULT: {"using":"xpath","value":"//*[@id=\"kendoSearchGrid\"]/div[4]/table/tbody/tr"}
COMMAND: POST /session/77e957ac67a4a6b019727129584419f9/elements - {"using":"xpath","value":"//*[@id=\"kendoSearchGrid\"]/div[4]/table/tbody/tr"}
RESULT: {"using":"xpath","value":"//*[@id=\"kendoSearchGrid\"]/div[4]/table/tbody/tr"}
COMMAND: POST /session/77e957ac67a4a6b019727129584419f9/elements - {"using":"xpath","value":"//*[@id=\"kendoSearchGrid\"]/div[4]/table/tbody/tr"}
RESULT: {"using":"xpath","value":"//*[@id=\"kendoSearchGrid\"]/div[4]/table/tbody/tr"}
COMMAND: POST /session/77e957ac67a4a6b019727129584419f9/elements - {"using":"xpath","value":"//*[@id=\"kendoSearchGrid\"]/div[4]/table/tbody/tr"}
RESULT: {"using":"xpath","value":"//*[@id=\"kendoSearchGrid\"]/div[4]/table/tbody/tr"}
COMMAND: POST /session/77e957ac67a4a6b019727129584419f9/elements - {"using":"xpath","value":"//*[@id=\"kendoSearchGrid\"]/div[4]/table/tbody/tr"}
RESULT: {"using":"xpath","value":"//*[@id=\"kendoSearchGrid\"]/div[4]/table/tbody/tr"}
COMMAND: POST /session/77e957ac67a4a6b019727129584419f9/elements - {"using":"xpath","value":"//*[@id=\"kendoSearchGrid\"]/div[4]/table/tbody/tr"}
RESULT: {"using":"xpath","value":"//*[@id=\"kendoSearchGrid\"]/div[4]/table/tbody/tr"}
COMMAND: POST /session/77e957ac67a4a6b019727129584419f9/elements - {"using":"xpath","value":"//*[@id=\"kendoSearchGrid\"]/div[4]/table/tbody/tr"}
RESULT: {"using":"xpath","value":"//*[@id=\"kendoSearchGrid\"]/div[4]/table/tbody/tr"}
COMMAND: POST /session/77e957ac67a4a6b019727129584419f9/elements - {"using":"xpath","value":"//*[@id=\"kendoSearchGrid\"]/div[4]/table/tbody/tr"}
RESULT: {"using":"xpath","value":"//*[@id=\"kendoSearchGrid\"]/div[4]/table/tbody/tr"}
COMMAND: POST /session/77e957ac67a4a6b019727129584419f9/elements - {"using":"xpath","value":"//*[@id=\"kendoSearchGrid\"]/div[4]/table/tbody/tr"}
RESULT: {"using":"xpath","value":"//*[@id=\"kendoSearchGrid\"]/div[4]/table/tbody/tr"}
COMMAND: POST /session/77e957ac67a4a6b019727129584419f9/elements - {"using":"xpath","value":"//*[@id=\"kendoSearchGrid\"]/div[4]/table/tbody/tr"}
RESULT: {"using":"xpath","value":"//*[@id=\"kendoSearchGrid\"]/div[4]/table/tbody/tr"}
COMMAND: POST /session/77e957ac67a4a6b019727129584419f9/elements - {"using":"xpath","value":"//*[@id=\"kendoSearchGrid\"]/div[4]/table/tbody/tr"}
RESULT: {"using":"xpath","value":"//*[@id=\"kendoSearchGrid\"]/div[4]/table/tbody/tr"}
COMMAND: POST /session/77e957ac67a4a6b019727129584419f9/elements - {"using":"xpath","value":"//*[@id=\"kendoSearchGrid\"]/div[4]/table/tbody/tr"}
RESULT: {"using":"xpath","value":"//*[@id=\"kendoSearchGrid\"]/div[4]/table/tbody/tr"}
COMMAND: POST /session/77e957ac67a4a6b019727129584419f9/elements - {"using":"xpath","value":"//*[@id=\"kendoSearchGrid\"]/div[4]/table/tbody/tr"}
RESULT: {"using":"xpath","value":"//*[@id=\"kendoSearchGrid\"]/div[4]/table/tbody/tr"}
COMMAND: POST /session/77e957ac67a4a6b019727129584419f9/elements - {"using":"xpath","value":"//*[@id=\"kendoSearchGrid\"]/div[4]/table/tbody/tr"}
RESULT: {"using":"xpath","value":"//*[@id=\"kendoSearchGrid\"]/div[4]/table/tbody/tr"}
COMMAND: POST /session/77e957ac67a4a6b019727129584419f9/elements - {"using":"xpath","value":"//*[@id=\"kendoSearchGrid\"]/div[4]/table/tbody/tr"}
RESULT: {"using":"xpath","value":"//*[@id=\"kendoSearchGrid\"]/div[4]/table/tbody/tr"}
COMMAND: POST /session/77e957ac67a4a6b019727129584419f9/elements - {"using":"xpath","value":"//*[@id=\"kendoSearchGrid\"]/div[4]/table/tbody/tr"}
RESULT: {"using":"xpath","value":"//*[@id=\"kendoSearchGrid\"]/div[4]/table/tbody/tr"}
COMMAND: POST /session/77e957ac67a4a6b019727129584419f9/elements - {"using":"xpath","value":"//*[@id=\"kendoSearchGrid\"]/div[4]/table/tbody/tr"}
RESULT: {"using":"xpath","value":"//*[@id=\"kendoSearchGrid\"]/div[4]/table/tbody/tr"}
COMMAND: POST /session/77e957ac67a4a6b019727129584419f9/elements - {"using":"xpath","value":"//*[@id=\"kendoSearchGrid\"]/div[4]/table/tbody/tr"}
RESULT: {"using":"xpath","value":"//*[@id=\"kendoSearchGrid\"]/div[4]/table/tbody/tr"}
COMMAND: POST /session/77e957ac67a4a6b019727129584419f9/elements - {"using":"xpath","value":"//*[@id=\"kendoSearchGrid\"]/div[4]/table/tbody/tr"}
RESULT: {"using":"xpath","value":"//*[@id=\"kendoSearchGrid\"]/div[4]/table/tbody/tr"}
COMMAND: POST /session/77e957ac67a4a6b019727129584419f9/elements - {"using":"xpath","value":"//*[@id=\"kendoSearchGrid\"]/div[4]/table/tbody/tr"}
RESULT: {"using":"xpath","value":"//*[@id=\"kendoSearchGrid\"]/div[4]/table/tbody/tr"}
COMMAND: POST /session/77e957ac67a4a6b019727129584419f9/elements - {"using":"xpath","value":"//*[@id=\"kendoSearchGrid\"]/div[4]/table/tbody/tr"}
RESULT: {"using":"xpath","value":"//*[@id=\"kendoSearchGrid\"]/div[4]/table/tbody/tr"}
COMMAND: POST /session/77e957ac67a4a6b019727129584419f9/elements - {"using":"xpath","value":"//*[@id=\"kendoSearchGrid\"]/div[4]/table/tbody/tr"}
RESULT: {"using":"xpath","value":"//*[@id=\"kendoSearchGrid\"]/div[4]/table/tbody/tr"}
COMMAND: POST /session/77e957ac67a4a6b019727129584419f9/elements - {"using":"xpath","value":"//*[@id=\"kendoSearchGrid\"]/div[4]/table/tbody/tr"}
RESULT: {"using":"xpath","value":"//*[@id=\"kendoSearchGrid\"]/div[4]/table/tbody/tr"}
COMMAND: POST /session/77e957ac67a4a6b019727129584419f9/elements - {"using":"xpath","value":"//*[@id=\"kendoSearchGrid\"]/div[4]/table/tbody/tr"}
RESULT: {"using":"xpath","value":"//*[@id=\"kendoSearchGrid\"]/div[4]/table/tbody/tr"}
COMMAND: POST /session/77e957ac67a4a6b019727129584419f9/elements - {"using":"xpath","value":"//*[@id=\"kendoSearchGrid\"]/div[4]/table/tbody/tr"}
RESULT: {"using":"xpath","value":"//*[@id=\"kendoSearchGrid\"]/div[4]/table/tbody/tr"}
COMMAND: POST /session/77e957ac67a4a6b019727129584419f9/elements - {"using":"xpath","value":"//*[@id=\"kendoSearchGrid\"]/div[4]/table/tbody/tr"}
RESULT: {"using":"xpath","value":"//*[@id=\"kendoSearchGrid\"]/div[4]/table/tbody/tr"}
COMMAND: POST /session/77e957ac67a4a6b019727129584419f9/elements - {"using":"xpath","value":"//*[@id=\"kendoSearchGrid\"]/div[4]/table/tbody/tr"}
RESULT: {"using":"xpath","value":"//*[@id=\"kendoSearchGrid\"]/div[4]/table/tbody/tr"}
COMMAND: POST /session/77e957ac67a4a6b019727129584419f9/elements - {"using":"xpath","value":"//*[@id=\"kendoSearchGrid\"]/div[4]/table/tbody/tr"}
RESULT: {"using":"xpath","value":"//*[@id=\"kendoSearchGrid\"]/div[4]/table/tbody/tr"}
COMMAND: POST /session/77e957ac67a4a6b019727129584419f9/elements - {"using":"xpath","value":"//*[@id=\"kendoSearchGrid\"]/div[4]/table/tbody/tr"}
RESULT: {"using":"xpath","value":"//*[@id=\"kendoSearchGrid\"]/div[4]/table/tbody/tr"}
COMMAND: POST /session/77e957ac67a4a6b019727129584419f9/elements - {"using":"xpath","value":"//*[@id=\"kendoSearchGrid\"]/div[4]/table/tbody/tr"}
RESULT: {"using":"xpath","value":"//*[@id=\"kendoSearchGrid\"]/div[4]/table/tbody/tr"}
COMMAND: POST /session/77e957ac67a4a6b019727129584419f9/elements - {"using":"xpath","value":"//*[@id=\"kendoSearchGrid\"]/div[4]/table/tbody/tr"}
RESULT: {"using":"xpath","value":"//*[@id=\"kendoSearchGrid\"]/div[4]/table/tbody/tr"}
COMMAND: POST /session/77e957ac67a4a6b019727129584419f9/elements - {"using":"xpath","value":"//*[@id=\"kendoSearchGrid\"]/div[4]/table/tbody/tr"}
RESULT: {"using":"xpath","value":"//*[@id=\"kendoSearchGrid\"]/div[4]/table/tbody/tr"}
COMMAND: POST /session/77e957ac67a4a6b019727129584419f9/elements - {"using":"xpath","value":"//*[@id=\"kendoSearchGrid\"]/div[4]/table/tbody/tr"}
RESULT: {"using":"xpath","value":"//*[@id=\"kendoSearchGrid\"]/div[4]/table/tbody/tr"}
COMMAND: POST /session/77e957ac67a4a6b019727129584419f9/elements - {"using":"xpath","value":"//*[@id=\"kendoSearchGrid\"]/div[4]/table/tbody/tr"}
RESULT: {"using":"xpath","value":"//*[@id=\"kendoSearchGrid\"]/div[4]/table/tbody/tr"}
COMMAND: POST /session/77e957ac67a4a6b019727129584419f9/elements - {"using":"xpath","value":"//*[@id=\"kendoSearchGrid\"]/div[4]/table/tbody/tr"}
RESULT: {"using":"xpath","value":"//*[@id=\"kendoSearchGrid\"]/div[4]/table/tbody/tr"}
COMMAND: POST /session/77e957ac67a4a6b019727129584419f9/elements - {"using":"xpath","value":"//*[@id=\"kendoSearchGrid\"]/div[4]/table/tbody/tr"}
RESULT: {"using":"xpath","value":"//*[@id=\"kendoSearchGrid\"]/div[4]/table/tbody/tr"}
COMMAND: POST /session/77e957ac67a4a6b019727129584419f9/elements - {"using":"xpath","value":"//*[@id=\"kendoSearchGrid\"]/div[4]/table/tbody/tr"}
RESULT: {"using":"xpath","value":"//*[@id=\"kendoSearchGrid\"]/div[4]/table/tbody/tr"}
COMMAND: POST /session/77e957ac67a4a6b019727129584419f9/elements - {"using":"xpath","value":"//*[@id=\"kendoSearchGrid\"]/div[4]/table/tbody/tr"}
RESULT: {"using":"xpath","value":"//*[@id=\"kendoSearchGrid\"]/div[4]/table/tbody/tr"}
COMMAND: POST /session/77e957ac67a4a6b019727129584419f9/elements - {"using":"xpath","value":"//*[@id=\"kendoSearchGrid\"]/div[4]/table/tbody/tr"}
RESULT: {"using":"xpath","value":"//*[@id=\"kendoSearchGrid\"]/div[4]/table/tbody/tr"}
COMMAND: POST /session/77e957ac67a4a6b019727129584419f9/elements - {"using":"xpath","value":"//*[@id=\"kendoSearchGrid\"]/div[4]/table/tbody/tr"}
RESULT: {"using":"xpath","value":"//*[@id=\"kendoSearchGrid\"]/div[4]/table/tbody/tr"}
COMMAND: POST /session/77e957ac67a4a6b019727129584419f9/elements - {"using":"xpath","value":"//*[@id=\"kendoSearchGrid\"]/div[4]/table/tbody/tr"}
RESULT: {"using":"xpath","value":"//*[@id=\"kendoSearchGrid\"]/div[4]/table/tbody/tr"}
COMMAND: POST /session/77e957ac67a4a6b019727129584419f9/elements - {"using":"xpath","value":"//*[@id=\"kendoSearchGrid\"]/div[4]/table/tbody/tr"}
RESULT: {"using":"xpath","value":"//*[@id=\"kendoSearchGrid\"]/div[4]/table/tbody/tr"}
COMMAND: POST /session/77e957ac67a4a6b019727129584419f9/elements - {"using":"xpath","value":"//*[@id=\"kendoSearchGrid\"]/div[4]/table/tbody/tr"}
RESULT: {"using":"xpath","value":"//*[@id=\"kendoSearchGrid\"]/div[4]/table/tbody/tr"}
COMMAND: POST /session/77e957ac67a4a6b019727129584419f9/elements - {"using":"xpath","value":"//*[@id=\"kendoSearchGrid\"]/div[4]/table/tbody/tr"}
RESULT: {"using":"xpath","value":"//*[@id=\"kendoSearchGrid\"]/div[4]/table/tbody/tr"}
COMMAND: POST /session/77e957ac67a4a6b019727129584419f9/elements - {"using":"xpath","value":"//*[@id=\"kendoSearchGrid\"]/div[4]/table/tbody/tr"}
RESULT: {"using":"xpath","value":"//*[@id=\"kendoSearchGrid\"]/div[4]/table/tbody/tr"}
COMMAND: POST /session/77e957ac67a4a6b019727129584419f9/elements - {"using":"xpath","value":"//*[@id=\"kendoSearchGrid\"]/div[4]/table/tbody/tr"}
RESULT: {"using":"xpath","value":"//*[@id=\"kendoSearchGrid\"]/div[4]/table/tbody/tr"}
COMMAND: POST /session/77e957ac67a4a6b019727129584419f9/elements - {"using":"xpath","value":"//*[@id=\"kendoSearchGrid\"]/div[4]/table/tbody/tr"}
RESULT: {"using":"xpath","value":"//*[@id=\"kendoSearchGrid\"]/div[4]/table/tbody/tr"}
COMMAND: POST /session/77e957ac67a4a6b019727129584419f9/elements - {"using":"xpath","value":"//*[@id=\"kendoSearchGrid\"]/div[4]/table/tbody/tr"}
RESULT: {"using":"xpath","value":"//*[@id=\"kendoSearchGrid\"]/div[4]/table/tbody/tr"}
COMMAND: POST /session/77e957ac67a4a6b019727129584419f9/elements - {"using":"xpath","value":"//*[@id=\"kendoSearchGrid\"]/div[4]/table/tbody/tr"}
RESULT: {"using":"xpath","value":"//*[@id=\"kendoSearchGrid\"]/div[4]/table/tbody/tr"}
COMMAND: POST /session/77e957ac67a4a6b019727129584419f9/elements - {"using":"xpath","value":"//*[@id=\"kendoSearchGrid\"]/div[4]/table/tbody/tr"}
RESULT: {"using":"xpath","value":"//*[@id=\"kendoSearchGrid\"]/div[4]/table/tbody/tr"}
COMMAND: POST /session/77e957ac67a4a6b019727129584419f9/elements - {"using":"xpath","value":"//*[@id=\"kendoSearchGrid\"]/div[4]/table/tbody/tr"}
RESULT: {"using":"xpath","value":"//*[@id=\"kendoSearchGrid\"]/div[4]/table/tbody/tr"}
COMMAND: POST /session/77e957ac67a4a6b019727129584419f9/elements - {"using":"xpath","value":"//*[@id=\"kendoSearchGrid\"]/div[4]/table/tbody/tr"}
RESULT: {"using":"xpath","value":"//*[@id=\"kendoSearchGrid\"]/div[4]/table/tbody/tr"}
COMMAND: POST /session/77e957ac67a4a6b019727129584419f9/elements - {"using":"xpath","value":"//*[@id=\"kendoSearchGrid\"]/div[4]/table/tbody/tr"}
RESULT: {"using":"xpath","value":"//*[@id=\"kendoSearchGrid\"]/div[4]/table/tbody/tr"}
COMMAND: POST /session/77e957ac67a4a6b019727129584419f9/elements - {"using":"xpath","value":"//*[@id=\"kendoSearchGrid\"]/div[4]/table/tbody/tr"}
RESULT: {"using":"xpath","value":"//*[@id=\"kendoSearchGrid\"]/div[4]/table/tbody/tr"}
COMMAND: DELETE /session/77e957ac67a4a6b019727129584419f9 - {}
COMMAND: POST /session/77e957ac67a4a6b019727129584419f9/elements - {"using":"xpath","value":"//*[@id=\"kendoSearchGrid\"]/div[4]/table/tbody/tr"}
RESULT: {}]]>
      
    </system-out>
    
    <system-err>
      
      <![CDATA[Error: Timeout of 300000ms exceeded. The execution in the test "Verifying Google StreetView Should verify Google streetview" took too long. Try to reduce the run time or increase your timeout for test specs (https://webdriver.io/docs/timeouts.html). (C:\Users\Alok's\Documents\WebDriverIO\test\streetView.test.js)
    at Test.Runnable._timeoutError (C:\Users\Alok's\Documents\WebDriverIO\node_modules\@wdio\mocha-framework\node_modules\mocha\lib\runnable.js:425:10)
    at Timeout.<anonymous> (C:\Users\Alok's\Documents\WebDriverIO\node_modules\@wdio\mocha-framework\node_modules\mocha\lib\runnable.js:237:24)
    at listOnTimeout (internal/timers.js:549:17)
    at processTimers (internal/timers.js:492:7)]]>
      
    </system-err>
    
  </testcase>
  
</testsuite>

</testsuites>